<?xml version="1.0" encoding="UTF-8"?>
<testsuite xmlns:xsi="http://www.w3.org/2001/XMLSchema-instance" xsi:noNamespaceSchemaLocation="https://maven.apache.org/surefire/maven-surefire-plugin/xsd/surefire-test-report-3.0.xsd" version="3.0" name="com.example.salessrv.controller.SaleControllerTest" time="4.166" tests="1" errors="0" skipped="0" failures="0">
  <properties>
[...]
</properties>
  <testcase name="getAllTest" classname="com.example.salessrv.controller.SaleControllerTest" time="0.674">
    <system-out><![CDATA[2024-05-03T23:02:16.928-04:00 DEBUG 68711 --- [salessrv] [           main] o.s.t.c.support.AbstractContextLoader    : Could not detect default resource locations for test class [com.example.salessrv.controller.SaleControllerTest]: no resource found for suffixes {-context.xml, Context.groovy}.
2024-05-03T23:02:16.939-04:00 DEBUG 68711 --- [salessrv] [           main] .b.t.a.w.s.WebMvcTestContextBootstrapper : Using ContextCustomizerFactory implementations for test class [SaleControllerTest]: [ImportsContextCustomizerFactory, ExcludeFilterContextCustomizerFactory, HttpGraphQlTesterContextCustomizerFactory, DuplicateJsonObjectContextCustomizerFactory, MockitoContextCustomizerFactory, TestRestTemplateContextCustomizerFactory, WebTestClientContextCustomizerFactory, OverrideAutoConfigurationContextCustomizerFactory, ObservabilityContextCustomizerFactory, TypeExcludeFiltersContextCustomizerFactory, PropertyMappingContextCustomizerFactory, WebDriverContextCustomizerFactory, MockServerContainerContextCustomizerFactory, DynamicPropertiesContextCustomizerFactory]
2024-05-03T23:02:17.004-04:00 DEBUG 68711 --- [salessrv] [           main] .b.t.a.w.s.WebMvcTestContextBootstrapper : Using ContextCustomizers for test class [SaleControllerTest]: [ImportsContextCustomizer, ExcludeFilterContextCustomizer, DuplicateJsonObjectContextCustomizer, MockitoContextCustomizer, DisableAutoConfigurationContextCustomizer, DisableObservabilityContextCustomizer, TypeExcludeFiltersContextCustomizer, PropertyMappingContextCustomizer, WebDriverContextCustomizer]
2024-05-03T23:02:17.011-04:00 DEBUG 68711 --- [salessrv] [           main] .s.t.c.u.TestContextSpringFactoriesUtils : Skipping candidate TestExecutionListener [org.springframework.test.context.observation.MicrometerObservationRegistryTestExecutionListener] due to a missing dependency. Specify custom TestExecutionListener classes or make the default TestExecutionListener classes and their required dependencies available. Offending class: io.micrometer.context.ThreadLocalAccessor. MicrometerObservationRegistryTestExecutionListener requires io.micrometer:micrometer-observation:1.10.8 or higher and io.micrometer:context-propagation:1.0.3 or higher.
2024-05-03T23:02:17.013-04:00 DEBUG 68711 --- [salessrv] [           main] .b.t.a.w.s.WebMvcTestContextBootstrapper : Using TestExecutionListeners for test class [SaleControllerTest]: [ServletTestExecutionListener, DirtiesContextBeforeModesTestExecutionListener, ApplicationEventsTestExecutionListener, MockitoTestExecutionListener, DependencyInjectionTestExecutionListener, DirtiesContextTestExecutionListener, TransactionalTestExecutionListener, SqlScriptsTestExecutionListener, EventPublishingTestExecutionListener, ResetMocksTestExecutionListener, RestDocsTestExecutionListener, MockRestServiceServerResetTestExecutionListener, MockMvcPrintOnlyOnFailureTestExecutionListener, WebDriverTestExecutionListener, MockWebServiceServerTestExecutionListener]
2024-05-03T23:02:17.014-04:00 DEBUG 68711 --- [salessrv] [           main] sContextBeforeModesTestExecutionListener : Before test class: class [SaleControllerTest], class annotated with @DirtiesContext [false] with mode [null]
2024-05-03T23:02:17.031-04:00  INFO 68711 --- [salessrv] [           main] o.s.b.d.r.RestartApplicationListener     : Restart disabled due to context in which it is running

  .   ____          _            __ _ _
 /\\ / ___'_ __ _ _(_)_ __  __ _ \ \ \ \
( ( )\___ | '_ | '_| | '_ \/ _` | \ \ \ \
 \\/  ___)| |_)| | | | | || (_| |  ) ) ) )
  '  |____| .__|_| |_|_| |_\__, | / / / /
 =========|_|==============|___/=/_/_/_/
 :: Spring Boot ::                (v3.2.5)

2024-05-03T23:02:17.231-04:00  INFO 68711 --- [salessrv] [           main] c.e.s.controller.SaleControllerTest      : Starting SaleControllerTest using Java 17.0.10 with PID 68711 (started by romero-developments in /home/romero-developments/Documentos/Ingeniería en desarrollo de software/DESARROLLO FULLSTACK I/Semana 9/salessrv)
2024-05-03T23:02:17.232-04:00  INFO 68711 --- [salessrv] [           main] c.e.s.controller.SaleControllerTest      : No active profile set, falling back to 1 default profile: "default"
2024-05-03T23:02:17.232-04:00 DEBUG 68711 --- [salessrv] [           main] o.s.boot.SpringApplication               : Loading source class com.example.salessrv.SalessrvApplication
2024-05-03T23:02:17.239-04:00 DEBUG 68711 --- [salessrv] [           main] o.s.w.c.s.GenericWebApplicationContext   : Refreshing org.springframework.web.context.support.GenericWebApplicationContext@4d79651d
2024-05-03T23:02:17.244-04:00 DEBUG 68711 --- [salessrv] [           main] o.s.b.f.s.DefaultListableBeanFactory     : Creating shared instance of singleton bean 'org.springframework.context.annotation.internalConfigurationAnnotationProcessor'
2024-05-03T23:02:17.244-04:00 DEBUG 68711 --- [salessrv] [           main] o.s.b.f.s.DefaultListableBeanFactory     : Creating shared instance of singleton bean 'org.springframework.boot.autoconfigure.internalCachingMetadataReaderFactory'
2024-05-03T23:02:17.325-04:00 DEBUG 68711 --- [salessrv] [           main] o.s.c.a.ClassPathBeanDefinitionScanner   : Identified candidate component class: file [/home/romero-developments/Documentos/Ingeniería en desarrollo de software/DESARROLLO FULLSTACK I/Semana 9/salessrv/target/classes/com/example/salessrv/controller/SaleController.class]
2024-05-03T23:02:17.331-04:00 DEBUG 68711 --- [salessrv] [           main] o.s.c.a.ClassPathBeanDefinitionScanner   : Identified candidate component class: file [/home/romero-developments/Documentos/Ingeniería en desarrollo de software/DESARROLLO FULLSTACK I/Semana 9/salessrv/target/classes/com/example/salessrv/exception/GlobalExceptionHandler.class]
2024-05-03T23:02:17.717-04:00 DEBUG 68711 --- [salessrv] [           main] o.s.b.f.s.DefaultListableBeanFactory     : Creating shared instance of singleton bean 'org.springframework.boot.test.context.ImportsContextCustomizer$ImportsCleanupPostProcessor'
2024-05-03T23:02:17.724-04:00 DEBUG 68711 --- [salessrv] [           main] o.s.b.f.s.DefaultListableBeanFactory     : Creating shared instance of singleton bean 'org.springframework.boot.test.mock.mockito.MockitoPostProcessor'
2024-05-03T23:02:18.052-04:00 DEBUG 68711 --- [salessrv] [           main] o.s.b.f.s.DefaultListableBeanFactory     : Creating shared instance of singleton bean 'org.springframework.context.event.internalEventListenerProcessor'
2024-05-03T23:02:18.054-04:00 DEBUG 68711 --- [salessrv] [           main] o.s.b.f.s.DefaultListableBeanFactory     : Creating shared instance of singleton bean 'preserveErrorControllerTargetClassPostProcessor'
2024-05-03T23:02:18.072-04:00 DEBUG 68711 --- [salessrv] [           main] o.s.b.f.s.DefaultListableBeanFactory     : Creating shared instance of singleton bean 'org.springframework.context.event.internalEventListenerFactory'
2024-05-03T23:02:18.121-04:00 DEBUG 68711 --- [salessrv] [           main] o.s.b.f.s.DefaultListableBeanFactory     : Creating shared instance of singleton bean 'org.springframework.context.annotation.internalAutowiredAnnotationProcessor'
2024-05-03T23:02:18.133-04:00 DEBUG 68711 --- [salessrv] [           main] o.s.b.f.s.DefaultListableBeanFactory     : Creating shared instance of singleton bean 'org.springframework.context.annotation.internalCommonAnnotationProcessor'
2024-05-03T23:02:18.135-04:00 DEBUG 68711 --- [salessrv] [           main] o.s.b.f.s.DefaultListableBeanFactory     : Creating shared instance of singleton bean 'org.springframework.context.annotation.internalPersistenceAnnotationProcessor'
2024-05-03T23:02:18.136-04:00 DEBUG 68711 --- [salessrv] [           main] o.s.b.f.s.DefaultListableBeanFactory     : Creating shared instance of singleton bean 'org.springframework.boot.test.mock.mockito.MockitoPostProcessor$SpyPostProcessor'
2024-05-03T23:02:18.137-04:00 DEBUG 68711 --- [salessrv] [           main] o.s.b.f.s.DefaultListableBeanFactory     : Creating shared instance of singleton bean 'org.springframework.boot.context.properties.ConfigurationPropertiesBindingPostProcessor'
2024-05-03T23:02:18.137-04:00 DEBUG 68711 --- [salessrv] [           main] o.s.b.f.s.DefaultListableBeanFactory     : Creating shared instance of singleton bean 'org.springframework.boot.context.internalConfigurationPropertiesBinder'
2024-05-03T23:02:18.156-04:00 DEBUG 68711 --- [salessrv] [           main] o.s.b.f.s.DefaultListableBeanFactory     : Creating shared instance of singleton bean 'projectingArgumentResolverBeanPostProcessor'
2024-05-03T23:02:18.179-04:00 DEBUG 68711 --- [salessrv] [           main] o.s.b.f.s.DefaultListableBeanFactory     : Creating shared instance of singleton bean 'hypermediaRepresentionModelProcessorConfigurator'
2024-05-03T23:02:18.181-04:00 DEBUG 68711 --- [salessrv] [           main] o.s.b.f.s.DefaultListableBeanFactory     : Creating shared instance of singleton bean 'hypermediaRestTemplateBeanPostProcessor'
2024-05-03T23:02:18.192-04:00 DEBUG 68711 --- [salessrv] [           main] o.s.u.c.s.UiApplicationContextUtils      : Unable to locate ThemeSource with name 'themeSource': using default [org.springframework.ui.context.support.ResourceBundleThemeSource@2ae92511]
2024-05-03T23:02:18.205-04:00 DEBUG 68711 --- [salessrv] [           main] o.s.b.f.s.DefaultListableBeanFactory     : Creating shared instance of singleton bean 'salessrvApplication'
2024-05-03T23:02:18.218-04:00 DEBUG 68711 --- [salessrv] [           main] o.s.b.f.s.DefaultListableBeanFactory     : Creating shared instance of singleton bean 'saleController'
2024-05-03T23:02:18.295-04:00 DEBUG 68711 --- [salessrv] [           main] o.s.b.f.s.DefaultListableBeanFactory     : Creating shared instance of singleton bean 'globalExceptionHandler'
2024-05-03T23:02:18.301-04:00 DEBUG 68711 --- [salessrv] [           main] o.s.b.f.s.DefaultListableBeanFactory     : Creating shared instance of singleton bean 'org.springframework.boot.autoconfigure.AutoConfigurationPackages'
2024-05-03T23:02:18.335-04:00 DEBUG 68711 --- [salessrv] [           main] o.s.b.f.s.DefaultListableBeanFactory     : Creating shared instance of singleton bean 'org.springframework.boot.autoconfigure.task.TaskExecutorConfigurations$ThreadPoolTaskExecutorBuilderConfiguration'
2024-05-03T23:02:18.336-04:00 DEBUG 68711 --- [salessrv] [           main] o.s.b.f.s.DefaultListableBeanFactory     : Creating shared instance of singleton bean 'threadPoolTaskExecutorBuilder'
2024-05-03T23:02:18.348-04:00 DEBUG 68711 --- [salessrv] [           main] o.s.b.f.s.DefaultListableBeanFactory     : Creating shared instance of singleton bean 'spring.task.execution-org.springframework.boot.autoconfigure.task.TaskExecutionProperties'
2024-05-03T23:02:18.349-04:00 DEBUG 68711 --- [salessrv] [           main] o.s.b.f.s.DefaultListableBeanFactory     : Creating shared instance of singleton bean 'org.springframework.boot.context.properties.BoundConfigurationProperties'
2024-05-03T23:02:18.444-04:00 DEBUG 68711 --- [salessrv] [           main] o.s.b.f.s.DefaultListableBeanFactory     : Autowiring by type from bean name 'threadPoolTaskExecutorBuilder' via factory method to bean named 'spring.task.execution-org.springframework.boot.autoconfigure.task.TaskExecutionProperties'
2024-05-03T23:02:18.485-04:00 DEBUG 68711 --- [salessrv] [           main] o.s.b.f.s.DefaultListableBeanFactory     : Creating shared instance of singleton bean 'org.springframework.boot.autoconfigure.task.TaskExecutorConfigurations$TaskExecutorBuilderConfiguration'
2024-05-03T23:02:18.498-04:00 DEBUG 68711 --- [salessrv] [           main] o.s.b.f.s.DefaultListableBeanFactory     : Creating shared instance of singleton bean 'taskExecutorBuilder'
2024-05-03T23:02:18.498-04:00 DEBUG 68711 --- [salessrv] [           main] o.s.b.f.s.DefaultListableBeanFactory     : Autowiring by type from bean name 'taskExecutorBuilder' via factory method to bean named 'spring.task.execution-org.springframework.boot.autoconfigure.task.TaskExecutionProperties'
2024-05-03T23:02:18.502-04:00 DEBUG 68711 --- [salessrv] [           main] o.s.b.f.s.DefaultListableBeanFactory     : Creating shared instance of singleton bean 'org.springframework.boot.autoconfigure.task.TaskExecutorConfigurations$SimpleAsyncTaskExecutorBuilderConfiguration'
2024-05-03T23:02:18.504-04:00 DEBUG 68711 --- [salessrv] [           main] o.s.b.f.s.DefaultListableBeanFactory     : Autowiring by type from bean name 'org.springframework.boot.autoconfigure.task.TaskExecutorConfigurations$SimpleAsyncTaskExecutorBuilderConfiguration' via constructor to bean named 'spring.task.execution-org.springframework.boot.autoconfigure.task.TaskExecutionProperties'
2024-05-03T23:02:18.538-04:00 DEBUG 68711 --- [salessrv] [           main] o.s.b.f.s.DefaultListableBeanFactory     : Creating shared instance of singleton bean 'simpleAsyncTaskExecutorBuilder'
2024-05-03T23:02:18.541-04:00 DEBUG 68711 --- [salessrv] [           main] o.s.b.f.s.DefaultListableBeanFactory     : Creating shared instance of singleton bean 'org.springframework.boot.autoconfigure.task.TaskExecutorConfigurations$TaskExecutorConfiguration'
2024-05-03T23:02:18.542-04:00 DEBUG 68711 --- [salessrv] [           main] o.s.b.f.s.DefaultListableBeanFactory     : Creating shared instance of singleton bean 'org.springframework.boot.autoconfigure.task.TaskExecutionAutoConfiguration'
2024-05-03T23:02:18.543-04:00 DEBUG 68711 --- [salessrv] [           main] o.s.b.f.s.DefaultListableBeanFactory     : Creating shared instance of singleton bean 'org.springframework.boot.context.properties.EnableConfigurationPropertiesRegistrar.methodValidationExcludeFilter'
2024-05-03T23:02:18.565-04:00 DEBUG 68711 --- [salessrv] [           main] o.s.b.f.s.DefaultListableBeanFactory     : Creating shared instance of singleton bean 'org.springframework.boot.autoconfigure.web.servlet.error.ErrorMvcAutoConfiguration$WhitelabelErrorViewConfiguration'
2024-05-03T23:02:18.567-04:00 DEBUG 68711 --- [salessrv] [           main] o.s.b.f.s.DefaultListableBeanFactory     : Creating shared instance of singleton bean 'error'
2024-05-03T23:02:18.568-04:00 DEBUG 68711 --- [salessrv] [           main] o.s.b.f.s.DefaultListableBeanFactory     : Creating shared instance of singleton bean 'beanNameViewResolver'
2024-05-03T23:02:18.583-04:00 DEBUG 68711 --- [salessrv] [           main] o.s.b.f.s.DefaultListableBeanFactory     : Creating shared instance of singleton bean 'org.springframework.boot.autoconfigure.web.servlet.error.ErrorMvcAutoConfiguration$DefaultErrorViewResolverConfiguration'
2024-05-03T23:02:18.591-04:00 DEBUG 68711 --- [salessrv] [           main] o.s.b.f.s.DefaultListableBeanFactory     : Creating shared instance of singleton bean 'spring.web-org.springframework.boot.autoconfigure.web.WebProperties'
2024-05-03T23:02:18.637-04:00 DEBUG 68711 --- [salessrv] [           main] o.s.b.f.s.DefaultListableBeanFactory     : Autowiring by type from bean name 'org.springframework.boot.autoconfigure.web.servlet.error.ErrorMvcAutoConfiguration$DefaultErrorViewResolverConfiguration' via constructor to bean named 'org.springframework.web.context.support.GenericWebApplicationContext@4d79651d'
2024-05-03T23:02:18.637-04:00 DEBUG 68711 --- [salessrv] [           main] o.s.b.f.s.DefaultListableBeanFactory     : Autowiring by type from bean name 'org.springframework.boot.autoconfigure.web.servlet.error.ErrorMvcAutoConfiguration$DefaultErrorViewResolverConfiguration' via constructor to bean named 'spring.web-org.springframework.boot.autoconfigure.web.WebProperties'
2024-05-03T23:02:18.643-04:00 DEBUG 68711 --- [salessrv] [           main] o.s.b.f.s.DefaultListableBeanFactory     : Creating shared instance of singleton bean 'spring.mvc-org.springframework.boot.autoconfigure.web.servlet.WebMvcProperties'
2024-05-03T23:02:18.706-04:00 DEBUG 68711 --- [salessrv] [           main] o.s.b.f.s.DefaultListableBeanFactory     : Creating shared instance of singleton bean 'org.springframework.boot.autoconfigure.web.servlet.error.ErrorMvcAutoConfiguration'
2024-05-03T23:02:18.709-04:00 DEBUG 68711 --- [salessrv] [           main] o.s.b.f.s.DefaultListableBeanFactory     : Creating shared instance of singleton bean 'server-org.springframework.boot.autoconfigure.web.ServerProperties'
2024-05-03T23:02:18.751-04:00 DEBUG 68711 --- [salessrv] [           main] o.s.b.f.s.DefaultListableBeanFactory     : Autowiring by type from bean name 'org.springframework.boot.autoconfigure.web.servlet.error.ErrorMvcAutoConfiguration' via constructor to bean named 'server-org.springframework.boot.autoconfigure.web.ServerProperties'
2024-05-03T23:02:18.751-04:00 DEBUG 68711 --- [salessrv] [           main] o.s.b.f.s.DefaultListableBeanFactory     : Creating shared instance of singleton bean 'errorAttributes'
2024-05-03T23:02:18.757-04:00 DEBUG 68711 --- [salessrv] [           main] o.s.b.f.s.DefaultListableBeanFactory     : Creating shared instance of singleton bean 'basicErrorController'
2024-05-03T23:02:18.759-04:00 DEBUG 68711 --- [salessrv] [           main] o.s.b.f.s.DefaultListableBeanFactory     : Autowiring by type from bean name 'basicErrorController' via factory method to bean named 'errorAttributes'
2024-05-03T23:02:18.769-04:00 DEBUG 68711 --- [salessrv] [           main] o.s.b.f.s.DefaultListableBeanFactory     : Creating shared instance of singleton bean 'errorPageCustomizer'
2024-05-03T23:02:18.772-04:00 DEBUG 68711 --- [salessrv] [           main] o.s.b.f.s.DefaultListableBeanFactory     : Creating shared instance of singleton bean 'dispatcherServletPath'
2024-05-03T23:02:18.773-04:00 DEBUG 68711 --- [salessrv] [           main] o.s.b.f.s.DefaultListableBeanFactory     : Creating shared instance of singleton bean 'org.springframework.boot.test.autoconfigure.web.servlet.MockMvcAutoConfiguration'
2024-05-03T23:02:18.775-04:00 DEBUG 68711 --- [salessrv] [           main] o.s.b.f.s.DefaultListableBeanFactory     : Autowiring by type from bean name 'org.springframework.boot.test.autoconfigure.web.servlet.MockMvcAutoConfiguration' via constructor to bean named 'org.springframework.web.context.support.GenericWebApplicationContext@4d79651d'
2024-05-03T23:02:18.775-04:00 DEBUG 68711 --- [salessrv] [           main] o.s.b.f.s.DefaultListableBeanFactory     : Autowiring by type from bean name 'org.springframework.boot.test.autoconfigure.web.servlet.MockMvcAutoConfiguration' via constructor to bean named 'spring.mvc-org.springframework.boot.autoconfigure.web.servlet.WebMvcProperties'
2024-05-03T23:02:18.780-04:00 DEBUG 68711 --- [salessrv] [           main] o.s.b.f.s.DefaultListableBeanFactory     : Autowiring by type from bean name 'errorPageCustomizer' via factory method to bean named 'dispatcherServletPath'
2024-05-03T23:02:18.802-04:00 DEBUG 68711 --- [salessrv] [           main] o.s.b.f.s.DefaultListableBeanFactory     : Creating shared instance of singleton bean 'org.springframework.boot.autoconfigure.web.servlet.WebMvcAutoConfiguration$EnableWebMvcConfiguration'
2024-05-03T23:02:18.803-04:00 DEBUG 68711 --- [salessrv] [           main] o.s.b.f.s.DefaultListableBeanFactory     : Autowiring by type from bean name 'org.springframework.boot.autoconfigure.web.servlet.WebMvcAutoConfiguration$EnableWebMvcConfiguration' via constructor to bean named 'spring.mvc-org.springframework.boot.autoconfigure.web.servlet.WebMvcProperties'
2024-05-03T23:02:18.803-04:00 DEBUG 68711 --- [salessrv] [           main] o.s.b.f.s.DefaultListableBeanFactory     : Autowiring by type from bean name 'org.springframework.boot.autoconfigure.web.servlet.WebMvcAutoConfiguration$EnableWebMvcConfiguration' via constructor to bean named 'spring.web-org.springframework.boot.autoconfigure.web.WebProperties'
2024-05-03T23:02:18.803-04:00 DEBUG 68711 --- [salessrv] [           main] o.s.b.f.s.DefaultListableBeanFactory     : Autowiring by type from bean name 'org.springframework.boot.autoconfigure.web.servlet.WebMvcAutoConfiguration$EnableWebMvcConfiguration' via constructor to bean named 'org.springframework.beans.factory.support.DefaultListableBeanFactory@5915ab69'
2024-05-03T23:02:18.810-04:00 DEBUG 68711 --- [salessrv] [           main] o.s.b.f.s.DefaultListableBeanFactory     : Creating shared instance of singleton bean 'org.springframework.boot.autoconfigure.web.servlet.WebMvcAutoConfiguration$WebMvcAutoConfigurationAdapter'
2024-05-03T23:02:18.812-04:00 DEBUG 68711 --- [salessrv] [           main] o.s.b.f.s.DefaultListableBeanFactory     : Autowiring by type from bean name 'org.springframework.boot.autoconfigure.web.servlet.WebMvcAutoConfiguration$WebMvcAutoConfigurationAdapter' via constructor to bean named 'spring.web-org.springframework.boot.autoconfigure.web.WebProperties'
2024-05-03T23:02:18.812-04:00 DEBUG 68711 --- [salessrv] [           main] o.s.b.f.s.DefaultListableBeanFactory     : Autowiring by type from bean name 'org.springframework.boot.autoconfigure.web.servlet.WebMvcAutoConfiguration$WebMvcAutoConfigurationAdapter' via constructor to bean named 'spring.mvc-org.springframework.boot.autoconfigure.web.servlet.WebMvcProperties'
2024-05-03T23:02:18.812-04:00 DEBUG 68711 --- [salessrv] [           main] o.s.b.f.s.DefaultListableBeanFactory     : Autowiring by type from bean name 'org.springframework.boot.autoconfigure.web.servlet.WebMvcAutoConfiguration$WebMvcAutoConfigurationAdapter' via constructor to bean named 'org.springframework.beans.factory.support.DefaultListableBeanFactory@5915ab69'
2024-05-03T23:02:18.813-04:00 DEBUG 68711 --- [salessrv] [           main] o.s.b.f.s.DefaultListableBeanFactory     : Creating shared instance of singleton bean 'org.springframework.data.web.config.HateoasAwareSpringDataWebConfiguration'
2024-05-03T23:02:18.814-04:00 DEBUG 68711 --- [salessrv] [           main] o.s.b.f.s.DefaultListableBeanFactory     : Autowiring by type from bean name 'org.springframework.data.web.config.HateoasAwareSpringDataWebConfiguration' via constructor to bean named 'org.springframework.web.context.support.GenericWebApplicationContext@4d79651d'
2024-05-03T23:02:18.827-04:00 DEBUG 68711 --- [salessrv] [           main] o.s.b.f.s.DefaultListableBeanFactory     : Creating shared instance of singleton bean 'hypermediaWebMvcConfigurer'
2024-05-03T23:02:18.827-04:00 DEBUG 68711 --- [salessrv] [           main] o.s.b.f.s.DefaultListableBeanFactory     : Creating shared instance of singleton bean 'org.springframework.hateoas.config.WebMvcHateoasConfiguration'
2024-05-03T23:02:18.848-04:00 DEBUG 68711 --- [salessrv] [           main] o.s.b.f.s.DefaultListableBeanFactory     : Creating shared instance of singleton bean 'hypermediaWebMvcConverters'
2024-05-03T23:02:18.849-04:00 DEBUG 68711 --- [salessrv] [           main] o.s.b.f.s.DefaultListableBeanFactory     : Creating shared instance of singleton bean 'org.springframework.hateoas.config.HateoasConfiguration'
2024-05-03T23:02:18.856-04:00 DEBUG 68711 --- [salessrv] [           main] o.s.b.f.s.DefaultListableBeanFactory     : Creating shared instance of singleton bean 'org.springframework.hateoas.mediatype.hal.HalMediaTypeConfiguration'
2024-05-03T23:02:18.860-04:00 DEBUG 68711 --- [salessrv] [           main] o.s.b.f.s.DefaultListableBeanFactory     : Creating shared instance of singleton bean '_relProvider'
2024-05-03T23:02:18.864-04:00 DEBUG 68711 --- [salessrv] [           main] o.s.b.f.s.DefaultListableBeanFactory     : Creating shared instance of singleton bean 'relProviderPluginRegistry'
2024-05-03T23:02:18.864-04:00 DEBUG 68711 --- [salessrv] [           main] o.s.b.f.s.DefaultListableBeanFactory     : Autowiring by type from bean name 'relProviderPluginRegistry' via factory method to bean named 'org.springframework.web.context.support.GenericWebApplicationContext@4d79651d'
2024-05-03T23:02:18.896-04:00 DEBUG 68711 --- [salessrv] [           main] o.s.b.f.s.DefaultListableBeanFactory     : Autowiring by type from bean name '_relProvider' via factory method to bean named 'relProviderPluginRegistry'
2024-05-03T23:02:18.904-04:00 DEBUG 68711 --- [salessrv] [           main] o.s.b.f.s.DefaultListableBeanFactory     : Creating shared instance of singleton bean 'messageResolver'
2024-05-03T23:02:18.944-04:00 DEBUG 68711 --- [salessrv] [           main] o.s.b.f.s.DefaultListableBeanFactory     : Autowiring by type from bean name 'org.springframework.hateoas.mediatype.hal.HalMediaTypeConfiguration' via constructor to bean named '_relProvider'
2024-05-03T23:02:18.944-04:00 DEBUG 68711 --- [salessrv] [           main] o.s.b.f.s.DefaultListableBeanFactory     : Autowiring by type from bean name 'org.springframework.hateoas.mediatype.hal.HalMediaTypeConfiguration' via constructor to bean named 'messageResolver'
2024-05-03T23:02:18.944-04:00 DEBUG 68711 --- [salessrv] [           main] o.s.b.f.s.DefaultListableBeanFactory     : Autowiring by type from bean name 'org.springframework.hateoas.mediatype.hal.HalMediaTypeConfiguration' via constructor to bean named 'org.springframework.beans.factory.support.DefaultListableBeanFactory@5915ab69'
2024-05-03T23:02:18.951-04:00 DEBUG 68711 --- [salessrv] [           main] o.s.b.f.s.DefaultListableBeanFactory     : Autowiring by type from bean name 'hypermediaWebMvcConverters' via factory method to bean named 'org.springframework.hateoas.mediatype.hal.HalMediaTypeConfiguration'
2024-05-03T23:02:18.955-04:00 DEBUG 68711 --- [salessrv] [           main] o.s.b.f.s.DefaultListableBeanFactory     : Creating shared instance of singleton bean 'jacksonObjectMapper'
2024-05-03T23:02:18.956-04:00 DEBUG 68711 --- [salessrv] [           main] o.s.b.f.s.DefaultListableBeanFactory     : Creating shared instance of singleton bean 'org.springframework.boot.autoconfigure.jackson.JacksonAutoConfiguration$JacksonObjectMapperConfiguration'
2024-05-03T23:02:18.957-04:00 DEBUG 68711 --- [salessrv] [           main] o.s.b.f.s.DefaultListableBeanFactory     : Creating shared instance of singleton bean 'org.springframework.boot.autoconfigure.jackson.JacksonAutoConfiguration$JacksonObjectMapperBuilderConfiguration'
2024-05-03T23:02:18.960-04:00 DEBUG 68711 --- [salessrv] [           main] o.s.b.f.s.DefaultListableBeanFactory     : Creating shared instance of singleton bean 'standardJacksonObjectMapperBuilderCustomizer'
2024-05-03T23:02:18.960-04:00 DEBUG 68711 --- [salessrv] [           main] o.s.b.f.s.DefaultListableBeanFactory     : Creating shared instance of singleton bean 'org.springframework.boot.autoconfigure.jackson.JacksonAutoConfiguration$Jackson2ObjectMapperBuilderCustomizerConfiguration'
2024-05-03T23:02:18.961-04:00 DEBUG 68711 --- [salessrv] [           main] o.s.b.f.s.DefaultListableBeanFactory     : Creating shared instance of singleton bean 'spring.jackson-org.springframework.boot.autoconfigure.jackson.JacksonProperties'
2024-05-03T23:02:18.992-04:00 DEBUG 68711 --- [salessrv] [           main] o.s.b.f.s.DefaultListableBeanFactory     : Autowiring by type from bean name 'standardJacksonObjectMapperBuilderCustomizer' via factory method to bean named 'spring.jackson-org.springframework.boot.autoconfigure.jackson.JacksonProperties'
2024-05-03T23:02:18.995-04:00 DEBUG 68711 --- [salessrv] [           main] o.s.b.f.s.DefaultListableBeanFactory     : Creating shared instance of singleton bean 'parameterNamesModule'
2024-05-03T23:02:18.995-04:00 DEBUG 68711 --- [salessrv] [           main] o.s.b.f.s.DefaultListableBeanFactory     : Creating shared instance of singleton bean 'org.springframework.boot.autoconfigure.jackson.JacksonAutoConfiguration$ParameterNamesModuleConfiguration'
2024-05-03T23:02:19.001-04:00 DEBUG 68711 --- [salessrv] [           main] o.s.b.f.s.DefaultListableBeanFactory     : Creating shared instance of singleton bean 'jsonMixinModule'
2024-05-03T23:02:19.001-04:00 DEBUG 68711 --- [salessrv] [           main] o.s.b.f.s.DefaultListableBeanFactory     : Creating shared instance of singleton bean 'org.springframework.boot.autoconfigure.jackson.JacksonAutoConfiguration$JacksonMixinConfiguration'
2024-05-03T23:02:19.002-04:00 DEBUG 68711 --- [salessrv] [           main] o.s.b.f.s.DefaultListableBeanFactory     : Creating shared instance of singleton bean 'jsonMixinModuleEntries'
2024-05-03T23:02:19.002-04:00 DEBUG 68711 --- [salessrv] [           main] o.s.b.f.s.DefaultListableBeanFactory     : Autowiring by type from bean name 'jsonMixinModuleEntries' via factory method to bean named 'org.springframework.web.context.support.GenericWebApplicationContext@4d79651d'
2024-05-03T23:02:19.002-04:00 DEBUG 68711 --- [salessrv] [           main] o.s.b.a.AutoConfigurationPackages        : @EnableAutoConfiguration was declared on a class in the package 'com.example.salessrv'. Automatic @Repository and @Entity scanning is enabled.
2024-05-03T23:02:19.014-04:00 DEBUG 68711 --- [salessrv] [           main] o.s.b.f.s.DefaultListableBeanFactory     : Autowiring by type from bean name 'jsonMixinModule' via factory method to bean named 'org.springframework.web.context.support.GenericWebApplicationContext@4d79651d'
2024-05-03T23:02:19.015-04:00 DEBUG 68711 --- [salessrv] [           main] o.s.b.f.s.DefaultListableBeanFactory     : Autowiring by type from bean name 'jsonMixinModule' via factory method to bean named 'jsonMixinModuleEntries'
2024-05-03T23:02:19.016-04:00 DEBUG 68711 --- [salessrv] [           main] o.s.b.f.s.DefaultListableBeanFactory     : Creating shared instance of singleton bean 'jsonComponentModule'
2024-05-03T23:02:19.016-04:00 DEBUG 68711 --- [salessrv] [           main] o.s.b.f.s.DefaultListableBeanFactory     : Creating shared instance of singleton bean 'org.springframework.boot.autoconfigure.jackson.JacksonAutoConfiguration'
2024-05-03T23:02:19.024-04:00 DEBUG 68711 --- [salessrv] [           main] o.s.b.f.s.DefaultListableBeanFactory     : Creating shared instance of singleton bean 'jacksonGeoModule'
2024-05-03T23:02:19.025-04:00 DEBUG 68711 --- [salessrv] [           main] o.s.b.f.s.DefaultListableBeanFactory     : Creating shared instance of singleton bean 'org.springframework.data.web.config.SpringDataJacksonConfiguration'
2024-05-03T23:02:19.046-04:00 DEBUG 68711 --- [salessrv] [           main] o.s.b.f.s.DefaultListableBeanFactory     : Creating shared instance of singleton bean 'pageModule'
2024-05-03T23:02:19.051-04:00 DEBUG 68711 --- [salessrv] [           main] o.s.b.f.s.DefaultListableBeanFactory     : Autowiring by type from bean name 'jacksonObjectMapperBuilder' via factory method to bean named 'org.springframework.web.context.support.GenericWebApplicationContext@4d79651d'
2024-05-03T23:02:19.052-04:00 DEBUG 68711 --- [salessrv] [           main] o.s.b.f.s.DefaultListableBeanFactory     : Autowiring by type from bean name 'jacksonObjectMapperBuilder' via factory method to bean named 'standardJacksonObjectMapperBuilderCustomizer'
2024-05-03T23:02:19.061-04:00 DEBUG 68711 --- [salessrv] [           main] o.s.b.f.s.DefaultListableBeanFactory     : Autowiring by type from bean name 'jacksonObjectMapper' via factory method to bean named 'jacksonObjectMapperBuilder'
2024-05-03T23:02:19.111-04:00 DEBUG 68711 --- [salessrv] [           main] o.s.b.f.s.DefaultListableBeanFactory     : Autowiring by type from bean name 'hypermediaWebMvcConfigurer' via factory method to bean named 'hypermediaWebMvcConverters'
2024-05-03T23:02:19.113-04:00 DEBUG 68711 --- [salessrv] [           main] o.s.b.f.s.DefaultListableBeanFactory     : Creating shared instance of singleton bean 'welcomePageHandlerMapping'
2024-05-03T23:02:19.113-04:00 DEBUG 68711 --- [salessrv] [           main] o.s.b.f.s.DefaultListableBeanFactory     : Creating shared instance of singleton bean 'mvcConversionService'
2024-05-03T23:02:19.125-04:00 DEBUG 68711 --- [salessrv] [           main] o.s.b.f.s.DefaultListableBeanFactory     : Creating shared instance of singleton bean 'mvcResourceUrlProvider'
2024-05-03T23:02:19.131-04:00 DEBUG 68711 --- [salessrv] [           main] o.s.b.f.s.DefaultListableBeanFactory     : Autowiring by type from bean name 'welcomePageHandlerMapping' via factory method to bean named 'org.springframework.web.context.support.GenericWebApplicationContext@4d79651d'
2024-05-03T23:02:19.131-04:00 DEBUG 68711 --- [salessrv] [           main] o.s.b.f.s.DefaultListableBeanFactory     : Autowiring by type from bean name 'welcomePageHandlerMapping' via factory method to bean named 'mvcConversionService'
2024-05-03T23:02:19.132-04:00 DEBUG 68711 --- [salessrv] [           main] o.s.b.f.s.DefaultListableBeanFactory     : Autowiring by type from bean name 'welcomePageHandlerMapping' via factory method to bean named 'mvcResourceUrlProvider'
2024-05-03T23:02:19.196-04:00 DEBUG 68711 --- [salessrv] [           main] o.s.b.f.s.DefaultListableBeanFactory     : Creating shared instance of singleton bean 'welcomePageNotAcceptableHandlerMapping'
2024-05-03T23:02:19.199-04:00 DEBUG 68711 --- [salessrv] [           main] o.s.b.f.s.DefaultListableBeanFactory     : Autowiring by type from bean name 'welcomePageNotAcceptableHandlerMapping' via factory method to bean named 'org.springframework.web.context.support.GenericWebApplicationContext@4d79651d'
2024-05-03T23:02:19.199-04:00 DEBUG 68711 --- [salessrv] [           main] o.s.b.f.s.DefaultListableBeanFactory     : Autowiring by type from bean name 'welcomePageNotAcceptableHandlerMapping' via factory method to bean named 'mvcConversionService'
2024-05-03T23:02:19.199-04:00 DEBUG 68711 --- [salessrv] [           main] o.s.b.f.s.DefaultListableBeanFactory     : Autowiring by type from bean name 'welcomePageNotAcceptableHandlerMapping' via factory method to bean named 'mvcResourceUrlProvider'
2024-05-03T23:02:19.208-04:00 DEBUG 68711 --- [salessrv] [           main] o.s.b.f.s.DefaultListableBeanFactory     : Creating shared instance of singleton bean 'localeResolver'
2024-05-03T23:02:19.212-04:00 DEBUG 68711 --- [salessrv] [           main] o.s.b.f.s.DefaultListableBeanFactory     : Creating shared instance of singleton bean 'themeResolver'
2024-05-03T23:02:19.215-04:00 DEBUG 68711 --- [salessrv] [           main] o.s.b.f.s.DefaultListableBeanFactory     : Creating shared instance of singleton bean 'flashMapManager'
2024-05-03T23:02:19.220-04:00 DEBUG 68711 --- [salessrv] [           main] o.s.b.f.s.DefaultListableBeanFactory     : Creating shared instance of singleton bean 'mvcValidator'
2024-05-03T23:02:19.224-04:00 DEBUG 68711 --- [salessrv] [           main] o.s.b.f.s.DefaultListableBeanFactory     : Creating shared instance of singleton bean 'mvcContentNegotiationManager'
2024-05-03T23:02:19.234-04:00 DEBUG 68711 --- [salessrv] [           main] o.s.b.f.s.DefaultListableBeanFactory     : Creating shared instance of singleton bean 'requestMappingHandlerMapping'
2024-05-03T23:02:19.244-04:00 DEBUG 68711 --- [salessrv] [           main] o.s.b.f.s.DefaultListableBeanFactory     : Autowiring by type from bean name 'requestMappingHandlerMapping' via factory method to bean named 'mvcContentNegotiationManager'
2024-05-03T23:02:19.244-04:00 DEBUG 68711 --- [salessrv] [           main] o.s.b.f.s.DefaultListableBeanFactory     : Autowiring by type from bean name 'requestMappingHandlerMapping' via factory method to bean named 'mvcConversionService'
2024-05-03T23:02:19.245-04:00 DEBUG 68711 --- [salessrv] [           main] o.s.b.f.s.DefaultListableBeanFactory     : Autowiring by type from bean name 'requestMappingHandlerMapping' via factory method to bean named 'mvcResourceUrlProvider'
2024-05-03T23:02:19.375-04:00 DEBUG 68711 --- [salessrv] [           main] s.w.s.m.m.a.RequestMappingHandlerMapping : 10 mappings in 'requestMappingHandlerMapping'
2024-05-03T23:02:19.376-04:00 DEBUG 68711 --- [salessrv] [           main] o.s.b.f.s.DefaultListableBeanFactory     : Creating shared instance of singleton bean 'mvcPatternParser'
2024-05-03T23:02:19.377-04:00 DEBUG 68711 --- [salessrv] [           main] o.s.b.f.s.DefaultListableBeanFactory     : Creating shared instance of singleton bean 'mvcUrlPathHelper'
2024-05-03T23:02:19.378-04:00 DEBUG 68711 --- [salessrv] [           main] o.s.b.f.s.DefaultListableBeanFactory     : Creating shared instance of singleton bean 'mvcPathMatcher'
2024-05-03T23:02:19.379-04:00 DEBUG 68711 --- [salessrv] [           main] o.s.b.f.s.DefaultListableBeanFactory     : Creating shared instance of singleton bean 'viewControllerHandlerMapping'
2024-05-03T23:02:19.380-04:00 DEBUG 68711 --- [salessrv] [           main] o.s.b.f.s.DefaultListableBeanFactory     : Autowiring by type from bean name 'viewControllerHandlerMapping' via factory method to bean named 'mvcConversionService'
2024-05-03T23:02:19.380-04:00 DEBUG 68711 --- [salessrv] [           main] o.s.b.f.s.DefaultListableBeanFactory     : Autowiring by type from bean name 'viewControllerHandlerMapping' via factory method to bean named 'mvcResourceUrlProvider'
2024-05-03T23:02:19.381-04:00 DEBUG 68711 --- [salessrv] [           main] o.s.b.f.s.DefaultListableBeanFactory     : Creating shared instance of singleton bean 'beanNameHandlerMapping'
2024-05-03T23:02:19.385-04:00 DEBUG 68711 --- [salessrv] [           main] o.s.b.f.s.DefaultListableBeanFactory     : Autowiring by type from bean name 'beanNameHandlerMapping' via factory method to bean named 'mvcConversionService'
2024-05-03T23:02:19.385-04:00 DEBUG 68711 --- [salessrv] [           main] o.s.b.f.s.DefaultListableBeanFactory     : Autowiring by type from bean name 'beanNameHandlerMapping' via factory method to bean named 'mvcResourceUrlProvider'
2024-05-03T23:02:19.398-04:00 DEBUG 68711 --- [salessrv] [           main] o.s.b.f.s.DefaultListableBeanFactory     : Creating shared instance of singleton bean 'routerFunctionMapping'
2024-05-03T23:02:19.399-04:00 DEBUG 68711 --- [salessrv] [           main] o.s.b.f.s.DefaultListableBeanFactory     : Autowiring by type from bean name 'routerFunctionMapping' via factory method to bean named 'mvcConversionService'
2024-05-03T23:02:19.399-04:00 DEBUG 68711 --- [salessrv] [           main] o.s.b.f.s.DefaultListableBeanFactory     : Autowiring by type from bean name 'routerFunctionMapping' via factory method to bean named 'mvcResourceUrlProvider'
2024-05-03T23:02:19.400-04:00 DEBUG 68711 --- [salessrv] [           main] o.s.b.f.s.DefaultListableBeanFactory     : Creating shared instance of singleton bean 'messageConverters'
2024-05-03T23:02:19.401-04:00 DEBUG 68711 --- [salessrv] [           main] o.s.b.f.s.DefaultListableBeanFactory     : Creating shared instance of singleton bean 'org.springframework.boot.autoconfigure.http.HttpMessageConvertersAutoConfiguration'
2024-05-03T23:02:19.407-04:00 DEBUG 68711 --- [salessrv] [           main] o.s.b.f.s.DefaultListableBeanFactory     : Creating shared instance of singleton bean 'stringHttpMessageConverter'
2024-05-03T23:02:19.408-04:00 DEBUG 68711 --- [salessrv] [           main] o.s.b.f.s.DefaultListableBeanFactory     : Creating shared instance of singleton bean 'org.springframework.boot.autoconfigure.http.HttpMessageConvertersAutoConfiguration$StringHttpMessageConverterConfiguration'
2024-05-03T23:02:19.411-04:00 DEBUG 68711 --- [salessrv] [           main] o.s.b.f.s.DefaultListableBeanFactory     : Autowiring by type from bean name 'stringHttpMessageConverter' via factory method to bean named 'environment'
2024-05-03T23:02:19.429-04:00 DEBUG 68711 --- [salessrv] [           main] o.s.b.f.s.DefaultListableBeanFactory     : Creating shared instance of singleton bean 'mappingJackson2HttpMessageConverter'
2024-05-03T23:02:19.429-04:00 DEBUG 68711 --- [salessrv] [           main] o.s.b.f.s.DefaultListableBeanFactory     : Creating shared instance of singleton bean 'org.springframework.boot.autoconfigure.http.JacksonHttpMessageConvertersConfiguration$MappingJackson2HttpMessageConverterConfiguration'
2024-05-03T23:02:19.430-04:00 DEBUG 68711 --- [salessrv] [           main] o.s.b.f.s.DefaultListableBeanFactory     : Autowiring by type from bean name 'mappingJackson2HttpMessageConverter' via factory method to bean named 'jacksonObjectMapper'
2024-05-03T23:02:19.578-04:00 DEBUG 68711 --- [salessrv] [           main] o.s.b.f.s.DefaultListableBeanFactory     : Creating shared instance of singleton bean 'applicationJsonHalConfiguration'
2024-05-03T23:02:19.578-04:00 DEBUG 68711 --- [salessrv] [           main] o.s.b.f.s.DefaultListableBeanFactory     : Creating shared instance of singleton bean 'org.springframework.boot.autoconfigure.hateoas.HypermediaAutoConfiguration'
2024-05-03T23:02:19.633-04:00 DEBUG 68711 --- [salessrv] [           main] o.s.b.f.s.DefaultListableBeanFactory     : Creating shared instance of singleton bean 'resourceHandlerMapping'
2024-05-03T23:02:19.634-04:00 DEBUG 68711 --- [salessrv] [           main] o.s.b.f.s.DefaultListableBeanFactory     : Autowiring by type from bean name 'resourceHandlerMapping' via factory method to bean named 'mvcContentNegotiationManager'
2024-05-03T23:02:19.635-04:00 DEBUG 68711 --- [salessrv] [           main] o.s.b.f.s.DefaultListableBeanFactory     : Autowiring by type from bean name 'resourceHandlerMapping' via factory method to bean named 'mvcConversionService'
2024-05-03T23:02:19.635-04:00 DEBUG 68711 --- [salessrv] [           main] o.s.b.f.s.DefaultListableBeanFactory     : Autowiring by type from bean name 'resourceHandlerMapping' via factory method to bean named 'mvcResourceUrlProvider'
2024-05-03T23:02:19.687-04:00 DEBUG 68711 --- [salessrv] [           main] o.s.w.s.handler.SimpleUrlHandlerMapping  : Patterns [/webjars/**, /**] in 'resourceHandlerMapping'
2024-05-03T23:02:19.687-04:00 DEBUG 68711 --- [salessrv] [           main] o.s.b.f.s.DefaultListableBeanFactory     : Creating shared instance of singleton bean 'defaultServletHandlerMapping'
2024-05-03T23:02:19.688-04:00 DEBUG 68711 --- [salessrv] [           main] o.s.b.f.s.DefaultListableBeanFactory     : Creating shared instance of singleton bean 'requestMappingHandlerAdapter'
2024-05-03T23:02:19.690-04:00 DEBUG 68711 --- [salessrv] [           main] o.s.b.f.s.DefaultListableBeanFactory     : Autowiring by type from bean name 'requestMappingHandlerAdapter' via factory method to bean named 'mvcContentNegotiationManager'
2024-05-03T23:02:19.690-04:00 DEBUG 68711 --- [salessrv] [           main] o.s.b.f.s.DefaultListableBeanFactory     : Autowiring by type from bean name 'requestMappingHandlerAdapter' via factory method to bean named 'mvcConversionService'
2024-05-03T23:02:19.690-04:00 DEBUG 68711 --- [salessrv] [           main] o.s.b.f.s.DefaultListableBeanFactory     : Autowiring by type from bean name 'requestMappingHandlerAdapter' via factory method to bean named 'mvcValidator'
2024-05-03T23:02:19.708-04:00 DEBUG 68711 --- [salessrv] [           main] o.s.b.f.s.DefaultListableBeanFactory     : Creating shared instance of singleton bean 'sortResolver'
2024-05-03T23:02:19.711-04:00 DEBUG 68711 --- [salessrv] [           main] o.s.b.f.s.DefaultListableBeanFactory     : Creating shared instance of singleton bean 'sortCustomizer'
2024-05-03T23:02:19.711-04:00 DEBUG 68711 --- [salessrv] [           main] o.s.b.f.s.DefaultListableBeanFactory     : Creating shared instance of singleton bean 'org.springframework.boot.autoconfigure.data.web.SpringDataWebAutoConfiguration'
2024-05-03T23:02:19.714-04:00 DEBUG 68711 --- [salessrv] [           main] o.s.b.f.s.DefaultListableBeanFactory     : Creating shared instance of singleton bean 'spring.data.web-org.springframework.boot.autoconfigure.data.web.SpringDataWebProperties'
2024-05-03T23:02:19.719-04:00 DEBUG 68711 --- [salessrv] [           main] o.s.b.f.s.DefaultListableBeanFactory     : Autowiring by type from bean name 'org.springframework.boot.autoconfigure.data.web.SpringDataWebAutoConfiguration' via constructor to bean named 'spring.data.web-org.springframework.boot.autoconfigure.data.web.SpringDataWebProperties'
2024-05-03T23:02:19.728-04:00 DEBUG 68711 --- [salessrv] [           main] o.s.b.f.s.DefaultListableBeanFactory     : Creating shared instance of singleton bean 'pageableResolver'
2024-05-03T23:02:19.731-04:00 DEBUG 68711 --- [salessrv] [           main] o.s.b.f.s.DefaultListableBeanFactory     : Creating shared instance of singleton bean 'pageableCustomizer'
2024-05-03T23:02:19.734-04:00 DEBUG 68711 --- [salessrv] [           main] o.s.b.f.s.DefaultListableBeanFactory     : Creating shared instance of singleton bean 'pagedResourcesAssemblerArgumentResolver'
2024-05-03T23:02:19.736-04:00 DEBUG 68711 --- [salessrv] [           main] o.s.b.f.s.DefaultListableBeanFactory     : Creating shared instance of singleton bean 'slicedResourcesAssemblerArgumentResolver'
2024-05-03T23:02:19.739-04:00 DEBUG 68711 --- [salessrv] [           main] o.s.b.f.s.DefaultListableBeanFactory     : Creating shared instance of singleton bean 'applicationTaskExecutor'
2024-05-03T23:02:19.740-04:00 DEBUG 68711 --- [salessrv] [           main] o.s.b.f.s.DefaultListableBeanFactory     : Autowiring by type from bean name 'applicationTaskExecutor' via factory method to bean named 'taskExecutorBuilder'
2024-05-03T23:02:19.810-04:00 DEBUG 68711 --- [salessrv] [           main] o.s.s.concurrent.ThreadPoolTaskExecutor  : Initializing ExecutorService 'applicationTaskExecutor'
2024-05-03T23:02:19.844-04:00 DEBUG 68711 --- [salessrv] [           main] s.w.s.m.m.a.RequestMappingHandlerAdapter : ControllerAdvice beans: 0 @ModelAttribute, 0 @InitBinder, 1 RequestBodyAdvice, 1 ResponseBodyAdvice
2024-05-03T23:02:19.928-04:00 DEBUG 68711 --- [salessrv] [           main] o.s.b.f.s.DefaultListableBeanFactory     : Creating shared instance of singleton bean 'handlerFunctionAdapter'
2024-05-03T23:02:19.933-04:00 DEBUG 68711 --- [salessrv] [           main] o.s.b.f.s.DefaultListableBeanFactory     : Creating shared instance of singleton bean 'mvcUriComponentsContributor'
2024-05-03T23:02:19.935-04:00 DEBUG 68711 --- [salessrv] [           main] o.s.b.f.s.DefaultListableBeanFactory     : Autowiring by type from bean name 'mvcUriComponentsContributor' via factory method to bean named 'mvcConversionService'
2024-05-03T23:02:19.935-04:00 DEBUG 68711 --- [salessrv] [           main] o.s.b.f.s.DefaultListableBeanFactory     : Autowiring by type from bean name 'mvcUriComponentsContributor' via factory method to bean named 'requestMappingHandlerAdapter'
2024-05-03T23:02:19.935-04:00 DEBUG 68711 --- [salessrv] [           main] o.s.b.f.s.DefaultListableBeanFactory     : Creating shared instance of singleton bean 'httpRequestHandlerAdapter'
2024-05-03T23:02:19.936-04:00 DEBUG 68711 --- [salessrv] [           main] o.s.b.f.s.DefaultListableBeanFactory     : Creating shared instance of singleton bean 'simpleControllerHandlerAdapter'
2024-05-03T23:02:19.938-04:00 DEBUG 68711 --- [salessrv] [           main] o.s.b.f.s.DefaultListableBeanFactory     : Creating shared instance of singleton bean 'handlerExceptionResolver'
2024-05-03T23:02:19.940-04:00 DEBUG 68711 --- [salessrv] [           main] o.s.b.f.s.DefaultListableBeanFactory     : Autowiring by type from bean name 'handlerExceptionResolver' via factory method to bean named 'mvcContentNegotiationManager'
2024-05-03T23:02:19.947-04:00 DEBUG 68711 --- [salessrv] [           main] .m.m.a.ExceptionHandlerExceptionResolver : ControllerAdvice beans: 1 @ExceptionHandler, 1 ResponseBodyAdvice
2024-05-03T23:02:19.952-04:00 DEBUG 68711 --- [salessrv] [           main] o.s.b.f.s.DefaultListableBeanFactory     : Creating shared instance of singleton bean 'mvcViewResolver'
2024-05-03T23:02:19.952-04:00 DEBUG 68711 --- [salessrv] [           main] o.s.b.f.s.DefaultListableBeanFactory     : Autowiring by type from bean name 'mvcViewResolver' via factory method to bean named 'mvcContentNegotiationManager'
2024-05-03T23:02:19.957-04:00 DEBUG 68711 --- [salessrv] [           main] o.s.b.f.s.DefaultListableBeanFactory     : Creating shared instance of singleton bean 'viewNameTranslator'
2024-05-03T23:02:19.959-04:00 DEBUG 68711 --- [salessrv] [           main] o.s.b.f.s.DefaultListableBeanFactory     : Creating shared instance of singleton bean 'defaultViewResolver'
2024-05-03T23:02:19.969-04:00 DEBUG 68711 --- [salessrv] [           main] o.s.b.f.s.DefaultListableBeanFactory     : Creating shared instance of singleton bean 'viewResolver'
2024-05-03T23:02:19.971-04:00 DEBUG 68711 --- [salessrv] [           main] o.s.b.f.s.DefaultListableBeanFactory     : Autowiring by type from bean name 'viewResolver' via factory method to bean named 'org.springframework.beans.factory.support.DefaultListableBeanFactory@5915ab69'
2024-05-03T23:02:19.983-04:00 DEBUG 68711 --- [salessrv] [           main] o.s.b.f.s.DefaultListableBeanFactory     : Creating shared instance of singleton bean 'viewResolver'
2024-05-03T23:02:19.984-04:00 DEBUG 68711 --- [salessrv] [           main] o.s.b.f.s.DefaultListableBeanFactory     : Creating shared instance of singleton bean 'requestContextFilter'
2024-05-03T23:02:19.989-04:00 DEBUG 68711 --- [salessrv] [           main] o.s.b.f.s.DefaultListableBeanFactory     : Creating shared instance of singleton bean 'org.springframework.boot.autoconfigure.web.servlet.WebMvcAutoConfiguration'
2024-05-03T23:02:19.990-04:00 DEBUG 68711 --- [salessrv] [           main] o.s.b.f.s.DefaultListableBeanFactory     : Creating shared instance of singleton bean 'formContentFilter'
2024-05-03T23:02:19.993-04:00 DEBUG 68711 --- [salessrv] [           main] o.s.b.f.s.DefaultListableBeanFactory     : Creating shared instance of singleton bean 'org.springframework.boot.autoconfigure.http.JacksonHttpMessageConvertersConfiguration'
2024-05-03T23:02:19.994-04:00 DEBUG 68711 --- [salessrv] [           main] o.s.b.f.s.DefaultListableBeanFactory     : Creating shared instance of singleton bean 'org.springframework.data.web.config.ProjectingArgumentResolverRegistrar'
2024-05-03T23:02:19.995-04:00 DEBUG 68711 --- [salessrv] [           main] o.s.b.f.s.DefaultListableBeanFactory     : Creating shared instance of singleton bean 'pagedResourcesAssembler'
2024-05-03T23:02:20.001-04:00 DEBUG 68711 --- [salessrv] [           main] o.s.b.f.s.DefaultListableBeanFactory     : Creating shared instance of singleton bean 'slicedResourcesAssembler'
2024-05-03T23:02:20.003-04:00 DEBUG 68711 --- [salessrv] [           main] o.s.b.f.s.DefaultListableBeanFactory     : Creating shared instance of singleton bean 'offsetResolver'
2024-05-03T23:02:20.007-04:00 DEBUG 68711 --- [salessrv] [           main] o.s.b.f.s.DefaultListableBeanFactory     : Creating shared instance of singleton bean 'halLinkDisocoverer'
2024-05-03T23:02:20.010-04:00 DEBUG 68711 --- [salessrv] [           main] o.s.b.f.s.DefaultListableBeanFactory     : Creating shared instance of singleton bean 'org.springframework.hateoas.config.WebTestHateoasConfiguration'
2024-05-03T23:02:20.011-04:00 DEBUG 68711 --- [salessrv] [           main] o.s.b.f.s.DefaultListableBeanFactory     : Creating shared instance of singleton bean 'defaultRelProvider'
2024-05-03T23:02:20.014-04:00 DEBUG 68711 --- [salessrv] [           main] o.s.b.f.s.DefaultListableBeanFactory     : Creating shared instance of singleton bean 'annotationRelProvider'
2024-05-03T23:02:20.016-04:00 DEBUG 68711 --- [salessrv] [           main] o.s.b.f.s.DefaultListableBeanFactory     : Creating shared instance of singleton bean 'linkDiscoverers'
2024-05-03T23:02:20.016-04:00 DEBUG 68711 --- [salessrv] [           main] o.s.b.f.s.DefaultListableBeanFactory     : Creating shared instance of singleton bean 'linkDiscovererRegistry'
2024-05-03T23:02:20.019-04:00 DEBUG 68711 --- [salessrv] [           main] o.s.b.f.s.DefaultListableBeanFactory     : Autowiring by type from bean name 'linkDiscoverers' via factory method to bean named 'linkDiscovererRegistry'
2024-05-03T23:02:20.020-04:00 DEBUG 68711 --- [salessrv] [           main] o.s.b.f.s.DefaultListableBeanFactory     : Creating shared instance of singleton bean 'org.springframework.hateoas.config.WebMvcEntityLinksConfiguration'
2024-05-03T23:02:20.022-04:00 DEBUG 68711 --- [salessrv] [           main] o.s.b.f.s.DefaultListableBeanFactory     : Creating shared instance of singleton bean 'webMvcEntityLinks'
2024-05-03T23:02:20.026-04:00 DEBUG 68711 --- [salessrv] [           main] o.s.b.f.s.DefaultListableBeanFactory     : Creating shared instance of singleton bean 'webMvcLinkBuilderFactory'
2024-05-03T23:02:20.040-04:00 DEBUG 68711 --- [salessrv] [           main] o.s.b.f.s.DefaultListableBeanFactory     : Creating shared instance of singleton bean 'entityLinksPluginRegistry'
2024-05-03T23:02:20.040-04:00 DEBUG 68711 --- [salessrv] [           main] o.s.b.f.s.DefaultListableBeanFactory     : Autowiring by type from bean name 'entityLinksPluginRegistry' via factory method to bean named 'org.springframework.web.context.support.GenericWebApplicationContext@4d79651d'
2024-05-03T23:02:20.041-04:00 DEBUG 68711 --- [salessrv] [           main] o.s.b.f.s.DefaultListableBeanFactory     : Creating shared instance of singleton bean 'delegatingEntityLinks'
2024-05-03T23:02:20.042-04:00 DEBUG 68711 --- [salessrv] [           main] o.s.b.f.s.DefaultListableBeanFactory     : Autowiring by type from bean name 'delegatingEntityLinks' via factory method to bean named 'entityLinksPluginRegistry'
2024-05-03T23:02:20.044-04:00 DEBUG 68711 --- [salessrv] [           main] o.s.b.f.s.DefaultListableBeanFactory     : Creating shared instance of singleton bean 'representationModelProcessorInvoker'
2024-05-03T23:02:20.047-04:00 DEBUG 68711 --- [salessrv] [           main] o.s.b.f.s.DefaultListableBeanFactory     : Creating shared instance of singleton bean 'org.springframework.hateoas.config.RestTemplateHateoasConfiguration'
2024-05-03T23:02:20.048-04:00 DEBUG 68711 --- [salessrv] [           main] o.s.b.f.s.DefaultListableBeanFactory     : Creating shared instance of singleton bean 'org.springframework.boot.autoconfigure.hateoas.HypermediaAutoConfiguration$HypermediaConfiguration'
2024-05-03T23:02:20.049-04:00 DEBUG 68711 --- [salessrv] [           main] o.s.b.f.s.DefaultListableBeanFactory     : Creating shared instance of singleton bean 'spring.hateoas-org.springframework.boot.autoconfigure.hateoas.HateoasProperties'
2024-05-03T23:02:20.059-04:00 DEBUG 68711 --- [salessrv] [           main] o.s.b.f.s.DefaultListableBeanFactory     : Creating shared instance of singleton bean 'org.springframework.boot.autoconfigure.web.servlet.HttpEncodingAutoConfiguration'
2024-05-03T23:02:20.060-04:00 DEBUG 68711 --- [salessrv] [           main] o.s.b.f.s.DefaultListableBeanFactory     : Autowiring by type from bean name 'org.springframework.boot.autoconfigure.web.servlet.HttpEncodingAutoConfiguration' via constructor to bean named 'server-org.springframework.boot.autoconfigure.web.ServerProperties'
2024-05-03T23:02:20.062-04:00 DEBUG 68711 --- [salessrv] [           main] o.s.b.f.s.DefaultListableBeanFactory     : Creating shared instance of singleton bean 'characterEncodingFilter'
2024-05-03T23:02:20.063-04:00 DEBUG 68711 --- [salessrv] [           main] o.s.b.f.s.DefaultListableBeanFactory     : Creating shared instance of singleton bean 'localeCharsetMappingsCustomizer'
2024-05-03T23:02:20.069-04:00 DEBUG 68711 --- [salessrv] [           main] o.s.b.f.s.DefaultListableBeanFactory     : Creating shared instance of singleton bean 'mockMvcBuilder'
2024-05-03T23:02:20.070-04:00 DEBUG 68711 --- [salessrv] [           main] o.s.b.f.s.DefaultListableBeanFactory     : Creating shared instance of singleton bean 'springBootMockMvcBuilderCustomizer'
2024-05-03T23:02:20.099-04:00 DEBUG 68711 --- [salessrv] [           main] o.s.b.f.s.DefaultListableBeanFactory     : Autowiring by type from bean name 'mockMvcBuilder' via factory method to bean named 'springBootMockMvcBuilderCustomizer'
2024-05-03T23:02:20.140-04:00 DEBUG 68711 --- [salessrv] [           main] o.s.b.w.s.ServletContextInitializerBeans : Mapping filters: characterEncodingFilter urls=[/*] order=-2147483648, formContentFilter urls=[/*] order=-9900, requestContextFilter urls=[/*] order=-105
2024-05-03T23:02:20.141-04:00 DEBUG 68711 --- [salessrv] [           main] o.s.b.w.s.ServletContextInitializerBeans : Mapping servlets: 
2024-05-03T23:02:20.174-04:00 DEBUG 68711 --- [salessrv] [           main] o.s.b.f.s.DefaultListableBeanFactory     : Creating shared instance of singleton bean 'mockMvc'
2024-05-03T23:02:20.177-04:00 DEBUG 68711 --- [salessrv] [           main] o.s.b.f.s.DefaultListableBeanFactory     : Autowiring by type from bean name 'mockMvc' via factory method to bean named 'mockMvcBuilder'
2024-05-03T23:02:20.188-04:00 DEBUG 68711 --- [salessrv] [           main] s.b.w.s.f.OrderedCharacterEncodingFilter : Filter 'characterEncodingFilter' configured for use
2024-05-03T23:02:20.188-04:00 DEBUG 68711 --- [salessrv] [           main] o.s.b.w.s.f.OrderedFormContentFilter     : Filter 'formContentFilter' configured for use
2024-05-03T23:02:20.188-04:00 DEBUG 68711 --- [salessrv] [           main] o.s.b.w.s.f.OrderedRequestContextFilter  : Filter 'requestContextFilter' configured for use
2024-05-03T23:02:20.235-04:00  INFO 68711 --- [salessrv] [           main] o.s.b.t.m.w.SpringBootMockServletContext : Initializing Spring TestDispatcherServlet ''
2024-05-03T23:02:20.235-04:00  INFO 68711 --- [salessrv] [           main] o.s.t.web.servlet.TestDispatcherServlet  : Initializing Servlet ''
2024-05-03T23:02:20.235-04:00 DEBUG 68711 --- [salessrv] [           main] o.s.t.web.servlet.TestDispatcherServlet  : Detected AcceptHeaderLocaleResolver
2024-05-03T23:02:20.238-04:00 DEBUG 68711 --- [salessrv] [           main] o.s.t.web.servlet.TestDispatcherServlet  : Detected FixedThemeResolver
2024-05-03T23:02:20.241-04:00 DEBUG 68711 --- [salessrv] [           main] o.s.t.web.servlet.TestDispatcherServlet  : Detected org.springframework.web.servlet.view.DefaultRequestToViewNameTranslator@19cb3f
2024-05-03T23:02:20.241-04:00 DEBUG 68711 --- [salessrv] [           main] o.s.t.web.servlet.TestDispatcherServlet  : Detected org.springframework.web.servlet.support.SessionFlashMapManager@45745de6
2024-05-03T23:02:20.241-04:00 DEBUG 68711 --- [salessrv] [           main] o.s.t.web.servlet.TestDispatcherServlet  : enableLoggingRequestDetails='false': request parameters and headers will be masked to prevent unsafe logging of potentially sensitive data
2024-05-03T23:02:20.242-04:00  INFO 68711 --- [salessrv] [           main] o.s.t.web.servlet.TestDispatcherServlet  : Completed initialization in 6 ms
2024-05-03T23:02:20.253-04:00 DEBUG 68711 --- [salessrv] [           main] o.s.b.f.s.DefaultListableBeanFactory     : Creating shared instance of singleton bean 'dispatcherServlet'
2024-05-03T23:02:20.256-04:00 DEBUG 68711 --- [salessrv] [           main] o.s.b.f.s.DefaultListableBeanFactory     : Autowiring by type from bean name 'dispatcherServlet' via factory method to bean named 'mockMvc'
2024-05-03T23:02:20.313-04:00 DEBUG 68711 --- [salessrv] [           main] o.s.c.support.DefaultLifecycleProcessor  : Starting beans in phase -2147483647
2024-05-03T23:02:20.313-04:00 DEBUG 68711 --- [salessrv] [           main] o.s.c.support.DefaultLifecycleProcessor  : Successfully started bean 'springBootLoggingLifecycle'
2024-05-03T23:02:20.313-04:00 DEBUG 68711 --- [salessrv] [           main] o.s.c.support.DefaultLifecycleProcessor  : Starting beans in phase 2147483647
2024-05-03T23:02:20.328-04:00 DEBUG 68711 --- [salessrv] [           main] .s.b.a.l.ConditionEvaluationReportLogger : 


============================
CONDITIONS EVALUATION REPORT
============================


Positive matches:
-----------------

   ErrorMvcAutoConfiguration matched:
      - @ConditionalOnClass found required classes 'jakarta.servlet.Servlet', 'org.springframework.web.servlet.DispatcherServlet' (OnClassCondition)
      - found 'session' scope (OnWebApplicationCondition)

   ErrorMvcAutoConfiguration#basicErrorController matched:
      - @ConditionalOnMissingBean (types: org.springframework.boot.web.servlet.error.ErrorController; SearchStrategy: current) did not find any beans (OnBeanCondition)

   ErrorMvcAutoConfiguration#errorAttributes matched:
      - @ConditionalOnMissingBean (types: org.springframework.boot.web.servlet.error.ErrorAttributes; SearchStrategy: current) did not find any beans (OnBeanCondition)

   ErrorMvcAutoConfiguration.WhitelabelErrorViewConfiguration matched:
      - @ConditionalOnProperty (server.error.whitelabel.enabled) matched (OnPropertyCondition)
      - ErrorTemplate Missing did not find error template view (ErrorMvcAutoConfiguration.ErrorTemplateMissingCondition)

   ErrorMvcAutoConfiguration.WhitelabelErrorViewConfiguration#beanNameViewResolver matched:
      - @ConditionalOnMissingBean (types: org.springframework.web.servlet.view.BeanNameViewResolver; SearchStrategy: all) did not find any beans (OnBeanCondition)

   ErrorMvcAutoConfiguration.WhitelabelErrorViewConfiguration#defaultErrorView matched:
      - @ConditionalOnMissingBean (names: error; SearchStrategy: all) did not find any beans (OnBeanCondition)

   HttpEncodingAutoConfiguration matched:
      - @ConditionalOnClass found required class 'org.springframework.web.filter.CharacterEncodingFilter' (OnClassCondition)
      - found 'session' scope (OnWebApplicationCondition)
      - @ConditionalOnProperty (server.servlet.encoding.enabled) matched (OnPropertyCondition)

   HttpEncodingAutoConfiguration#characterEncodingFilter matched:
      - @ConditionalOnMissingBean (types: org.springframework.web.filter.CharacterEncodingFilter; SearchStrategy: all) did not find any beans (OnBeanCondition)

   HttpMessageConvertersAutoConfiguration matched:
      - @ConditionalOnClass found required class 'org.springframework.http.converter.HttpMessageConverter' (OnClassCondition)
      - NoneNestedConditions 0 matched 1 did not; NestedCondition on HttpMessageConvertersAutoConfiguration.NotReactiveWebApplicationCondition.ReactiveWebApplication did not find reactive web application classes (HttpMessageConvertersAutoConfiguration.NotReactiveWebApplicationCondition)

   HttpMessageConvertersAutoConfiguration#messageConverters matched:
      - @ConditionalOnMissingBean (types: org.springframework.boot.autoconfigure.http.HttpMessageConverters; SearchStrategy: all) did not find any beans (OnBeanCondition)

   HttpMessageConvertersAutoConfiguration.StringHttpMessageConverterConfiguration matched:
      - @ConditionalOnClass found required class 'org.springframework.http.converter.StringHttpMessageConverter' (OnClassCondition)

   HttpMessageConvertersAutoConfiguration.StringHttpMessageConverterConfiguration#stringHttpMessageConverter matched:
      - @ConditionalOnMissingBean (types: org.springframework.http.converter.StringHttpMessageConverter; SearchStrategy: all) did not find any beans (OnBeanCondition)

   HypermediaAutoConfiguration matched:
      - @ConditionalOnClass found required classes 'org.springframework.hateoas.EntityModel', 'org.springframework.web.bind.annotation.RequestMapping', 'org.springframework.web.servlet.mvc.method.annotation.RequestMappingHandlerAdapter', 'org.springframework.plugin.core.Plugin' (OnClassCondition)
      - @ConditionalOnWebApplication (required) found 'session' scope (OnWebApplicationCondition)

   HypermediaAutoConfiguration#applicationJsonHalConfiguration matched:
      - @ConditionalOnClass found required class 'com.fasterxml.jackson.databind.ObjectMapper' (OnClassCondition)
      - @ConditionalOnProperty (spring.hateoas.use-hal-as-default-json-media-type) matched (OnPropertyCondition)
      - @ConditionalOnMissingBean (types: org.springframework.hateoas.mediatype.hal.HalConfiguration; SearchStrategy: all) did not find any beans (OnBeanCondition)

   HypermediaAutoConfiguration.HypermediaConfiguration matched:
      - @ConditionalOnClass found required class 'com.fasterxml.jackson.databind.ObjectMapper' (OnClassCondition)
      - @ConditionalOnMissingBean (types: org.springframework.hateoas.client.LinkDiscoverers; SearchStrategy: all) did not find any beans (OnBeanCondition)

   JacksonAutoConfiguration matched:
      - @ConditionalOnClass found required class 'com.fasterxml.jackson.databind.ObjectMapper' (OnClassCondition)

   JacksonAutoConfiguration.Jackson2ObjectMapperBuilderCustomizerConfiguration matched:
      - @ConditionalOnClass found required class 'org.springframework.http.converter.json.Jackson2ObjectMapperBuilder' (OnClassCondition)

   JacksonAutoConfiguration.JacksonObjectMapperBuilderConfiguration matched:
      - @ConditionalOnClass found required class 'org.springframework.http.converter.json.Jackson2ObjectMapperBuilder' (OnClassCondition)

   JacksonAutoConfiguration.JacksonObjectMapperBuilderConfiguration#jacksonObjectMapperBuilder matched:
      - @ConditionalOnMissingBean (types: org.springframework.http.converter.json.Jackson2ObjectMapperBuilder; SearchStrategy: all) did not find any beans (OnBeanCondition)

   JacksonAutoConfiguration.JacksonObjectMapperConfiguration matched:
      - @ConditionalOnClass found required class 'org.springframework.http.converter.json.Jackson2ObjectMapperBuilder' (OnClassCondition)

   JacksonAutoConfiguration.JacksonObjectMapperConfiguration#jacksonObjectMapper matched:
      - @ConditionalOnMissingBean (types: com.fasterxml.jackson.databind.ObjectMapper; SearchStrategy: all) did not find any beans (OnBeanCondition)

   JacksonAutoConfiguration.ParameterNamesModuleConfiguration matched:
      - @ConditionalOnClass found required class 'com.fasterxml.jackson.module.paramnames.ParameterNamesModule' (OnClassCondition)

   JacksonAutoConfiguration.ParameterNamesModuleConfiguration#parameterNamesModule matched:
      - @ConditionalOnMissingBean (types: com.fasterxml.jackson.module.paramnames.ParameterNamesModule; SearchStrategy: all) did not find any beans (OnBeanCondition)

   JacksonHttpMessageConvertersConfiguration.MappingJackson2HttpMessageConverterConfiguration matched:
      - @ConditionalOnClass found required class 'com.fasterxml.jackson.databind.ObjectMapper' (OnClassCondition)
      - @ConditionalOnProperty (spring.mvc.converters.preferred-json-mapper=jackson) matched (OnPropertyCondition)
      - @ConditionalOnBean (types: com.fasterxml.jackson.databind.ObjectMapper; SearchStrategy: all) found bean 'jacksonObjectMapper' (OnBeanCondition)

   JacksonHttpMessageConvertersConfiguration.MappingJackson2HttpMessageConverterConfiguration#mappingJackson2HttpMessageConverter matched:
      - @ConditionalOnMissingBean (types: org.springframework.http.converter.json.MappingJackson2HttpMessageConverter ignored: org.springframework.hateoas.server.mvc.TypeConstrainedMappingJackson2HttpMessageConverter,org.springframework.data.rest.webmvc.alps.AlpsJsonHttpMessageConverter; SearchStrategy: all) did not find any beans (OnBeanCondition)

   MockMvcAutoConfiguration matched:
      - found 'session' scope (OnWebApplicationCondition)

   MockMvcAutoConfiguration#dispatcherServlet matched:
      - @ConditionalOnMissingBean (types: org.springframework.web.servlet.DispatcherServlet; SearchStrategy: all) did not find any beans (OnBeanCondition)

   MockMvcAutoConfiguration#dispatcherServletPath matched:
      - @ConditionalOnMissingBean (types: org.springframework.boot.autoconfigure.web.servlet.DispatcherServletPath; SearchStrategy: all) did not find any beans (OnBeanCondition)

   MockMvcAutoConfiguration#mockMvc matched:
      - @ConditionalOnMissingBean (types: org.springframework.test.web.servlet.MockMvc; SearchStrategy: all) did not find any beans (OnBeanCondition)

   MockMvcAutoConfiguration#mockMvcBuilder matched:
      - @ConditionalOnMissingBean (types: org.springframework.test.web.servlet.MockMvcBuilder; SearchStrategy: all) did not find any beans (OnBeanCondition)

   NoOpCacheConfiguration matched:
      - Cache org.springframework.boot.autoconfigure.cache.NoOpCacheConfiguration NONE cache type (CacheCondition)

   SpringDataWebAutoConfiguration matched:
      - @ConditionalOnClass found required classes 'org.springframework.data.web.PageableHandlerMethodArgumentResolver', 'org.springframework.web.servlet.config.annotation.WebMvcConfigurer' (OnClassCondition)
      - found 'session' scope (OnWebApplicationCondition)
      - @ConditionalOnMissingBean (types: org.springframework.data.web.PageableHandlerMethodArgumentResolver; SearchStrategy: all) did not find any beans (OnBeanCondition)

   SpringDataWebAutoConfiguration#pageableCustomizer matched:
      - @ConditionalOnMissingBean (types: org.springframework.data.web.config.PageableHandlerMethodArgumentResolverCustomizer; SearchStrategy: all) did not find any beans (OnBeanCondition)

   SpringDataWebAutoConfiguration#sortCustomizer matched:
      - @ConditionalOnMissingBean (types: org.springframework.data.web.config.SortHandlerMethodArgumentResolverCustomizer; SearchStrategy: all) did not find any beans (OnBeanCondition)

   TaskExecutionAutoConfiguration matched:
      - @ConditionalOnClass found required class 'org.springframework.scheduling.concurrent.ThreadPoolTaskExecutor' (OnClassCondition)

   TaskExecutorConfigurations.SimpleAsyncTaskExecutorBuilderConfiguration#simpleAsyncTaskExecutorBuilder matched:
      - @ConditionalOnMissingBean (types: org.springframework.boot.task.SimpleAsyncTaskExecutorBuilder; SearchStrategy: all) did not find any beans (OnBeanCondition)
      - @ConditionalOnThreading found PLATFORM (OnThreadingCondition)

   TaskExecutorConfigurations.TaskExecutorBuilderConfiguration#taskExecutorBuilder matched:
      - @ConditionalOnMissingBean (types: org.springframework.boot.task.TaskExecutorBuilder; SearchStrategy: all) did not find any beans (OnBeanCondition)

   TaskExecutorConfigurations.TaskExecutorConfiguration matched:
      - @ConditionalOnMissingBean (types: java.util.concurrent.Executor; SearchStrategy: all) did not find any beans (OnBeanCondition)

   TaskExecutorConfigurations.TaskExecutorConfiguration#applicationTaskExecutor matched:
      - @ConditionalOnThreading found PLATFORM (OnThreadingCondition)

   TaskExecutorConfigurations.ThreadPoolTaskExecutorBuilderConfiguration#threadPoolTaskExecutorBuilder matched:
      - @ConditionalOnMissingBean (types: org.springframework.boot.task.TaskExecutorBuilder,org.springframework.boot.task.ThreadPoolTaskExecutorBuilder; SearchStrategy: all) did not find any beans (OnBeanCondition)

   WebMvcAutoConfiguration matched:
      - @ConditionalOnClass found required classes 'jakarta.servlet.Servlet', 'org.springframework.web.servlet.DispatcherServlet', 'org.springframework.web.servlet.config.annotation.WebMvcConfigurer' (OnClassCondition)
      - found 'session' scope (OnWebApplicationCondition)
      - @ConditionalOnMissingBean (types: org.springframework.web.servlet.config.annotation.WebMvcConfigurationSupport; SearchStrategy: all) did not find any beans (OnBeanCondition)

   WebMvcAutoConfiguration#formContentFilter matched:
      - @ConditionalOnProperty (spring.mvc.formcontent.filter.enabled) matched (OnPropertyCondition)
      - @ConditionalOnMissingBean (types: org.springframework.web.filter.FormContentFilter; SearchStrategy: all) did not find any beans (OnBeanCondition)

   WebMvcAutoConfiguration.EnableWebMvcConfiguration#flashMapManager matched:
      - @ConditionalOnMissingBean (names: flashMapManager; SearchStrategy: all) did not find any beans (OnBeanCondition)

   WebMvcAutoConfiguration.EnableWebMvcConfiguration#localeResolver matched:
      - @ConditionalOnMissingBean (names: localeResolver; SearchStrategy: all) did not find any beans (OnBeanCondition)

   WebMvcAutoConfiguration.EnableWebMvcConfiguration#themeResolver matched:
      - @ConditionalOnMissingBean (names: themeResolver; SearchStrategy: all) did not find any beans (OnBeanCondition)

   WebMvcAutoConfiguration.WebMvcAutoConfigurationAdapter#defaultViewResolver matched:
      - @ConditionalOnMissingBean (types: org.springframework.web.servlet.view.InternalResourceViewResolver; SearchStrategy: all) did not find any beans (OnBeanCondition)

   WebMvcAutoConfiguration.WebMvcAutoConfigurationAdapter#requestContextFilter matched:
      - @ConditionalOnMissingBean (types: org.springframework.web.context.request.RequestContextListener,org.springframework.web.filter.RequestContextFilter; SearchStrategy: all) did not find any beans (OnBeanCondition)

   WebMvcAutoConfiguration.WebMvcAutoConfigurationAdapter#viewResolver matched:
      - @ConditionalOnBean (types: org.springframework.web.servlet.ViewResolver; SearchStrategy: all) found beans 'defaultViewResolver', 'beanNameViewResolver', 'mvcViewResolver'; @ConditionalOnMissingBean (names: viewResolver types: org.springframework.web.servlet.view.ContentNegotiatingViewResolver; SearchStrategy: all) did not find any beans (OnBeanCondition)


Negative matches:
-----------------

   Cache2kCacheConfiguration:
      Did not match:
         - @ConditionalOnClass did not find required class 'org.cache2k.Cache2kBuilder' (OnClassCondition)

   CacheAutoConfiguration:
      Did not match:
         - @ConditionalOnBean (types: org.springframework.cache.interceptor.CacheAspectSupport; SearchStrategy: all) did not find any beans of type org.springframework.cache.interceptor.CacheAspectSupport (OnBeanCondition)
      Matched:
         - @ConditionalOnClass found required class 'org.springframework.cache.CacheManager' (OnClassCondition)

   CacheAutoConfiguration.CacheManagerEntityManagerFactoryDependsOnPostProcessor:
      Did not match:
         - Ancestor org.springframework.boot.autoconfigure.cache.CacheAutoConfiguration did not match (ConditionEvaluationReport.AncestorsMatchedCondition)
      Matched:
         - @ConditionalOnClass found required class 'org.springframework.orm.jpa.LocalContainerEntityManagerFactoryBean' (OnClassCondition)

   CaffeineCacheConfiguration:
      Did not match:
         - @ConditionalOnClass did not find required class 'com.github.benmanes.caffeine.cache.Caffeine' (OnClassCondition)

   CouchbaseCacheConfiguration:
      Did not match:
         - @ConditionalOnClass did not find required class 'com.couchbase.client.java.Cluster' (OnClassCondition)

   ErrorMvcAutoConfiguration.DefaultErrorViewResolverConfiguration#conventionErrorViewResolver:
      Did not match:
         - @ConditionalOnBean (types: org.springframework.web.servlet.DispatcherServlet; SearchStrategy: all) did not find any beans of type org.springframework.web.servlet.DispatcherServlet (OnBeanCondition)

   FreeMarkerAutoConfiguration:
      Did not match:
         - @ConditionalOnClass did not find required class 'freemarker.template.Configuration' (OnClassCondition)

   GenericCacheConfiguration:
      Did not match:
         - Cache org.springframework.boot.autoconfigure.cache.GenericCacheConfiguration unknown cache type (CacheCondition)

   GroovyTemplateAutoConfiguration:
      Did not match:
         - @ConditionalOnClass did not find required class 'groovy.text.markup.MarkupTemplateEngine' (OnClassCondition)

   GsonAutoConfiguration:
      Did not match:
         - @ConditionalOnClass did not find required class 'com.google.gson.Gson' (OnClassCondition)

   GsonHttpMessageConvertersConfiguration:
      Did not match:
         - @ConditionalOnClass did not find required class 'com.google.gson.Gson' (OnClassCondition)

   HazelcastCacheConfiguration:
      Did not match:
         - @ConditionalOnClass did not find required class 'com.hazelcast.core.HazelcastInstance' (OnClassCondition)

   InfinispanCacheConfiguration:
      Did not match:
         - @ConditionalOnClass did not find required class 'org.infinispan.spring.embedded.provider.SpringEmbeddedCacheManager' (OnClassCondition)

   JCacheCacheConfiguration:
      Did not match:
         - @ConditionalOnClass did not find required class 'javax.cache.Caching' (OnClassCondition)

   JacksonHttpMessageConvertersConfiguration.MappingJackson2XmlHttpMessageConverterConfiguration:
      Did not match:
         - @ConditionalOnClass did not find required class 'com.fasterxml.jackson.dataformat.xml.XmlMapper' (OnClassCondition)

   JsonbAutoConfiguration:
      Did not match:
         - @ConditionalOnClass did not find required class 'jakarta.json.bind.Jsonb' (OnClassCondition)

   JsonbHttpMessageConvertersConfiguration:
      Did not match:
         - @ConditionalOnClass did not find required class 'jakarta.json.bind.Jsonb' (OnClassCondition)

   MessageSourceAutoConfiguration:
      Did not match:
         - ResourceBundle did not find bundle with basename messages (MessageSourceAutoConfiguration.ResourceBundleCondition)

   MockMvcAutoConfiguration.WebTestClientMockMvcConfiguration:
      Did not match:
         - @ConditionalOnClass did not find required class 'org.springframework.web.reactive.function.client.WebClient' (OnClassCondition)

   MockMvcSecurityConfiguration:
      Did not match:
         - @ConditionalOnClass did not find required class 'org.springframework.security.test.web.servlet.request.SecurityMockMvcRequestPostProcessors' (OnClassCondition)

   MockMvcWebClientAutoConfiguration:
      Did not match:
         - @ConditionalOnClass did not find required class 'com.gargoylesoftware.htmlunit.WebClient' (OnClassCondition)

   MockMvcWebDriverAutoConfiguration:
      Did not match:
         - @ConditionalOnClass did not find required class 'org.openqa.selenium.htmlunit.HtmlUnitDriver' (OnClassCondition)

   MustacheAutoConfiguration:
      Did not match:
         - @ConditionalOnClass did not find required class 'com.samskivert.mustache.Mustache' (OnClassCondition)

   OAuth2ClientAutoConfiguration:
      Did not match:
         - @ConditionalOnClass did not find required class 'org.springframework.security.config.annotation.web.configuration.EnableWebSecurity' (OnClassCondition)

   OAuth2ResourceServerAutoConfiguration:
      Did not match:
         - @ConditionalOnClass did not find required class 'org.springframework.security.oauth2.server.resource.authentication.BearerTokenAuthenticationToken' (OnClassCondition)

   RedisCacheConfiguration:
      Did not match:
         - @ConditionalOnClass did not find required class 'org.springframework.data.redis.connection.RedisConnectionFactory' (OnClassCondition)

   SecurityAutoConfiguration:
      Did not match:
         - @ConditionalOnClass did not find required class 'org.springframework.security.authentication.DefaultAuthenticationEventPublisher' (OnClassCondition)

   SecurityFilterAutoConfiguration:
      Did not match:
         - @ConditionalOnClass did not find required class 'org.springframework.security.config.http.SessionCreationPolicy' (OnClassCondition)

   SimpleCacheConfiguration:
      Did not match:
         - Cache org.springframework.boot.autoconfigure.cache.SimpleCacheConfiguration unknown cache type (CacheCondition)

   TaskExecutorConfigurations.SimpleAsyncTaskExecutorBuilderConfiguration#simpleAsyncTaskExecutorBuilderVirtualThreads:
      Did not match:
         - @ConditionalOnMissingBean (types: org.springframework.boot.task.SimpleAsyncTaskExecutorBuilder; SearchStrategy: all) found beans of type 'org.springframework.boot.task.SimpleAsyncTaskExecutorBuilder' simpleAsyncTaskExecutorBuilder (OnBeanCondition)

   TaskExecutorConfigurations.TaskExecutorConfiguration#applicationTaskExecutorVirtualThreads:
      Did not match:
         - @ConditionalOnThreading did not find VIRTUAL (OnThreadingCondition)

   ThymeleafAutoConfiguration:
      Did not match:
         - @ConditionalOnClass did not find required class 'org.thymeleaf.spring6.SpringTemplateEngine' (OnClassCondition)

   UserDetailsServiceAutoConfiguration:
      Did not match:
         - @ConditionalOnClass did not find required class 'org.springframework.security.authentication.AuthenticationManager' (OnClassCondition)

   ValidationAutoConfiguration:
      Did not match:
         - @ConditionalOnClass did not find required class 'jakarta.validation.executable.ExecutableValidator' (OnClassCondition)

   WebMvcAutoConfiguration#hiddenHttpMethodFilter:
      Did not match:
         - @ConditionalOnProperty (spring.mvc.hiddenmethod.filter.enabled) did not find property 'enabled' (OnPropertyCondition)

   WebMvcAutoConfiguration.ProblemDetailsErrorHandlingConfiguration:
      Did not match:
         - @ConditionalOnProperty (spring.mvc.problemdetails.enabled=true) did not find property 'enabled' (OnPropertyCondition)

   WebMvcAutoConfiguration.ResourceChainCustomizerConfiguration:
      Did not match:
         - @ConditionalOnEnabledResourceChain did not find class org.webjars.WebJarAssetLocator (OnEnabledResourceChainCondition)

   WebMvcAutoConfiguration.WebMvcAutoConfigurationAdapter#beanNameViewResolver:
      Did not match:
         - @ConditionalOnMissingBean (types: org.springframework.web.servlet.view.BeanNameViewResolver; SearchStrategy: all) found beans of type 'org.springframework.web.servlet.view.BeanNameViewResolver' beanNameViewResolver (OnBeanCondition)

   WebTestClientAutoConfiguration:
      Did not match:
         - @ConditionalOnClass did not find required class 'org.springframework.web.reactive.function.client.WebClient' (OnClassCondition)


Exclusions:
-----------

    None


Unconditional classes:
----------------------

    None



2024-05-03T23:02:20.333-04:00  INFO 68711 --- [salessrv] [           main] c.e.s.controller.SaleControllerTest      : Started SaleControllerTest in 3.305 seconds (process running for 26.307)
2024-05-03T23:02:20.341-04:00 DEBUG 68711 --- [salessrv] [           main] org.springframework.test.context.cache   : Spring test ApplicationContext cache statistics: [DefaultContextCache@64b0ec4a size = 2, maxSize = 32, parentContextCount = 0, hitCount = 12, missCount = 3, failureCount = 1]
2024-05-03T23:02:20.342-04:00 DEBUG 68711 --- [salessrv] [           main] DependencyInjectionTestExecutionListener : Performing dependency injection for test class com.example.salessrv.controller.SaleControllerTest
2024-05-03T23:02:20.343-04:00 DEBUG 68711 --- [salessrv] [           main] org.springframework.test.context.cache   : Spring test ApplicationContext cache statistics: [DefaultContextCache@64b0ec4a size = 2, maxSize = 32, parentContextCount = 0, hitCount = 13, missCount = 3, failureCount = 1]
2024-05-03T23:02:20.376-04:00 DEBUG 68711 --- [salessrv] [           main] org.springframework.test.context.cache   : Spring test ApplicationContext cache statistics: [DefaultContextCache@64b0ec4a size = 2, maxSize = 32, parentContextCount = 0, hitCount = 14, missCount = 3, failureCount = 1]
2024-05-03T23:02:20.399-04:00 DEBUG 68711 --- [salessrv] [           main] sContextBeforeModesTestExecutionListener : Before test method: class [SaleControllerTest], method [getAllTest], class annotated with @DirtiesContext [false] with mode [null], method annotated with @DirtiesContext [false] with mode [null]
2024-05-03T23:02:20.413-04:00 DEBUG 68711 --- [salessrv] [           main] org.springframework.test.context.cache   : Spring test ApplicationContext cache statistics: [DefaultContextCache@64b0ec4a size = 2, maxSize = 32, parentContextCount = 0, hitCount = 15, missCount = 3, failureCount = 1]
2024-05-03T23:02:20.413-04:00 DEBUG 68711 --- [salessrv] [           main] org.springframework.test.context.cache   : Spring test ApplicationContext cache statistics: [DefaultContextCache@64b0ec4a size = 2, maxSize = 32, parentContextCount = 0, hitCount = 16, missCount = 3, failureCount = 1]
2024-05-03T23:02:20.428-04:00 DEBUG 68711 --- [salessrv] [           main] org.springframework.test.context.cache   : Spring test ApplicationContext cache statistics: [DefaultContextCache@64b0ec4a size = 2, maxSize = 32, parentContextCount = 0, hitCount = 17, missCount = 3, failureCount = 1]
2024-05-03T23:02:20.544-04:00 DEBUG 68711 --- [salessrv] [           main] o.s.t.web.servlet.TestDispatcherServlet  : GET "/sales", parameters={}
2024-05-03T23:02:20.595-04:00 DEBUG 68711 --- [salessrv] [           main] s.w.s.m.m.a.RequestMappingHandlerMapping : Mapped to com.example.salessrv.controller.SaleController#getAllSales()
2024-05-03T23:02:20.690-04:00  INFO 68711 --- [salessrv] [           main] c.e.salessrv.controller.SaleController   : GET /sales
2024-05-03T23:02:20.690-04:00  INFO 68711 --- [salessrv] [           main] c.e.salessrv.controller.SaleController   : Retornando todas las ventas
2024-05-03T23:02:20.969-04:00 DEBUG 68711 --- [salessrv] [           main] m.m.a.RequestResponseBodyMethodProcessor : Using 'application/hal+json', given [*/*] and supported [application/hal+json, application/json, application/*+json]
2024-05-03T23:02:20.981-04:00 DEBUG 68711 --- [salessrv] [           main] m.m.a.RequestResponseBodyMethodProcessor : Writing [CollectionModel { content: [EntityModel { content: Sale(id=null, saleDate=2004-05-01, products=null) (truncated)...]
2024-05-03T23:02:21.038-04:00 DEBUG 68711 --- [salessrv] [           main] o.s.t.web.servlet.TestDispatcherServlet  : Completed 200 OK
2024-05-03T23:02:21.049-04:00 DEBUG 68711 --- [salessrv] [           main] org.springframework.test.context.cache   : Spring test ApplicationContext cache statistics: [DefaultContextCache@64b0ec4a size = 2, maxSize = 32, parentContextCount = 0, hitCount = 18, missCount = 3, failureCount = 1]
2024-05-03T23:02:21.050-04:00 DEBUG 68711 --- [salessrv] [           main] org.springframework.test.context.cache   : Spring test ApplicationContext cache statistics: [DefaultContextCache@64b0ec4a size = 2, maxSize = 32, parentContextCount = 0, hitCount = 19, missCount = 3, failureCount = 1]
2024-05-03T23:02:21.050-04:00 DEBUG 68711 --- [salessrv] [           main] org.springframework.test.context.cache   : Spring test ApplicationContext cache statistics: [DefaultContextCache@64b0ec4a size = 2, maxSize = 32, parentContextCount = 0, hitCount = 20, missCount = 3, failureCount = 1]
2024-05-03T23:02:21.050-04:00 DEBUG 68711 --- [salessrv] [           main] org.springframework.test.context.cache   : Spring test ApplicationContext cache statistics: [DefaultContextCache@64b0ec4a size = 2, maxSize = 32, parentContextCount = 0, hitCount = 21, missCount = 3, failureCount = 1]
2024-05-03T23:02:21.050-04:00 DEBUG 68711 --- [salessrv] [           main] org.springframework.test.context.cache   : Spring test ApplicationContext cache statistics: [DefaultContextCache@64b0ec4a size = 2, maxSize = 32, parentContextCount = 0, hitCount = 22, missCount = 3, failureCount = 1]
2024-05-03T23:02:21.051-04:00 DEBUG 68711 --- [salessrv] [           main] org.springframework.test.context.cache   : Spring test ApplicationContext cache statistics: [DefaultContextCache@64b0ec4a size = 2, maxSize = 32, parentContextCount = 0, hitCount = 23, missCount = 3, failureCount = 1]
2024-05-03T23:02:21.052-04:00 DEBUG 68711 --- [salessrv] [           main] .c.s.DirtiesContextTestExecutionListener : After test method: class [SaleControllerTest], method [getAllTest], class annotated with @DirtiesContext [false] with mode [null], method annotated with @DirtiesContext [false] with mode [null]
]]></system-out>
  </testcase>
</testsuite>