<?xml version="1.0" encoding="UTF-8"?>
<testsuite xmlns:xsi="http://www.w3.org/2001/XMLSchema-instance" xsi:noNamespaceSchemaLocation="https://maven.apache.org/surefire/maven-surefire-plugin/xsd/surefire-test-report-3.0.xsd" version="3.0" name="com.example.salessrv.SalessrvApplicationTests" time="6.581" tests="1" errors="0" skipped="0" failures="0">
  <properties>
[...]
</properties>
  <testcase name="contextLoads" classname="com.example.salessrv.SalessrvApplicationTests" time="0.016">
    <system-out><![CDATA[2024-05-01T22:51:04.462-04:00 DEBUG 181167 --- [salessrv] [           main] .b.t.c.SpringBootTestContextBootstrapper : Neither @ContextConfiguration nor @ContextHierarchy found for test class [SalessrvApplicationTests]: using SpringBootContextLoader
2024-05-01T22:51:04.476-04:00 DEBUG 181167 --- [salessrv] [           main] o.s.t.c.support.AbstractContextLoader    : Could not detect default resource locations for test class [com.example.salessrv.SalessrvApplicationTests]: no resource found for suffixes {-context.xml, Context.groovy}.
2024-05-01T22:51:04.478-04:00  INFO 181167 --- [salessrv] [           main] t.c.s.AnnotationConfigContextLoaderUtils : Could not detect default configuration classes for test class [com.example.salessrv.SalessrvApplicationTests]: SalessrvApplicationTests does not declare any static, non-private, non-final, nested classes annotated with @Configuration.
2024-05-01T22:51:04.483-04:00 DEBUG 181167 --- [salessrv] [           main] .b.t.c.SpringBootTestContextBootstrapper : Using ContextCustomizerFactory implementations for test class [SalessrvApplicationTests]: [ImportsContextCustomizerFactory, ExcludeFilterContextCustomizerFactory, HttpGraphQlTesterContextCustomizerFactory, DuplicateJsonObjectContextCustomizerFactory, MockitoContextCustomizerFactory, TestRestTemplateContextCustomizerFactory, WebTestClientContextCustomizerFactory, OverrideAutoConfigurationContextCustomizerFactory, ObservabilityContextCustomizerFactory, TypeExcludeFiltersContextCustomizerFactory, PropertyMappingContextCustomizerFactory, WebDriverContextCustomizerFactory, MockServerContainerContextCustomizerFactory, DynamicPropertiesContextCustomizerFactory]
2024-05-01T22:51:04.495-04:00 DEBUG 181167 --- [salessrv] [           main] .b.t.c.SpringBootTestContextBootstrapper : Using ContextCustomizers for test class [SalessrvApplicationTests]: [ExcludeFilterContextCustomizer, DuplicateJsonObjectContextCustomizer, MockitoContextCustomizer, TestRestTemplateContextCustomizer, DisableObservabilityContextCustomizer, PropertyMappingContextCustomizer, WebDriverContextCustomizer]
2024-05-01T22:51:04.544-04:00 DEBUG 181167 --- [salessrv] [           main] ssPathScanningCandidateComponentProvider : Identified candidate component class: file [/home/romero-developments/Documentos/Ingeniería en desarrollo de software/DESARROLLO FULLSTACK I/Semana 9/salessrv/target/classes/com/example/salessrv/SalessrvApplication.class]
2024-05-01T22:51:04.545-04:00  INFO 181167 --- [salessrv] [           main] .b.t.c.SpringBootTestContextBootstrapper : Found @SpringBootConfiguration com.example.salessrv.SalessrvApplication for test class com.example.salessrv.SalessrvApplicationTests
2024-05-01T22:51:04.553-04:00 DEBUG 181167 --- [salessrv] [           main] .s.t.c.u.TestContextSpringFactoriesUtils : Skipping candidate TestExecutionListener [org.springframework.test.context.observation.MicrometerObservationRegistryTestExecutionListener] due to a missing dependency. Specify custom TestExecutionListener classes or make the default TestExecutionListener classes and their required dependencies available. Offending class: io.micrometer.context.ThreadLocalAccessor. MicrometerObservationRegistryTestExecutionListener requires io.micrometer:micrometer-observation:1.10.8 or higher and io.micrometer:context-propagation:1.0.3 or higher.
2024-05-01T22:51:04.553-04:00 DEBUG 181167 --- [salessrv] [           main] .b.t.c.SpringBootTestContextBootstrapper : Using TestExecutionListeners for test class [SalessrvApplicationTests]: [ServletTestExecutionListener, DirtiesContextBeforeModesTestExecutionListener, ApplicationEventsTestExecutionListener, MockitoTestExecutionListener, DependencyInjectionTestExecutionListener, DirtiesContextTestExecutionListener, TransactionalTestExecutionListener, SqlScriptsTestExecutionListener, EventPublishingTestExecutionListener, ResetMocksTestExecutionListener, RestDocsTestExecutionListener, MockRestServiceServerResetTestExecutionListener, MockMvcPrintOnlyOnFailureTestExecutionListener, WebDriverTestExecutionListener, MockWebServiceServerTestExecutionListener]
2024-05-01T22:51:04.554-04:00 DEBUG 181167 --- [salessrv] [           main] sContextBeforeModesTestExecutionListener : Before test class: class [SalessrvApplicationTests], class annotated with @DirtiesContext [false] with mode [null]
2024-05-01T22:51:04.571-04:00  INFO 181167 --- [salessrv] [           main] o.s.b.d.r.RestartApplicationListener     : Restart disabled due to context in which it is running
2024-05-01T22:51:04.683-04:00 DEBUG 181167 --- [salessrv] [           main] .s.b.w.s.c.ApplicationServletEnvironment : Activating profiles []
2024-05-01T22:51:04.685-04:00 DEBUG 181167 --- [salessrv] [           main] o.s.c.e.PropertySourcesPropertyResolver  : Found key 'spring.application.name' in PropertySource 'configurationProperties' with value of type String

  .   ____          _            __ _ _
 /\\ / ___'_ __ _ _(_)_ __  __ _ \ \ \ \
( ( )\___ | '_ | '_| | '_ \/ _` | \ \ \ \
 \\/  ___)| |_)| | | | | || (_| |  ) ) ) )
  '  |____| .__|_| |_|_| |_\__, | / / / /
 =========|_|==============|___/=/_/_/_/
 :: Spring Boot ::                (v3.2.5)

2024-05-01T22:51:04.703-04:00  INFO 181167 --- [salessrv] [           main] c.e.salessrv.SalessrvApplicationTests    : Starting SalessrvApplicationTests using Java 17.0.10 with PID 181167 (started by romero-developments in /home/romero-developments/Documentos/Ingeniería en desarrollo de software/DESARROLLO FULLSTACK I/Semana 9/salessrv)
2024-05-01T22:51:04.703-04:00  INFO 181167 --- [salessrv] [           main] c.e.salessrv.SalessrvApplicationTests    : No active profile set, falling back to 1 default profile: "default"
2024-05-01T22:51:04.703-04:00 DEBUG 181167 --- [salessrv] [           main] o.s.boot.SpringApplication               : Loading source class com.example.salessrv.SalessrvApplication
2024-05-01T22:51:04.712-04:00 DEBUG 181167 --- [salessrv] [           main] o.s.w.c.s.GenericWebApplicationContext   : Refreshing org.springframework.web.context.support.GenericWebApplicationContext@73f0b216
2024-05-01T22:51:04.725-04:00 DEBUG 181167 --- [salessrv] [           main] o.s.b.f.s.DefaultListableBeanFactory     : Creating shared instance of singleton bean 'org.springframework.context.annotation.internalConfigurationAnnotationProcessor'
2024-05-01T22:51:04.726-04:00 DEBUG 181167 --- [salessrv] [           main] o.s.b.f.s.DefaultListableBeanFactory     : Creating shared instance of singleton bean 'org.springframework.boot.autoconfigure.internalCachingMetadataReaderFactory'
2024-05-01T22:51:04.760-04:00 DEBUG 181167 --- [salessrv] [           main] o.s.c.a.ClassPathBeanDefinitionScanner   : Identified candidate component class: file [/home/romero-developments/Documentos/Ingeniería en desarrollo de software/DESARROLLO FULLSTACK I/Semana 9/salessrv/target/classes/com/example/salessrv/controller/SaleController.class]
2024-05-01T22:51:04.764-04:00 DEBUG 181167 --- [salessrv] [           main] o.s.c.a.ClassPathBeanDefinitionScanner   : Identified candidate component class: file [/home/romero-developments/Documentos/Ingeniería en desarrollo de software/DESARROLLO FULLSTACK I/Semana 9/salessrv/target/classes/com/example/salessrv/exception/GlobalExceptionHandler.class]
2024-05-01T22:51:04.766-04:00 DEBUG 181167 --- [salessrv] [           main] o.s.c.a.ClassPathBeanDefinitionScanner   : Identified candidate component class: file [/home/romero-developments/Documentos/Ingeniería en desarrollo de software/DESARROLLO FULLSTACK I/Semana 9/salessrv/target/classes/com/example/salessrv/service/SaleServiceImpl.class]
2024-05-01T22:51:05.506-04:00  INFO 181167 --- [salessrv] [           main] .s.d.r.c.RepositoryConfigurationDelegate : Multiple Spring Data modules found, entering strict repository configuration mode
2024-05-01T22:51:05.507-04:00  INFO 181167 --- [salessrv] [           main] .s.d.r.c.RepositoryConfigurationDelegate : Bootstrapping Spring Data JDBC repositories in DEFAULT mode.
2024-05-01T22:51:05.507-04:00 DEBUG 181167 --- [salessrv] [           main] o.s.b.f.s.DefaultListableBeanFactory     : Creating shared instance of singleton bean 'org.springframework.boot.autoconfigure.AutoConfigurationPackages'
2024-05-01T22:51:05.507-04:00 DEBUG 181167 --- [salessrv] [           main] o.s.b.a.AutoConfigurationPackages        : @EnableAutoConfiguration was declared on a class in the package 'com.example.salessrv'. Automatic @Repository and @Entity scanning is enabled.
2024-05-01T22:51:05.508-04:00 DEBUG 181167 --- [salessrv] [           main] .s.d.r.c.RepositoryConfigurationDelegate : Scanning for JDBC repositories in packages com.example.salessrv.
2024-05-01T22:51:05.515-04:00 DEBUG 181167 --- [salessrv] [           main] o.s.d.r.c.RepositoryComponentProvider    : Identified candidate component class: file [/home/romero-developments/Documentos/Ingeniería en desarrollo de software/DESARROLLO FULLSTACK I/Semana 9/salessrv/target/classes/com/example/salessrv/repository/ProductRepository.class]
2024-05-01T22:51:05.516-04:00 DEBUG 181167 --- [salessrv] [           main] o.s.d.r.c.RepositoryComponentProvider    : Identified candidate component class: file [/home/romero-developments/Documentos/Ingeniería en desarrollo de software/DESARROLLO FULLSTACK I/Semana 9/salessrv/target/classes/com/example/salessrv/repository/SaleRepository.class]
2024-05-01T22:51:05.517-04:00  INFO 181167 --- [salessrv] [           main] .RepositoryConfigurationExtensionSupport : Spring Data JDBC - Could not safely identify store assignment for repository candidate interface com.example.salessrv.repository.ProductRepository; If you want this repository to be a JDBC repository, consider annotating your entities with one of these annotations: org.springframework.data.relational.core.mapping.Table.
2024-05-01T22:51:05.517-04:00  INFO 181167 --- [salessrv] [           main] .RepositoryConfigurationExtensionSupport : Spring Data JDBC - Could not safely identify store assignment for repository candidate interface com.example.salessrv.repository.SaleRepository; If you want this repository to be a JDBC repository, consider annotating your entities with one of these annotations: org.springframework.data.relational.core.mapping.Table.
2024-05-01T22:51:05.517-04:00  INFO 181167 --- [salessrv] [           main] .s.d.r.c.RepositoryConfigurationDelegate : Finished Spring Data repository scanning in 9 ms. Found 0 JDBC repository interfaces.
2024-05-01T22:51:05.525-04:00  INFO 181167 --- [salessrv] [           main] .s.d.r.c.RepositoryConfigurationDelegate : Multiple Spring Data modules found, entering strict repository configuration mode
2024-05-01T22:51:05.525-04:00  INFO 181167 --- [salessrv] [           main] .s.d.r.c.RepositoryConfigurationDelegate : Bootstrapping Spring Data JPA repositories in DEFAULT mode.
2024-05-01T22:51:05.525-04:00 DEBUG 181167 --- [salessrv] [           main] .s.d.r.c.RepositoryConfigurationDelegate : Scanning for JPA repositories in packages com.example.salessrv.
2024-05-01T22:51:05.531-04:00 DEBUG 181167 --- [salessrv] [           main] o.s.d.r.c.RepositoryComponentProvider    : Identified candidate component class: file [/home/romero-developments/Documentos/Ingeniería en desarrollo de software/DESARROLLO FULLSTACK I/Semana 9/salessrv/target/classes/com/example/salessrv/repository/ProductRepository.class]
2024-05-01T22:51:05.532-04:00 DEBUG 181167 --- [salessrv] [           main] o.s.d.r.c.RepositoryComponentProvider    : Identified candidate component class: file [/home/romero-developments/Documentos/Ingeniería en desarrollo de software/DESARROLLO FULLSTACK I/Semana 9/salessrv/target/classes/com/example/salessrv/repository/SaleRepository.class]
2024-05-01T22:51:05.538-04:00 DEBUG 181167 --- [salessrv] [           main] ssPathScanningCandidateComponentProvider : Identified candidate component class: file [/home/romero-developments/Documentos/Ingeniería en desarrollo de software/DESARROLLO FULLSTACK I/Semana 9/salessrv/target/classes/com/example/salessrv/service/SaleServiceImpl.class]
2024-05-01T22:51:05.541-04:00  INFO 181167 --- [salessrv] [           main] .s.d.r.c.RepositoryConfigurationDelegate : Finished Spring Data repository scanning in 15 ms. Found 2 JPA repository interfaces.
2024-05-01T22:51:05.709-04:00 DEBUG 181167 --- [salessrv] [           main] o.s.b.f.s.DefaultListableBeanFactory     : Creating shared instance of singleton bean 'propertySourcesPlaceholderConfigurer'
2024-05-01T22:51:05.717-04:00 DEBUG 181167 --- [salessrv] [           main] o.s.b.f.s.DefaultListableBeanFactory     : Creating shared instance of singleton bean 'org.springframework.boot.test.mock.mockito.MockitoPostProcessor'
2024-05-01T22:51:05.718-04:00 DEBUG 181167 --- [salessrv] [           main] o.s.b.f.s.DefaultListableBeanFactory     : Creating shared instance of singleton bean 'org.springframework.boot.sql.init.dependency.DatabaseInitializationDependencyConfigurer$DependsOnDatabaseInitializationPostProcessor'
2024-05-01T22:51:05.718-04:00 DEBUG 181167 --- [salessrv] [           main] o.s.b.f.s.DefaultListableBeanFactory     : Creating shared instance of singleton bean 'emBeanDefinitionRegistrarPostProcessor'
2024-05-01T22:51:05.771-04:00 DEBUG 181167 --- [salessrv] [           main] o.s.b.f.s.DefaultListableBeanFactory     : Creating shared instance of singleton bean 'org.springframework.context.event.internalEventListenerProcessor'
2024-05-01T22:51:05.772-04:00 DEBUG 181167 --- [salessrv] [           main] o.s.b.f.s.DefaultListableBeanFactory     : Creating shared instance of singleton bean 'preserveErrorControllerTargetClassPostProcessor'
2024-05-01T22:51:05.773-04:00 DEBUG 181167 --- [salessrv] [           main] o.s.b.f.s.DefaultListableBeanFactory     : Creating shared instance of singleton bean 'org.springframework.context.event.internalEventListenerFactory'
2024-05-01T22:51:05.773-04:00 DEBUG 181167 --- [salessrv] [           main] o.s.b.f.s.DefaultListableBeanFactory     : Creating shared instance of singleton bean 'org.springframework.transaction.config.internalTransactionalEventListenerFactory'
2024-05-01T22:51:05.778-04:00 DEBUG 181167 --- [salessrv] [           main] o.s.b.f.s.DefaultListableBeanFactory     : Creating shared instance of singleton bean 'org.springframework.boot.test.mock.mockito.MockitoPostProcessor$SpyPostProcessor'
2024-05-01T22:51:05.779-04:00 DEBUG 181167 --- [salessrv] [           main] o.s.b.f.s.DefaultListableBeanFactory     : Creating shared instance of singleton bean 'org.springframework.context.annotation.internalAutowiredAnnotationProcessor'
2024-05-01T22:51:05.779-04:00 DEBUG 181167 --- [salessrv] [           main] o.s.b.f.s.DefaultListableBeanFactory     : Creating shared instance of singleton bean 'org.springframework.context.annotation.internalCommonAnnotationProcessor'
2024-05-01T22:51:05.781-04:00 DEBUG 181167 --- [salessrv] [           main] o.s.b.f.s.DefaultListableBeanFactory     : Creating shared instance of singleton bean 'org.springframework.context.annotation.internalPersistenceAnnotationProcessor'
2024-05-01T22:51:05.782-04:00 DEBUG 181167 --- [salessrv] [           main] o.s.b.f.s.DefaultListableBeanFactory     : Creating shared instance of singleton bean 'org.springframework.boot.context.properties.ConfigurationPropertiesBindingPostProcessor'
2024-05-01T22:51:05.782-04:00 DEBUG 181167 --- [salessrv] [           main] o.s.b.f.s.DefaultListableBeanFactory     : Creating shared instance of singleton bean 'org.springframework.boot.context.internalConfigurationPropertiesBinder'
2024-05-01T22:51:05.783-04:00 DEBUG 181167 --- [salessrv] [           main] o.s.b.f.s.DefaultListableBeanFactory     : Creating shared instance of singleton bean 'jdbcConnectionDetailsHikariBeanPostProcessor'
2024-05-01T22:51:05.784-04:00 DEBUG 181167 --- [salessrv] [           main] o.s.b.f.s.DefaultListableBeanFactory     : Creating shared instance of singleton bean 'org.springframework.aop.config.internalAutoProxyCreator'
2024-05-01T22:51:05.827-04:00 DEBUG 181167 --- [salessrv] [           main] o.s.b.f.s.DefaultListableBeanFactory     : Creating shared instance of singleton bean 'persistenceExceptionTranslationPostProcessor'
2024-05-01T22:51:05.837-04:00 DEBUG 181167 --- [salessrv] [           main] o.s.b.f.s.DefaultListableBeanFactory     : Autowiring by type from bean name 'persistenceExceptionTranslationPostProcessor' via factory method to bean named 'environment'
2024-05-01T22:51:05.846-04:00 DEBUG 181167 --- [salessrv] [           main] o.s.b.f.s.DefaultListableBeanFactory     : Creating shared instance of singleton bean 'webServerFactoryCustomizerBeanPostProcessor'
2024-05-01T22:51:05.852-04:00 DEBUG 181167 --- [salessrv] [           main] o.s.b.f.s.DefaultListableBeanFactory     : Creating shared instance of singleton bean 'errorPageRegistrarBeanPostProcessor'
2024-05-01T22:51:05.854-04:00 DEBUG 181167 --- [salessrv] [           main] o.s.b.f.s.DefaultListableBeanFactory     : Creating shared instance of singleton bean 'projectingArgumentResolverBeanPostProcessor'
2024-05-01T22:51:05.855-04:00 DEBUG 181167 --- [salessrv] [           main] o.s.b.f.s.DefaultListableBeanFactory     : Creating shared instance of singleton bean 'org.springframework.transaction.config.internalTransactionAdvisor'
2024-05-01T22:51:05.855-04:00 DEBUG 181167 --- [salessrv] [           main] o.s.b.f.s.DefaultListableBeanFactory     : Creating shared instance of singleton bean 'org.springframework.transaction.annotation.ProxyTransactionManagementConfiguration'
2024-05-01T22:51:05.873-04:00 DEBUG 181167 --- [salessrv] [           main] o.s.b.f.s.DefaultListableBeanFactory     : Creating shared instance of singleton bean 'transactionAttributeSource'
2024-05-01T22:51:05.875-04:00 DEBUG 181167 --- [salessrv] [           main] o.s.b.f.s.DefaultListableBeanFactory     : Creating shared instance of singleton bean 'transactionInterceptor'
2024-05-01T22:51:05.876-04:00 DEBUG 181167 --- [salessrv] [           main] o.s.b.f.s.DefaultListableBeanFactory     : Autowiring by type from bean name 'transactionInterceptor' via factory method to bean named 'transactionAttributeSource'
2024-05-01T22:51:05.877-04:00 DEBUG 181167 --- [salessrv] [           main] o.s.b.f.s.DefaultListableBeanFactory     : Autowiring by type from bean name 'org.springframework.transaction.config.internalTransactionAdvisor' via factory method to bean named 'transactionAttributeSource'
2024-05-01T22:51:05.877-04:00 DEBUG 181167 --- [salessrv] [           main] o.s.b.f.s.DefaultListableBeanFactory     : Autowiring by type from bean name 'org.springframework.transaction.config.internalTransactionAdvisor' via factory method to bean named 'transactionInterceptor'
2024-05-01T22:51:05.887-04:00 DEBUG 181167 --- [salessrv] [           main] o.s.b.f.s.DefaultListableBeanFactory     : Creating shared instance of singleton bean 'hypermediaRepresentionModelProcessorConfigurator'
2024-05-01T22:51:05.889-04:00 DEBUG 181167 --- [salessrv] [           main] o.s.b.f.s.DefaultListableBeanFactory     : Creating shared instance of singleton bean 'hypermediaRestTemplateBeanPostProcessor'
2024-05-01T22:51:05.894-04:00 DEBUG 181167 --- [salessrv] [           main] o.s.u.c.s.UiApplicationContextUtils      : Unable to locate ThemeSource with name 'themeSource': using default [org.springframework.ui.context.support.ResourceBundleThemeSource@1f612968]
2024-05-01T22:51:05.899-04:00 DEBUG 181167 --- [salessrv] [           main] o.s.b.f.s.DefaultListableBeanFactory     : Creating shared instance of singleton bean 'dataSourceScriptDatabaseInitializer'
2024-05-01T22:51:05.899-04:00 DEBUG 181167 --- [salessrv] [           main] o.s.b.f.s.DefaultListableBeanFactory     : Creating shared instance of singleton bean 'org.springframework.boot.autoconfigure.sql.init.DataSourceInitializationConfiguration'
2024-05-01T22:51:05.901-04:00 DEBUG 181167 --- [salessrv] [           main] o.s.b.f.s.DefaultListableBeanFactory     : Creating shared instance of singleton bean 'dataSource'
2024-05-01T22:51:05.901-04:00 DEBUG 181167 --- [salessrv] [           main] o.s.b.f.s.DefaultListableBeanFactory     : Creating shared instance of singleton bean 'org.springframework.boot.autoconfigure.jdbc.DataSourceConfiguration$Hikari'
2024-05-01T22:51:05.903-04:00 DEBUG 181167 --- [salessrv] [           main] o.s.b.f.s.DefaultListableBeanFactory     : Creating shared instance of singleton bean 'spring.datasource-org.springframework.boot.autoconfigure.jdbc.DataSourceProperties'
2024-05-01T22:51:05.904-04:00 DEBUG 181167 --- [salessrv] [           main] o.s.b.f.s.DefaultListableBeanFactory     : Creating shared instance of singleton bean 'org.springframework.boot.context.properties.BoundConfigurationProperties'
2024-05-01T22:51:05.924-04:00 DEBUG 181167 --- [salessrv] [           main] o.s.b.f.s.DefaultListableBeanFactory     : Creating shared instance of singleton bean 'jdbcConnectionDetails'
2024-05-01T22:51:05.924-04:00 DEBUG 181167 --- [salessrv] [           main] o.s.b.f.s.DefaultListableBeanFactory     : Creating shared instance of singleton bean 'org.springframework.boot.autoconfigure.jdbc.DataSourceAutoConfiguration$PooledDataSourceConfiguration'
2024-05-01T22:51:05.926-04:00 DEBUG 181167 --- [salessrv] [           main] o.s.b.f.s.DefaultListableBeanFactory     : Autowiring by type from bean name 'jdbcConnectionDetails' via factory method to bean named 'spring.datasource-org.springframework.boot.autoconfigure.jdbc.DataSourceProperties'
2024-05-01T22:51:05.927-04:00 DEBUG 181167 --- [salessrv] [           main] o.s.b.f.s.DefaultListableBeanFactory     : Autowiring by type from bean name 'dataSource' via factory method to bean named 'spring.datasource-org.springframework.boot.autoconfigure.jdbc.DataSourceProperties'
2024-05-01T22:51:05.927-04:00 DEBUG 181167 --- [salessrv] [           main] o.s.b.f.s.DefaultListableBeanFactory     : Autowiring by type from bean name 'dataSource' via factory method to bean named 'jdbcConnectionDetails'
2024-05-01T22:51:05.976-04:00 DEBUG 181167 --- [salessrv] [           main] o.s.b.f.s.DefaultListableBeanFactory     : Creating shared instance of singleton bean 'spring.sql.init-org.springframework.boot.autoconfigure.sql.init.SqlInitializationProperties'
2024-05-01T22:51:05.982-04:00 DEBUG 181167 --- [salessrv] [           main] o.s.b.f.s.DefaultListableBeanFactory     : Autowiring by type from bean name 'dataSourceScriptDatabaseInitializer' via factory method to bean named 'dataSource'
2024-05-01T22:51:05.982-04:00 DEBUG 181167 --- [salessrv] [           main] o.s.b.f.s.DefaultListableBeanFactory     : Autowiring by type from bean name 'dataSourceScriptDatabaseInitializer' via factory method to bean named 'spring.sql.init-org.springframework.boot.autoconfigure.sql.init.SqlInitializationProperties'
2024-05-01T22:51:05.984-04:00 DEBUG 181167 --- [salessrv] [           main] o.s.b.f.s.DefaultListableBeanFactory     : Creating shared instance of singleton bean 'entityManagerFactory'
2024-05-01T22:51:05.984-04:00 DEBUG 181167 --- [salessrv] [           main] o.s.b.f.s.DefaultListableBeanFactory     : Creating shared instance of singleton bean 'org.springframework.boot.autoconfigure.orm.jpa.HibernateJpaConfiguration'
2024-05-01T22:51:05.986-04:00 DEBUG 181167 --- [salessrv] [           main] o.s.b.f.s.DefaultListableBeanFactory     : Creating shared instance of singleton bean 'spring.jpa-org.springframework.boot.autoconfigure.orm.jpa.JpaProperties'
2024-05-01T22:51:06.000-04:00 DEBUG 181167 --- [salessrv] [           main] o.s.b.f.s.DefaultListableBeanFactory     : Creating shared instance of singleton bean 'spring.jpa.hibernate-org.springframework.boot.autoconfigure.orm.jpa.HibernateProperties'
2024-05-01T22:51:06.005-04:00 DEBUG 181167 --- [salessrv] [           main] o.s.b.f.s.DefaultListableBeanFactory     : Autowiring by type from bean name 'org.springframework.boot.autoconfigure.orm.jpa.HibernateJpaConfiguration' via constructor to bean named 'dataSource'
2024-05-01T22:51:06.005-04:00 DEBUG 181167 --- [salessrv] [           main] o.s.b.f.s.DefaultListableBeanFactory     : Autowiring by type from bean name 'org.springframework.boot.autoconfigure.orm.jpa.HibernateJpaConfiguration' via constructor to bean named 'spring.jpa-org.springframework.boot.autoconfigure.orm.jpa.JpaProperties'
2024-05-01T22:51:06.005-04:00 DEBUG 181167 --- [salessrv] [           main] o.s.b.f.s.DefaultListableBeanFactory     : Autowiring by type from bean name 'org.springframework.boot.autoconfigure.orm.jpa.HibernateJpaConfiguration' via constructor to bean named 'org.springframework.beans.factory.support.DefaultListableBeanFactory@3ba8fbc8'
2024-05-01T22:51:06.005-04:00 DEBUG 181167 --- [salessrv] [           main] o.s.b.f.s.DefaultListableBeanFactory     : Autowiring by type from bean name 'org.springframework.boot.autoconfigure.orm.jpa.HibernateJpaConfiguration' via constructor to bean named 'spring.jpa.hibernate-org.springframework.boot.autoconfigure.orm.jpa.HibernateProperties'
2024-05-01T22:51:06.009-04:00 DEBUG 181167 --- [salessrv] [           main] o.s.b.f.s.DefaultListableBeanFactory     : Creating shared instance of singleton bean 'hikariPoolDataSourceMetadataProvider'
2024-05-01T22:51:06.010-04:00 DEBUG 181167 --- [salessrv] [           main] o.s.b.f.s.DefaultListableBeanFactory     : Creating shared instance of singleton bean 'org.springframework.boot.autoconfigure.jdbc.metadata.DataSourcePoolMetadataProvidersConfiguration$HikariPoolDataSourceMetadataProviderConfiguration'
2024-05-01T22:51:06.019-04:00 DEBUG 181167 --- [salessrv] [           main] o.s.b.f.s.DefaultListableBeanFactory     : Creating shared instance of singleton bean 'entityManagerFactoryBuilder'
2024-05-01T22:51:06.020-04:00 DEBUG 181167 --- [salessrv] [           main] o.s.b.f.s.DefaultListableBeanFactory     : Creating shared instance of singleton bean 'jpaVendorAdapter'
2024-05-01T22:51:06.021-04:00 DEBUG 181167 --- [salessrv] [           main] o.s.b.f.s.DefaultListableBeanFactory     : Autowiring by type from bean name 'entityManagerFactoryBuilder' via factory method to bean named 'jpaVendorAdapter'
2024-05-01T22:51:06.026-04:00 DEBUG 181167 --- [salessrv] [           main] o.s.b.f.s.DefaultListableBeanFactory     : Creating shared instance of singleton bean 'persistenceManagedTypes'
2024-05-01T22:51:06.028-04:00 DEBUG 181167 --- [salessrv] [           main] o.s.b.f.s.DefaultListableBeanFactory     : Autowiring by type from bean name 'persistenceManagedTypes' via factory method to bean named 'org.springframework.beans.factory.support.DefaultListableBeanFactory@3ba8fbc8'
2024-05-01T22:51:06.028-04:00 DEBUG 181167 --- [salessrv] [           main] o.s.b.f.s.DefaultListableBeanFactory     : Autowiring by type from bean name 'persistenceManagedTypes' via factory method to bean named 'org.springframework.web.context.support.GenericWebApplicationContext@73f0b216'
2024-05-01T22:51:06.035-04:00 DEBUG 181167 --- [salessrv] [           main] o.s.b.f.s.DefaultListableBeanFactory     : Autowiring by type from bean name 'entityManagerFactory' via factory method to bean named 'entityManagerFactoryBuilder'
2024-05-01T22:51:06.035-04:00 DEBUG 181167 --- [salessrv] [           main] o.s.b.f.s.DefaultListableBeanFactory     : Autowiring by type from bean name 'entityManagerFactory' via factory method to bean named 'persistenceManagedTypes'
2024-05-01T22:51:06.036-04:00 DEBUG 181167 --- [salessrv] [           main] j.LocalContainerEntityManagerFactoryBean : Building JPA container EntityManagerFactory for persistence unit 'default'
2024-05-01T22:51:06.037-04:00 DEBUG 181167 --- [salessrv] [           main] o.hibernate.jpa.internal.util.LogHelper  : PersistenceUnitInfo [
	name: default
	persistence provider classname: null
	classloader: jdk.internal.loader.ClassLoaders$AppClassLoader@46fbb2c1
	excludeUnlistedClasses: true
	JTA datasource: null
	Non JTA datasource: HikariDataSource (null)
	Transaction type: RESOURCE_LOCAL
	PU root URL: file:/home/romero-developments/Documentos/Ingenier%c3%ada%20en%20desarrollo%20de%20software/DESARROLLO%20FULLSTACK%20I/Semana%209/salessrv/target/test-classes/
	Shared Cache Mode: UNSPECIFIED
	Validation Mode: AUTO
	Jar files URLs []
	Managed classes names [
		com.example.salessrv.Product
		com.example.salessrv.model.Sale]
	Mapping files names []
	Properties []
2024-05-01T22:51:06.037-04:00 DEBUG 181167 --- [salessrv] [           main] o.h.i.internal.IntegratorServiceImpl     : Adding Integrator [org.hibernate.boot.beanvalidation.BeanValidationIntegrator].
2024-05-01T22:51:06.037-04:00 DEBUG 181167 --- [salessrv] [           main] o.h.i.internal.IntegratorServiceImpl     : Adding Integrator [org.hibernate.cache.internal.CollectionCacheInvalidator].
2024-05-01T22:51:06.040-04:00 DEBUG 181167 --- [salessrv] [           main] org.hibernate.orm.idgen.factory          : Registering IdentifierGenerator strategy [uuid2] -> [org.hibernate.id.UUIDGenerator]
2024-05-01T22:51:06.041-04:00 DEBUG 181167 --- [salessrv] [           main] org.hibernate.orm.idgen.factory          : Registering IdentifierGenerator strategy [guid] -> [org.hibernate.id.GUIDGenerator]
2024-05-01T22:51:06.041-04:00 DEBUG 181167 --- [salessrv] [           main] org.hibernate.orm.idgen.factory          : Registering IdentifierGenerator strategy [uuid] -> [org.hibernate.id.UUIDHexGenerator]
2024-05-01T22:51:06.041-04:00 DEBUG 181167 --- [salessrv] [           main] org.hibernate.orm.idgen.factory          : Registering IdentifierGenerator strategy [uuid.hex] -> [org.hibernate.id.UUIDHexGenerator]
2024-05-01T22:51:06.041-04:00 DEBUG 181167 --- [salessrv] [           main] org.hibernate.orm.idgen.factory          : Registering IdentifierGenerator strategy [assigned] -> [org.hibernate.id.Assigned]
2024-05-01T22:51:06.041-04:00 DEBUG 181167 --- [salessrv] [           main] org.hibernate.orm.idgen.factory          : Registering IdentifierGenerator strategy [identity] -> [org.hibernate.id.IdentityGenerator]
2024-05-01T22:51:06.041-04:00 DEBUG 181167 --- [salessrv] [           main] org.hibernate.orm.idgen.factory          : Registering IdentifierGenerator strategy [select] -> [org.hibernate.id.SelectGenerator]
2024-05-01T22:51:06.041-04:00 DEBUG 181167 --- [salessrv] [           main] org.hibernate.orm.idgen.factory          : Registering IdentifierGenerator strategy [sequence] -> [org.hibernate.id.enhanced.SequenceStyleGenerator]
2024-05-01T22:51:06.041-04:00 DEBUG 181167 --- [salessrv] [           main] org.hibernate.orm.idgen.factory          : Registering IdentifierGenerator strategy [increment] -> [org.hibernate.id.IncrementGenerator]
2024-05-01T22:51:06.041-04:00 DEBUG 181167 --- [salessrv] [           main] org.hibernate.orm.idgen.factory          : Registering IdentifierGenerator strategy [foreign] -> [org.hibernate.id.ForeignGenerator]
2024-05-01T22:51:06.041-04:00 DEBUG 181167 --- [salessrv] [           main] org.hibernate.orm.idgen.factory          : Registering IdentifierGenerator strategy [enhanced-sequence] -> [org.hibernate.id.enhanced.SequenceStyleGenerator]
2024-05-01T22:51:06.041-04:00 DEBUG 181167 --- [salessrv] [           main] org.hibernate.orm.idgen.factory          : Registering IdentifierGenerator strategy [enhanced-table] -> [org.hibernate.id.enhanced.TableGenerator]
2024-05-01T22:51:06.041-04:00 DEBUG 181167 --- [salessrv] [           main] o.h.c.internal.RegionFactoryInitiator    : Cannot default RegionFactory based on registered strategies as `[]` RegionFactory strategies were registered
2024-05-01T22:51:06.041-04:00  INFO 181167 --- [salessrv] [           main] o.h.c.internal.RegionFactoryInitiator    : HHH000026: Second-level cache disabled
2024-05-01T22:51:06.042-04:00 DEBUG 181167 --- [salessrv] [           main] org.hibernate.type.BasicTypeRegistry     : Adding type registration boolean -> org.hibernate.type.BasicTypeReference@2913ca3e
2024-05-01T22:51:06.042-04:00 DEBUG 181167 --- [salessrv] [           main] org.hibernate.type.BasicTypeRegistry     : Adding type registration boolean -> org.hibernate.type.BasicTypeReference@2913ca3e
2024-05-01T22:51:06.042-04:00 DEBUG 181167 --- [salessrv] [           main] org.hibernate.type.BasicTypeRegistry     : Adding type registration java.lang.Boolean -> org.hibernate.type.BasicTypeReference@2913ca3e
2024-05-01T22:51:06.042-04:00 DEBUG 181167 --- [salessrv] [           main] org.hibernate.type.BasicTypeRegistry     : Adding type registration numeric_boolean -> org.hibernate.type.BasicTypeReference@636dbfe7
2024-05-01T22:51:06.042-04:00 DEBUG 181167 --- [salessrv] [           main] org.hibernate.type.BasicTypeRegistry     : Adding type registration org.hibernate.type.NumericBooleanConverter -> org.hibernate.type.BasicTypeReference@636dbfe7
2024-05-01T22:51:06.043-04:00 DEBUG 181167 --- [salessrv] [           main] org.hibernate.type.BasicTypeRegistry     : Adding type registration true_false -> org.hibernate.type.BasicTypeReference@42ecc554
2024-05-01T22:51:06.043-04:00 DEBUG 181167 --- [salessrv] [           main] org.hibernate.type.BasicTypeRegistry     : Adding type registration org.hibernate.type.TrueFalseConverter -> org.hibernate.type.BasicTypeReference@42ecc554
2024-05-01T22:51:06.043-04:00 DEBUG 181167 --- [salessrv] [           main] org.hibernate.type.BasicTypeRegistry     : Adding type registration yes_no -> org.hibernate.type.BasicTypeReference@443af394
2024-05-01T22:51:06.043-04:00 DEBUG 181167 --- [salessrv] [           main] org.hibernate.type.BasicTypeRegistry     : Adding type registration org.hibernate.type.YesNoConverter -> org.hibernate.type.BasicTypeReference@443af394
2024-05-01T22:51:06.043-04:00 DEBUG 181167 --- [salessrv] [           main] org.hibernate.type.BasicTypeRegistry     : Adding type registration byte -> org.hibernate.type.BasicTypeReference@734f8317
2024-05-01T22:51:06.043-04:00 DEBUG 181167 --- [salessrv] [           main] org.hibernate.type.BasicTypeRegistry     : Adding type registration byte -> org.hibernate.type.BasicTypeReference@734f8317
2024-05-01T22:51:06.043-04:00 DEBUG 181167 --- [salessrv] [           main] org.hibernate.type.BasicTypeRegistry     : Adding type registration java.lang.Byte -> org.hibernate.type.BasicTypeReference@734f8317
2024-05-01T22:51:06.043-04:00 DEBUG 181167 --- [salessrv] [           main] org.hibernate.type.BasicTypeRegistry     : Adding type registration binary -> org.hibernate.type.BasicTypeReference@7dd3981e
2024-05-01T22:51:06.043-04:00 DEBUG 181167 --- [salessrv] [           main] org.hibernate.type.BasicTypeRegistry     : Adding type registration byte[] -> org.hibernate.type.BasicTypeReference@7dd3981e
2024-05-01T22:51:06.043-04:00 DEBUG 181167 --- [salessrv] [           main] org.hibernate.type.BasicTypeRegistry     : Adding type registration [B -> org.hibernate.type.BasicTypeReference@7dd3981e
2024-05-01T22:51:06.043-04:00 DEBUG 181167 --- [salessrv] [           main] org.hibernate.type.BasicTypeRegistry     : Adding type registration binary_wrapper -> org.hibernate.type.BasicTypeReference@59313495
2024-05-01T22:51:06.043-04:00 DEBUG 181167 --- [salessrv] [           main] org.hibernate.type.BasicTypeRegistry     : Adding type registration wrapper-binary -> org.hibernate.type.BasicTypeReference@59313495
2024-05-01T22:51:06.043-04:00 DEBUG 181167 --- [salessrv] [           main] org.hibernate.type.BasicTypeRegistry     : Adding type registration image -> org.hibernate.type.BasicTypeReference@4a04ca74
2024-05-01T22:51:06.043-04:00 DEBUG 181167 --- [salessrv] [           main] org.hibernate.type.BasicTypeRegistry     : Adding type registration blob -> org.hibernate.type.BasicTypeReference@455cbf18
2024-05-01T22:51:06.043-04:00 DEBUG 181167 --- [salessrv] [           main] org.hibernate.type.BasicTypeRegistry     : Adding type registration java.sql.Blob -> org.hibernate.type.BasicTypeReference@455cbf18
2024-05-01T22:51:06.043-04:00 DEBUG 181167 --- [salessrv] [           main] org.hibernate.type.BasicTypeRegistry     : Adding type registration materialized_blob -> org.hibernate.type.BasicTypeReference@24aedcc5
2024-05-01T22:51:06.043-04:00 DEBUG 181167 --- [salessrv] [           main] org.hibernate.type.BasicTypeRegistry     : Adding type registration materialized_blob_wrapper -> org.hibernate.type.BasicTypeReference@74ebd159
2024-05-01T22:51:06.043-04:00 DEBUG 181167 --- [salessrv] [           main] org.hibernate.type.BasicTypeRegistry     : Adding type registration short -> org.hibernate.type.BasicTypeReference@1850f2da
2024-05-01T22:51:06.044-04:00 DEBUG 181167 --- [salessrv] [           main] org.hibernate.type.BasicTypeRegistry     : Adding type registration short -> org.hibernate.type.BasicTypeReference@1850f2da
2024-05-01T22:51:06.044-04:00 DEBUG 181167 --- [salessrv] [           main] org.hibernate.type.BasicTypeRegistry     : Adding type registration java.lang.Short -> org.hibernate.type.BasicTypeReference@1850f2da
2024-05-01T22:51:06.044-04:00 DEBUG 181167 --- [salessrv] [           main] org.hibernate.type.BasicTypeRegistry     : Adding type registration integer -> org.hibernate.type.BasicTypeReference@38d42ab7
2024-05-01T22:51:06.044-04:00 DEBUG 181167 --- [salessrv] [           main] org.hibernate.type.BasicTypeRegistry     : Adding type registration int -> org.hibernate.type.BasicTypeReference@38d42ab7
2024-05-01T22:51:06.044-04:00 DEBUG 181167 --- [salessrv] [           main] org.hibernate.type.BasicTypeRegistry     : Adding type registration java.lang.Integer -> org.hibernate.type.BasicTypeReference@38d42ab7
2024-05-01T22:51:06.044-04:00 DEBUG 181167 --- [salessrv] [           main] org.hibernate.type.BasicTypeRegistry     : Adding type registration long -> org.hibernate.type.BasicTypeReference@6ace919c
2024-05-01T22:51:06.044-04:00 DEBUG 181167 --- [salessrv] [           main] org.hibernate.type.BasicTypeRegistry     : Adding type registration long -> org.hibernate.type.BasicTypeReference@6ace919c
2024-05-01T22:51:06.044-04:00 DEBUG 181167 --- [salessrv] [           main] org.hibernate.type.BasicTypeRegistry     : Adding type registration java.lang.Long -> org.hibernate.type.BasicTypeReference@6ace919c
2024-05-01T22:51:06.044-04:00 DEBUG 181167 --- [salessrv] [           main] org.hibernate.type.BasicTypeRegistry     : Adding type registration float -> org.hibernate.type.BasicTypeReference@4005e485
2024-05-01T22:51:06.044-04:00 DEBUG 181167 --- [salessrv] [           main] org.hibernate.type.BasicTypeRegistry     : Adding type registration float -> org.hibernate.type.BasicTypeReference@4005e485
2024-05-01T22:51:06.044-04:00 DEBUG 181167 --- [salessrv] [           main] org.hibernate.type.BasicTypeRegistry     : Adding type registration java.lang.Float -> org.hibernate.type.BasicTypeReference@4005e485
2024-05-01T22:51:06.044-04:00 DEBUG 181167 --- [salessrv] [           main] org.hibernate.type.BasicTypeRegistry     : Adding type registration double -> org.hibernate.type.BasicTypeReference@5f5c187d
2024-05-01T22:51:06.044-04:00 DEBUG 181167 --- [salessrv] [           main] org.hibernate.type.BasicTypeRegistry     : Adding type registration double -> org.hibernate.type.BasicTypeReference@5f5c187d
2024-05-01T22:51:06.044-04:00 DEBUG 181167 --- [salessrv] [           main] org.hibernate.type.BasicTypeRegistry     : Adding type registration java.lang.Double -> org.hibernate.type.BasicTypeReference@5f5c187d
2024-05-01T22:51:06.044-04:00 DEBUG 181167 --- [salessrv] [           main] org.hibernate.type.BasicTypeRegistry     : Adding type registration big_integer -> org.hibernate.type.BasicTypeReference@464400b3
2024-05-01T22:51:06.044-04:00 DEBUG 181167 --- [salessrv] [           main] org.hibernate.type.BasicTypeRegistry     : Adding type registration java.math.BigInteger -> org.hibernate.type.BasicTypeReference@464400b3
2024-05-01T22:51:06.044-04:00 DEBUG 181167 --- [salessrv] [           main] org.hibernate.type.BasicTypeRegistry     : Adding type registration big_decimal -> org.hibernate.type.BasicTypeReference@58182b96
2024-05-01T22:51:06.044-04:00 DEBUG 181167 --- [salessrv] [           main] org.hibernate.type.BasicTypeRegistry     : Adding type registration java.math.BigDecimal -> org.hibernate.type.BasicTypeReference@58182b96
2024-05-01T22:51:06.044-04:00 DEBUG 181167 --- [salessrv] [           main] org.hibernate.type.BasicTypeRegistry     : Adding type registration character -> org.hibernate.type.BasicTypeReference@37d6dddc
2024-05-01T22:51:06.044-04:00 DEBUG 181167 --- [salessrv] [           main] org.hibernate.type.BasicTypeRegistry     : Adding type registration char -> org.hibernate.type.BasicTypeReference@37d6dddc
2024-05-01T22:51:06.044-04:00 DEBUG 181167 --- [salessrv] [           main] org.hibernate.type.BasicTypeRegistry     : Adding type registration java.lang.Character -> org.hibernate.type.BasicTypeReference@37d6dddc
2024-05-01T22:51:06.044-04:00 DEBUG 181167 --- [salessrv] [           main] org.hibernate.type.BasicTypeRegistry     : Adding type registration character_nchar -> org.hibernate.type.BasicTypeReference@8f6b4ab
2024-05-01T22:51:06.044-04:00 DEBUG 181167 --- [salessrv] [           main] org.hibernate.type.BasicTypeRegistry     : Adding type registration string -> org.hibernate.type.BasicTypeReference@6e517c9e
2024-05-01T22:51:06.044-04:00 DEBUG 181167 --- [salessrv] [           main] org.hibernate.type.BasicTypeRegistry     : Adding type registration java.lang.String -> org.hibernate.type.BasicTypeReference@6e517c9e
2024-05-01T22:51:06.044-04:00 DEBUG 181167 --- [salessrv] [           main] org.hibernate.type.BasicTypeRegistry     : Adding type registration nstring -> org.hibernate.type.BasicTypeReference@770cae59
2024-05-01T22:51:06.044-04:00 DEBUG 181167 --- [salessrv] [           main] org.hibernate.type.BasicTypeRegistry     : Adding type registration characters -> org.hibernate.type.BasicTypeReference@76b5a559
2024-05-01T22:51:06.044-04:00 DEBUG 181167 --- [salessrv] [           main] org.hibernate.type.BasicTypeRegistry     : Adding type registration char[] -> org.hibernate.type.BasicTypeReference@76b5a559
2024-05-01T22:51:06.044-04:00 DEBUG 181167 --- [salessrv] [           main] org.hibernate.type.BasicTypeRegistry     : Adding type registration [C -> org.hibernate.type.BasicTypeReference@76b5a559
2024-05-01T22:51:06.044-04:00 DEBUG 181167 --- [salessrv] [           main] org.hibernate.type.BasicTypeRegistry     : Adding type registration wrapper-characters -> org.hibernate.type.BasicTypeReference@4bdb04c8
2024-05-01T22:51:06.045-04:00 DEBUG 181167 --- [salessrv] [           main] org.hibernate.type.BasicTypeRegistry     : Adding type registration text -> org.hibernate.type.BasicTypeReference@2e8b24a1
2024-05-01T22:51:06.045-04:00 DEBUG 181167 --- [salessrv] [           main] org.hibernate.type.BasicTypeRegistry     : Adding type registration ntext -> org.hibernate.type.BasicTypeReference@3ce7394f
2024-05-01T22:51:06.045-04:00 DEBUG 181167 --- [salessrv] [           main] org.hibernate.type.BasicTypeRegistry     : Adding type registration clob -> org.hibernate.type.BasicTypeReference@6723cce7
2024-05-01T22:51:06.045-04:00 DEBUG 181167 --- [salessrv] [           main] org.hibernate.type.BasicTypeRegistry     : Adding type registration java.sql.Clob -> org.hibernate.type.BasicTypeReference@6723cce7
2024-05-01T22:51:06.045-04:00 DEBUG 181167 --- [salessrv] [           main] org.hibernate.type.BasicTypeRegistry     : Adding type registration nclob -> org.hibernate.type.BasicTypeReference@74cd798f
2024-05-01T22:51:06.045-04:00 DEBUG 181167 --- [salessrv] [           main] org.hibernate.type.BasicTypeRegistry     : Adding type registration java.sql.NClob -> org.hibernate.type.BasicTypeReference@74cd798f
2024-05-01T22:51:06.045-04:00 DEBUG 181167 --- [salessrv] [           main] org.hibernate.type.BasicTypeRegistry     : Adding type registration materialized_clob -> org.hibernate.type.BasicTypeReference@314f59b
2024-05-01T22:51:06.045-04:00 DEBUG 181167 --- [salessrv] [           main] org.hibernate.type.BasicTypeRegistry     : Adding type registration materialized_clob_char_array -> org.hibernate.type.BasicTypeReference@63c99f7
2024-05-01T22:51:06.045-04:00 DEBUG 181167 --- [salessrv] [           main] org.hibernate.type.BasicTypeRegistry     : Adding type registration materialized_clob_character_array -> org.hibernate.type.BasicTypeReference@7f012923
2024-05-01T22:51:06.045-04:00 DEBUG 181167 --- [salessrv] [           main] org.hibernate.type.BasicTypeRegistry     : Adding type registration materialized_nclob -> org.hibernate.type.BasicTypeReference@601f264d
2024-05-01T22:51:06.045-04:00 DEBUG 181167 --- [salessrv] [           main] org.hibernate.type.BasicTypeRegistry     : Adding type registration materialized_nclob_character_array -> org.hibernate.type.BasicTypeReference@4403bff8
2024-05-01T22:51:06.045-04:00 DEBUG 181167 --- [salessrv] [           main] org.hibernate.type.BasicTypeRegistry     : Adding type registration materialized_nclob_char_array -> org.hibernate.type.BasicTypeReference@261275ae
2024-05-01T22:51:06.045-04:00 DEBUG 181167 --- [salessrv] [           main] org.hibernate.type.BasicTypeRegistry     : Adding type registration Duration -> org.hibernate.type.BasicTypeReference@502c087e
2024-05-01T22:51:06.045-04:00 DEBUG 181167 --- [salessrv] [           main] org.hibernate.type.BasicTypeRegistry     : Adding type registration java.time.Duration -> org.hibernate.type.BasicTypeReference@502c087e
2024-05-01T22:51:06.045-04:00 DEBUG 181167 --- [salessrv] [           main] org.hibernate.type.BasicTypeRegistry     : Adding type registration LocalDateTime -> org.hibernate.type.BasicTypeReference@49986178
2024-05-01T22:51:06.046-04:00 DEBUG 181167 --- [salessrv] [           main] org.hibernate.type.BasicTypeRegistry     : Adding type registration java.time.LocalDateTime -> org.hibernate.type.BasicTypeReference@49986178
2024-05-01T22:51:06.046-04:00 DEBUG 181167 --- [salessrv] [           main] org.hibernate.type.BasicTypeRegistry     : Adding type registration LocalDate -> org.hibernate.type.BasicTypeReference@10bdfbcc
2024-05-01T22:51:06.046-04:00 DEBUG 181167 --- [salessrv] [           main] org.hibernate.type.BasicTypeRegistry     : Adding type registration java.time.LocalDate -> org.hibernate.type.BasicTypeReference@10bdfbcc
2024-05-01T22:51:06.046-04:00 DEBUG 181167 --- [salessrv] [           main] org.hibernate.type.BasicTypeRegistry     : Adding type registration LocalTime -> org.hibernate.type.BasicTypeReference@25b74370
2024-05-01T22:51:06.046-04:00 DEBUG 181167 --- [salessrv] [           main] org.hibernate.type.BasicTypeRegistry     : Adding type registration java.time.LocalTime -> org.hibernate.type.BasicTypeReference@25b74370
2024-05-01T22:51:06.046-04:00 DEBUG 181167 --- [salessrv] [           main] org.hibernate.type.BasicTypeRegistry     : Adding type registration OffsetDateTime -> org.hibernate.type.BasicTypeReference@15e8c040
2024-05-01T22:51:06.047-04:00 DEBUG 181167 --- [salessrv] [           main] org.hibernate.type.BasicTypeRegistry     : Adding type registration java.time.OffsetDateTime -> org.hibernate.type.BasicTypeReference@15e8c040
2024-05-01T22:51:06.047-04:00 DEBUG 181167 --- [salessrv] [           main] org.hibernate.type.BasicTypeRegistry     : Adding type registration OffsetDateTimeWithTimezone -> org.hibernate.type.BasicTypeReference@1f71e024
2024-05-01T22:51:06.047-04:00 DEBUG 181167 --- [salessrv] [           main] org.hibernate.type.BasicTypeRegistry     : Adding type registration OffsetDateTimeWithoutTimezone -> org.hibernate.type.BasicTypeReference@60ed0b9d
2024-05-01T22:51:06.047-04:00 DEBUG 181167 --- [salessrv] [           main] org.hibernate.type.BasicTypeRegistry     : Adding type registration OffsetTime -> org.hibernate.type.BasicTypeReference@7f5e6833
2024-05-01T22:51:06.047-04:00 DEBUG 181167 --- [salessrv] [           main] org.hibernate.type.BasicTypeRegistry     : Adding type registration java.time.OffsetTime -> org.hibernate.type.BasicTypeReference@7f5e6833
2024-05-01T22:51:06.047-04:00 DEBUG 181167 --- [salessrv] [           main] org.hibernate.type.BasicTypeRegistry     : Adding type registration OffsetTimeUtc -> org.hibernate.type.BasicTypeReference@2c674d58
2024-05-01T22:51:06.047-04:00 DEBUG 181167 --- [salessrv] [           main] org.hibernate.type.BasicTypeRegistry     : Adding type registration OffsetTimeWithTimezone -> org.hibernate.type.BasicTypeReference@3c07e830
2024-05-01T22:51:06.047-04:00 DEBUG 181167 --- [salessrv] [           main] org.hibernate.type.BasicTypeRegistry     : Adding type registration OffsetTimeWithoutTimezone -> org.hibernate.type.BasicTypeReference@34beadce
2024-05-01T22:51:06.047-04:00 DEBUG 181167 --- [salessrv] [           main] org.hibernate.type.BasicTypeRegistry     : Adding type registration ZonedDateTime -> org.hibernate.type.BasicTypeReference@382d549a
2024-05-01T22:51:06.047-04:00 DEBUG 181167 --- [salessrv] [           main] org.hibernate.type.BasicTypeRegistry     : Adding type registration java.time.ZonedDateTime -> org.hibernate.type.BasicTypeReference@382d549a
2024-05-01T22:51:06.047-04:00 DEBUG 181167 --- [salessrv] [           main] org.hibernate.type.BasicTypeRegistry     : Adding type registration ZonedDateTimeWithTimezone -> org.hibernate.type.BasicTypeReference@2eb6d34a
2024-05-01T22:51:06.047-04:00 DEBUG 181167 --- [salessrv] [           main] org.hibernate.type.BasicTypeRegistry     : Adding type registration ZonedDateTimeWithoutTimezone -> org.hibernate.type.BasicTypeReference@2d73e8c4
2024-05-01T22:51:06.047-04:00 DEBUG 181167 --- [salessrv] [           main] org.hibernate.type.BasicTypeRegistry     : Adding type registration date -> org.hibernate.type.BasicTypeReference@6ce2e079
2024-05-01T22:51:06.047-04:00 DEBUG 181167 --- [salessrv] [           main] org.hibernate.type.BasicTypeRegistry     : Adding type registration java.sql.Date -> org.hibernate.type.BasicTypeReference@6ce2e079
2024-05-01T22:51:06.047-04:00 DEBUG 181167 --- [salessrv] [           main] org.hibernate.type.BasicTypeRegistry     : Adding type registration time -> org.hibernate.type.BasicTypeReference@3e39e0fb
2024-05-01T22:51:06.047-04:00 DEBUG 181167 --- [salessrv] [           main] org.hibernate.type.BasicTypeRegistry     : Adding type registration java.sql.Time -> org.hibernate.type.BasicTypeReference@3e39e0fb
2024-05-01T22:51:06.047-04:00 DEBUG 181167 --- [salessrv] [           main] org.hibernate.type.BasicTypeRegistry     : Adding type registration timestamp -> org.hibernate.type.BasicTypeReference@260d48f5
2024-05-01T22:51:06.047-04:00 DEBUG 181167 --- [salessrv] [           main] org.hibernate.type.BasicTypeRegistry     : Adding type registration java.sql.Timestamp -> org.hibernate.type.BasicTypeReference@260d48f5
2024-05-01T22:51:06.047-04:00 DEBUG 181167 --- [salessrv] [           main] org.hibernate.type.BasicTypeRegistry     : Adding type registration java.util.Date -> org.hibernate.type.BasicTypeReference@260d48f5
2024-05-01T22:51:06.047-04:00 DEBUG 181167 --- [salessrv] [           main] org.hibernate.type.BasicTypeRegistry     : Adding type registration calendar -> org.hibernate.type.BasicTypeReference@148ab138
2024-05-01T22:51:06.047-04:00 DEBUG 181167 --- [salessrv] [           main] org.hibernate.type.BasicTypeRegistry     : Adding type registration java.util.Calendar -> org.hibernate.type.BasicTypeReference@148ab138
2024-05-01T22:51:06.048-04:00 DEBUG 181167 --- [salessrv] [           main] org.hibernate.type.BasicTypeRegistry     : Adding type registration java.util.GregorianCalendar -> org.hibernate.type.BasicTypeReference@148ab138
2024-05-01T22:51:06.048-04:00 DEBUG 181167 --- [salessrv] [           main] org.hibernate.type.BasicTypeRegistry     : Adding type registration calendar_date -> org.hibernate.type.BasicTypeReference@6f106af8
2024-05-01T22:51:06.048-04:00 DEBUG 181167 --- [salessrv] [           main] org.hibernate.type.BasicTypeRegistry     : Adding type registration calendar_time -> org.hibernate.type.BasicTypeReference@1edf71d9
2024-05-01T22:51:06.048-04:00 DEBUG 181167 --- [salessrv] [           main] org.hibernate.type.BasicTypeRegistry     : Adding type registration instant -> org.hibernate.type.BasicTypeReference@52d9d817
2024-05-01T22:51:06.048-04:00 DEBUG 181167 --- [salessrv] [           main] org.hibernate.type.BasicTypeRegistry     : Adding type registration java.time.Instant -> org.hibernate.type.BasicTypeReference@52d9d817
2024-05-01T22:51:06.048-04:00 DEBUG 181167 --- [salessrv] [           main] org.hibernate.type.BasicTypeRegistry     : Adding type registration uuid -> org.hibernate.type.BasicTypeReference@131ba005
2024-05-01T22:51:06.048-04:00 DEBUG 181167 --- [salessrv] [           main] org.hibernate.type.BasicTypeRegistry     : Adding type registration java.util.UUID -> org.hibernate.type.BasicTypeReference@131ba005
2024-05-01T22:51:06.048-04:00 DEBUG 181167 --- [salessrv] [           main] org.hibernate.type.BasicTypeRegistry     : Adding type registration pg-uuid -> org.hibernate.type.BasicTypeReference@131ba005
2024-05-01T22:51:06.048-04:00 DEBUG 181167 --- [salessrv] [           main] org.hibernate.type.BasicTypeRegistry     : Adding type registration uuid-binary -> org.hibernate.type.BasicTypeReference@7f305f34
2024-05-01T22:51:06.048-04:00 DEBUG 181167 --- [salessrv] [           main] org.hibernate.type.BasicTypeRegistry     : Adding type registration uuid-char -> org.hibernate.type.BasicTypeReference@1a84a8b2
2024-05-01T22:51:06.048-04:00 DEBUG 181167 --- [salessrv] [           main] org.hibernate.type.BasicTypeRegistry     : Adding type registration class -> org.hibernate.type.BasicTypeReference@601d295
2024-05-01T22:51:06.048-04:00 DEBUG 181167 --- [salessrv] [           main] org.hibernate.type.BasicTypeRegistry     : Adding type registration java.lang.Class -> org.hibernate.type.BasicTypeReference@601d295
2024-05-01T22:51:06.048-04:00 DEBUG 181167 --- [salessrv] [           main] org.hibernate.type.BasicTypeRegistry     : Adding type registration currency -> org.hibernate.type.BasicTypeReference@485451d8
2024-05-01T22:51:06.048-04:00 DEBUG 181167 --- [salessrv] [           main] org.hibernate.type.BasicTypeRegistry     : Adding type registration Currency -> org.hibernate.type.BasicTypeReference@485451d8
2024-05-01T22:51:06.048-04:00 DEBUG 181167 --- [salessrv] [           main] org.hibernate.type.BasicTypeRegistry     : Adding type registration java.util.Currency -> org.hibernate.type.BasicTypeReference@485451d8
2024-05-01T22:51:06.048-04:00 DEBUG 181167 --- [salessrv] [           main] org.hibernate.type.BasicTypeRegistry     : Adding type registration locale -> org.hibernate.type.BasicTypeReference@35e07e19
2024-05-01T22:51:06.048-04:00 DEBUG 181167 --- [salessrv] [           main] org.hibernate.type.BasicTypeRegistry     : Adding type registration java.util.Locale -> org.hibernate.type.BasicTypeReference@35e07e19
2024-05-01T22:51:06.048-04:00 DEBUG 181167 --- [salessrv] [           main] org.hibernate.type.BasicTypeRegistry     : Adding type registration serializable -> org.hibernate.type.BasicTypeReference@a1e912f
2024-05-01T22:51:06.048-04:00 DEBUG 181167 --- [salessrv] [           main] org.hibernate.type.BasicTypeRegistry     : Adding type registration java.io.Serializable -> org.hibernate.type.BasicTypeReference@a1e912f
2024-05-01T22:51:06.048-04:00 DEBUG 181167 --- [salessrv] [           main] org.hibernate.type.BasicTypeRegistry     : Adding type registration timezone -> org.hibernate.type.BasicTypeReference@2036f83
2024-05-01T22:51:06.048-04:00 DEBUG 181167 --- [salessrv] [           main] org.hibernate.type.BasicTypeRegistry     : Adding type registration java.util.TimeZone -> org.hibernate.type.BasicTypeReference@2036f83
2024-05-01T22:51:06.048-04:00 DEBUG 181167 --- [salessrv] [           main] org.hibernate.type.BasicTypeRegistry     : Adding type registration ZoneOffset -> org.hibernate.type.BasicTypeReference@68b3248a
2024-05-01T22:51:06.048-04:00 DEBUG 181167 --- [salessrv] [           main] org.hibernate.type.BasicTypeRegistry     : Adding type registration java.time.ZoneOffset -> org.hibernate.type.BasicTypeReference@68b3248a
2024-05-01T22:51:06.048-04:00 DEBUG 181167 --- [salessrv] [           main] org.hibernate.type.BasicTypeRegistry     : Adding type registration url -> org.hibernate.type.BasicTypeReference@5e158f33
2024-05-01T22:51:06.048-04:00 DEBUG 181167 --- [salessrv] [           main] org.hibernate.type.BasicTypeRegistry     : Adding type registration java.net.URL -> org.hibernate.type.BasicTypeReference@5e158f33
2024-05-01T22:51:06.048-04:00 DEBUG 181167 --- [salessrv] [           main] org.hibernate.type.BasicTypeRegistry     : Adding type registration vector -> org.hibernate.type.BasicTypeReference@20fcea37
2024-05-01T22:51:06.048-04:00 DEBUG 181167 --- [salessrv] [           main] org.hibernate.type.BasicTypeRegistry     : Adding type registration row_version -> org.hibernate.type.BasicTypeReference@399af6dc
2024-05-01T22:51:06.048-04:00 DEBUG 181167 --- [salessrv] [           main] org.hibernate.type.BasicTypeRegistry     : Adding type registration object -> org.hibernate.type.JavaObjectType@42ff9a77
2024-05-01T22:51:06.049-04:00 DEBUG 181167 --- [salessrv] [           main] org.hibernate.type.BasicTypeRegistry     : Adding type registration java.lang.Object -> org.hibernate.type.JavaObjectType@42ff9a77
2024-05-01T22:51:06.049-04:00 DEBUG 181167 --- [salessrv] [           main] org.hibernate.type.BasicTypeRegistry     : Adding type registration null -> org.hibernate.type.NullType@47fa3671
2024-05-01T22:51:06.049-04:00 DEBUG 181167 --- [salessrv] [           main] org.hibernate.type.BasicTypeRegistry     : Adding type registration imm_date -> org.hibernate.type.BasicTypeReference@335ff774
2024-05-01T22:51:06.049-04:00 DEBUG 181167 --- [salessrv] [           main] org.hibernate.type.BasicTypeRegistry     : Adding type registration imm_time -> org.hibernate.type.BasicTypeReference@386b4f7e
2024-05-01T22:51:06.049-04:00 DEBUG 181167 --- [salessrv] [           main] org.hibernate.type.BasicTypeRegistry     : Adding type registration imm_timestamp -> org.hibernate.type.BasicTypeReference@4c131823
2024-05-01T22:51:06.049-04:00 DEBUG 181167 --- [salessrv] [           main] org.hibernate.type.BasicTypeRegistry     : Adding type registration imm_calendar -> org.hibernate.type.BasicTypeReference@2453cbb7
2024-05-01T22:51:06.049-04:00 DEBUG 181167 --- [salessrv] [           main] org.hibernate.type.BasicTypeRegistry     : Adding type registration imm_calendar_date -> org.hibernate.type.BasicTypeReference@68fb6c1e
2024-05-01T22:51:06.049-04:00 DEBUG 181167 --- [salessrv] [           main] org.hibernate.type.BasicTypeRegistry     : Adding type registration imm_calendar_time -> org.hibernate.type.BasicTypeReference@a89dec0
2024-05-01T22:51:06.049-04:00 DEBUG 181167 --- [salessrv] [           main] org.hibernate.type.BasicTypeRegistry     : Adding type registration imm_binary -> org.hibernate.type.BasicTypeReference@5e8f1db2
2024-05-01T22:51:06.049-04:00 DEBUG 181167 --- [salessrv] [           main] org.hibernate.type.BasicTypeRegistry     : Adding type registration imm_serializable -> org.hibernate.type.BasicTypeReference@64bb6ba7
2024-05-01T22:51:06.051-04:00 DEBUG 181167 --- [salessrv] [           main] o.h.boot.internal.BootstrapContextImpl   : Injecting JPA temp ClassLoader [org.springframework.instrument.classloading.SimpleThrowawayClassLoader@13a8cb4e] into BootstrapContext; was [null]
2024-05-01T22:51:06.051-04:00 DEBUG 181167 --- [salessrv] [           main] o.h.boot.internal.ClassLoaderAccessImpl  : ClassLoaderAccessImpl#injectTempClassLoader(org.springframework.instrument.classloading.SimpleThrowawayClassLoader@13a8cb4e) [was null]
2024-05-01T22:51:06.051-04:00 DEBUG 181167 --- [salessrv] [           main] o.h.boot.internal.BootstrapContextImpl   : Injecting ScanEnvironment [org.hibernate.jpa.boot.internal.StandardJpaScanEnvironmentImpl@35ec3604] into BootstrapContext; was [null]
2024-05-01T22:51:06.051-04:00 DEBUG 181167 --- [salessrv] [           main] o.h.boot.internal.BootstrapContextImpl   : Injecting ScanOptions [org.hibernate.boot.archive.scan.internal.StandardScanOptions@ab5954d] into BootstrapContext; was [org.hibernate.boot.archive.scan.internal.StandardScanOptions@466f7259]
2024-05-01T22:51:06.056-04:00  INFO 181167 --- [salessrv] [           main] o.s.o.j.p.SpringPersistenceUnitInfo      : No LoadTimeWeaver setup: ignoring JPA class transformer
2024-05-01T22:51:06.056-04:00 DEBUG 181167 --- [salessrv] [           main] o.h.boot.internal.BootstrapContextImpl   : Injecting JPA temp ClassLoader [null] into BootstrapContext; was [org.springframework.instrument.classloading.SimpleThrowawayClassLoader@13a8cb4e]
2024-05-01T22:51:06.056-04:00 DEBUG 181167 --- [salessrv] [           main] o.h.boot.internal.ClassLoaderAccessImpl  : ClassLoaderAccessImpl#injectTempClassLoader(null) [was org.springframework.instrument.classloading.SimpleThrowawayClassLoader@13a8cb4e]
2024-05-01T22:51:06.057-04:00  INFO 181167 --- [salessrv] [           main] com.zaxxer.hikari.HikariDataSource       : HikariPool-2 - Starting...
2024-05-01T22:51:06.058-04:00  WARN 181167 --- [salessrv] [           main] c.zaxxer.hikari.util.DriverDataSource    : Registered driver with driverClassName=oracle.jdbc.driver.OracleDriver was not found, trying direct instantiation.
2024-05-01T22:51:07.266-04:00  INFO 181167 --- [salessrv] [           main] com.zaxxer.hikari.pool.HikariPool        : HikariPool-2 - Added connection oracle.jdbc.driver.T4CConnection@3e7c66b3
2024-05-01T22:51:07.266-04:00  INFO 181167 --- [salessrv] [           main] com.zaxxer.hikari.HikariDataSource       : HikariPool-2 - Start completed.
2024-05-01T22:51:07.267-04:00 DEBUG 181167 --- [salessrv] [           main] o.h.e.j.e.i.JdbcEnvironmentInitiator     : Database ->
       name : Oracle
    version : Oracle Database 19c Enterprise Edition Release 19.0.0.0.0 - Production
Version 19.23.0.1.0
      major : 19
      minor : 0
2024-05-01T22:51:07.267-04:00 DEBUG 181167 --- [salessrv] [           main] o.h.e.j.e.i.JdbcEnvironmentInitiator     : Driver ->
       name : Oracle JDBC driver
    version : 21.9.0.0.0
      major : 21
      minor : 9
2024-05-01T22:51:07.267-04:00 DEBUG 181167 --- [salessrv] [           main] o.h.e.j.e.i.JdbcEnvironmentInitiator     : JDBC version : 4.3
2024-05-01T22:51:07.287-04:00  WARN 181167 --- [salessrv] [           main] org.hibernate.orm.deprecation            : HHH90000025: OracleDialect does not need to be specified explicitly using 'hibernate.dialect' (remove the property setting and it will be selected by default)
2024-05-01T22:51:07.287-04:00 DEBUG 181167 --- [salessrv] [           main] org.hibernate.orm.dialect                : HHH035001: Using dialect: org.hibernate.dialect.OracleDialect, version: 19.0
2024-05-01T22:51:07.368-04:00 DEBUG 181167 --- [salessrv] [           main] o.h.t.d.jdbc.spi.JdbcTypeRegistry        : addDescriptor(NCharTypeDescriptor) replaced previous registration(CharTypeDescriptor)
2024-05-01T22:51:07.368-04:00 DEBUG 181167 --- [salessrv] [           main] o.h.t.d.jdbc.spi.JdbcTypeRegistry        : addDescriptor(NVarcharTypeDescriptor) replaced previous registration(VarcharTypeDescriptor)
2024-05-01T22:51:07.368-04:00 DEBUG 181167 --- [salessrv] [           main] o.h.t.d.jdbc.spi.JdbcTypeRegistry        : addDescriptor(LongNVarcharTypeDescriptor) replaced previous registration(LongVarcharTypeDescriptor)
2024-05-01T22:51:07.368-04:00 DEBUG 181167 --- [salessrv] [           main] o.h.t.d.jdbc.spi.JdbcTypeRegistry        : addDescriptor(NClobTypeDescriptor(DEFAULT)) replaced previous registration(ClobTypeDescriptor(DEFAULT))
2024-05-01T22:51:07.368-04:00 DEBUG 181167 --- [salessrv] [           main] o.h.t.d.jdbc.spi.JdbcTypeRegistry        : addDescriptor(2005, ClobTypeDescriptor(STREAM_BINDING)) replaced previous registration(ClobTypeDescriptor(DEFAULT))
2024-05-01T22:51:07.368-04:00 DEBUG 181167 --- [salessrv] [           main] o.h.t.d.jdbc.spi.JdbcTypeRegistry        : addDescriptor(BooleanTypeDescriptor) replaced previous registration(BooleanTypeDescriptor)
2024-05-01T22:51:07.369-04:00 DEBUG 181167 --- [salessrv] [           main] org.hibernate.type.BasicTypeRegistry     : Adding type registration null -> org.hibernate.type.NullType@3d056418
2024-05-01T22:51:07.369-04:00 DEBUG 181167 --- [salessrv] [           main] org.hibernate.type.BasicTypeRegistry     : Type registration key [null] overrode previous entry : `org.hibernate.type.NullType@47fa3671`
2024-05-01T22:51:07.369-04:00 DEBUG 181167 --- [salessrv] [           main] org.hibernate.type.BasicTypeRegistry     : Adding type registration JAVA_OBJECT -> org.hibernate.type.JavaObjectType@769d0ef2
2024-05-01T22:51:07.369-04:00 DEBUG 181167 --- [salessrv] [           main] org.hibernate.type.BasicTypeRegistry     : Adding type registration java.lang.Object -> org.hibernate.type.JavaObjectType@769d0ef2
2024-05-01T22:51:07.369-04:00 DEBUG 181167 --- [salessrv] [           main] org.hibernate.type.BasicTypeRegistry     : Type registration key [java.lang.Object] overrode previous entry : `org.hibernate.type.JavaObjectType@42ff9a77`
2024-05-01T22:51:07.369-04:00 DEBUG 181167 --- [salessrv] [           main] org.hibernate.type.BasicTypeRegistry     : Adding type registration org.hibernate.type.DurationType -> basicType@22(java.time.Duration,3015)
2024-05-01T22:51:07.369-04:00 DEBUG 181167 --- [salessrv] [           main] org.hibernate.type.BasicTypeRegistry     : Adding type registration Duration -> basicType@22(java.time.Duration,3015)
2024-05-01T22:51:07.369-04:00 DEBUG 181167 --- [salessrv] [           main] org.hibernate.type.BasicTypeRegistry     : Adding type registration java.time.Duration -> basicType@22(java.time.Duration,3015)
2024-05-01T22:51:07.369-04:00 DEBUG 181167 --- [salessrv] [           main] o.h.type.spi.TypeConfiguration$Scope     : Scoping TypeConfiguration [org.hibernate.type.spi.TypeConfiguration@6d58ed12] to MetadataBuildingContext [org.hibernate.boot.internal.MetadataBuildingContextRootImpl@221ef0f0]
2024-05-01T22:51:07.369-04:00 DEBUG 181167 --- [salessrv] [           main] o.h.boot.model.relational.Namespace      : Created database namespace [logicalName=Name{catalog=null, schema=null}, physicalName=Name{catalog=null, schema=null}]
2024-05-01T22:51:07.370-04:00 DEBUG 181167 --- [salessrv] [           main] o.h.boot.model.internal.EntityBinder     : Binding entity from annotated class: com.example.salessrv.Product
2024-05-01T22:51:07.371-04:00 DEBUG 181167 --- [salessrv] [           main] o.h.boot.model.internal.EntityBinder     : Import with entity name Product
2024-05-01T22:51:07.371-04:00 DEBUG 181167 --- [salessrv] [           main] o.h.boot.model.internal.EntityBinder     : Bind entity com.example.salessrv.Product on table product
2024-05-01T22:51:07.374-04:00 DEBUG 181167 --- [salessrv] [           main] o.h.boot.model.internal.AnnotatedColumn  : Binding column: AnnotatedDiscriminatorColumn(column='DTYPE')
2024-05-01T22:51:07.378-04:00 DEBUG 181167 --- [salessrv] [           main] o.h.boot.model.internal.AnnotatedColumn  : Binding column: AnnotatedColumn(column='id')
2024-05-01T22:51:07.379-04:00 DEBUG 181167 --- [salessrv] [           main] o.h.boot.internal.ClassLoaderAccessImpl  : Not known whether passed class name [com.example.salessrv.Product] is safe
2024-05-01T22:51:07.379-04:00 DEBUG 181167 --- [salessrv] [           main] o.h.boot.internal.ClassLoaderAccessImpl  : No temp ClassLoader provided; using live ClassLoader for loading potentially unsafe class : com.example.salessrv.Product
2024-05-01T22:51:07.379-04:00 DEBUG 181167 --- [salessrv] [           main] o.h.boot.model.internal.PropertyBinder   : MetadataSourceProcessor property id with lazy=false
2024-05-01T22:51:07.379-04:00 DEBUG 181167 --- [salessrv] [           main] o.h.b.m.internal.AbstractPropertyHolder  : Attempting to locate auto-apply AttributeConverter for property [com.example.salessrv.Product:id]
2024-05-01T22:51:07.379-04:00 DEBUG 181167 --- [salessrv] [           main] o.h.b.model.internal.BasicValueBinder    : building BasicValue for id
2024-05-01T22:51:07.379-04:00 DEBUG 181167 --- [salessrv] [           main] org.hibernate.mapping.BasicValue         : Skipping column re-registration: product.id
2024-05-01T22:51:07.379-04:00 DEBUG 181167 --- [salessrv] [           main] o.h.boot.model.internal.PropertyBinder   : Building property id
2024-05-01T22:51:07.379-04:00 DEBUG 181167 --- [salessrv] [           main] o.h.boot.model.internal.BinderHelper     : #makeIdGenerator(BasicValue([Column(id)]), id, identity, , ...)
2024-05-01T22:51:07.379-04:00 DEBUG 181167 --- [salessrv] [           main] o.h.boot.model.internal.AnnotatedColumn  : Binding column: AnnotatedColumn(column='name')
2024-05-01T22:51:07.380-04:00 DEBUG 181167 --- [salessrv] [           main] o.h.boot.model.internal.PropertyBinder   : MetadataSourceProcessor property name with lazy=false
2024-05-01T22:51:07.380-04:00 DEBUG 181167 --- [salessrv] [           main] o.h.b.m.internal.AbstractPropertyHolder  : Attempting to locate auto-apply AttributeConverter for property [com.example.salessrv.Product:name]
2024-05-01T22:51:07.380-04:00 DEBUG 181167 --- [salessrv] [           main] o.h.b.model.internal.BasicValueBinder    : building BasicValue for name
2024-05-01T22:51:07.380-04:00 DEBUG 181167 --- [salessrv] [           main] org.hibernate.mapping.BasicValue         : Skipping column re-registration: product.name
2024-05-01T22:51:07.380-04:00 DEBUG 181167 --- [salessrv] [           main] o.h.boot.model.internal.PropertyBinder   : Building property name
2024-05-01T22:51:07.380-04:00 DEBUG 181167 --- [salessrv] [           main] o.h.boot.model.internal.AnnotatedColumn  : Binding column: AnnotatedColumn(column='price')
2024-05-01T22:51:07.380-04:00 DEBUG 181167 --- [salessrv] [           main] o.h.boot.model.internal.PropertyBinder   : MetadataSourceProcessor property price with lazy=false
2024-05-01T22:51:07.380-04:00 DEBUG 181167 --- [salessrv] [           main] o.h.b.m.internal.AbstractPropertyHolder  : Attempting to locate auto-apply AttributeConverter for property [com.example.salessrv.Product:price]
2024-05-01T22:51:07.380-04:00 DEBUG 181167 --- [salessrv] [           main] o.h.b.model.internal.BasicValueBinder    : building BasicValue for price
2024-05-01T22:51:07.380-04:00 DEBUG 181167 --- [salessrv] [           main] org.hibernate.mapping.BasicValue         : Skipping column re-registration: product.price
2024-05-01T22:51:07.380-04:00 DEBUG 181167 --- [salessrv] [           main] o.h.boot.model.internal.PropertyBinder   : Building property price
2024-05-01T22:51:07.381-04:00 DEBUG 181167 --- [salessrv] [           main] o.h.boot.model.internal.AnnotatedColumn  : Binding column: AnnotatedColumn(column='quantity')
2024-05-01T22:51:07.381-04:00 DEBUG 181167 --- [salessrv] [           main] o.h.boot.model.internal.PropertyBinder   : MetadataSourceProcessor property quantity with lazy=false
2024-05-01T22:51:07.381-04:00 DEBUG 181167 --- [salessrv] [           main] o.h.b.m.internal.AbstractPropertyHolder  : Attempting to locate auto-apply AttributeConverter for property [com.example.salessrv.Product:quantity]
2024-05-01T22:51:07.381-04:00 DEBUG 181167 --- [salessrv] [           main] o.h.b.model.internal.BasicValueBinder    : building BasicValue for quantity
2024-05-01T22:51:07.381-04:00 DEBUG 181167 --- [salessrv] [           main] org.hibernate.mapping.BasicValue         : Skipping column re-registration: product.quantity
2024-05-01T22:51:07.381-04:00 DEBUG 181167 --- [salessrv] [           main] o.h.boot.model.internal.PropertyBinder   : Building property quantity
2024-05-01T22:51:07.381-04:00 DEBUG 181167 --- [salessrv] [           main] o.h.boot.model.internal.AnnotatedColumn  : Binding column: AnnotatedJoinColumn(column='sale_id')
2024-05-01T22:51:07.382-04:00 DEBUG 181167 --- [salessrv] [           main] o.h.boot.model.internal.AnnotatedColumn  : Binding column: AnnotatedColumn()
2024-05-01T22:51:07.382-04:00 DEBUG 181167 --- [salessrv] [           main] o.h.boot.model.internal.PropertyBinder   : Building property sale
2024-05-01T22:51:07.383-04:00 DEBUG 181167 --- [salessrv] [           main] o.h.b.r.c.i.ClassLoaderServiceImpl       : HHH000194: Package not found or wo package-info.java: com.example.salessrv
2024-05-01T22:51:07.384-04:00 DEBUG 181167 --- [salessrv] [           main] o.h.boot.model.internal.EntityBinder     : Binding entity from annotated class: com.example.salessrv.model.Sale
2024-05-01T22:51:07.385-04:00 DEBUG 181167 --- [salessrv] [           main] o.h.boot.model.internal.EntityBinder     : Import with entity name Sale
2024-05-01T22:51:07.385-04:00 DEBUG 181167 --- [salessrv] [           main] o.h.boot.model.internal.EntityBinder     : Bind entity com.example.salessrv.model.Sale on table sale
2024-05-01T22:51:07.386-04:00 DEBUG 181167 --- [salessrv] [           main] o.h.boot.model.internal.AnnotatedColumn  : Binding column: AnnotatedDiscriminatorColumn(column='DTYPE')
2024-05-01T22:51:07.393-04:00 DEBUG 181167 --- [salessrv] [           main] o.h.boot.model.internal.AnnotatedColumn  : Binding column: AnnotatedColumn(column='id')
2024-05-01T22:51:07.393-04:00 DEBUG 181167 --- [salessrv] [           main] o.h.boot.internal.ClassLoaderAccessImpl  : Not known whether passed class name [com.example.salessrv.model.Sale] is safe
2024-05-01T22:51:07.393-04:00 DEBUG 181167 --- [salessrv] [           main] o.h.boot.internal.ClassLoaderAccessImpl  : No temp ClassLoader provided; using live ClassLoader for loading potentially unsafe class : com.example.salessrv.model.Sale
2024-05-01T22:51:07.393-04:00 DEBUG 181167 --- [salessrv] [           main] o.h.boot.model.internal.PropertyBinder   : MetadataSourceProcessor property id with lazy=false
2024-05-01T22:51:07.393-04:00 DEBUG 181167 --- [salessrv] [           main] o.h.b.m.internal.AbstractPropertyHolder  : Attempting to locate auto-apply AttributeConverter for property [com.example.salessrv.model.Sale:id]
2024-05-01T22:51:07.393-04:00 DEBUG 181167 --- [salessrv] [           main] o.h.b.model.internal.BasicValueBinder    : building BasicValue for id
2024-05-01T22:51:07.394-04:00 DEBUG 181167 --- [salessrv] [           main] org.hibernate.mapping.BasicValue         : Skipping column re-registration: sale.id
2024-05-01T22:51:07.394-04:00 DEBUG 181167 --- [salessrv] [           main] o.h.boot.model.internal.PropertyBinder   : Building property id
2024-05-01T22:51:07.394-04:00 DEBUG 181167 --- [salessrv] [           main] o.h.boot.model.internal.BinderHelper     : #makeIdGenerator(BasicValue([Column(id)]), id, identity, , ...)
2024-05-01T22:51:07.394-04:00 DEBUG 181167 --- [salessrv] [           main] o.h.boot.model.internal.AnnotatedColumn  : Binding column: AnnotatedJoinColumn()
2024-05-01T22:51:07.394-04:00 DEBUG 181167 --- [salessrv] [           main] o.h.boot.model.internal.AnnotatedColumn  : Binding column: AnnotatedColumn()
2024-05-01T22:51:07.395-04:00 DEBUG 181167 --- [salessrv] [           main] o.h.boot.model.internal.AnnotatedColumn  : Binding column: IndexColumn(column='products_ORDER')
2024-05-01T22:51:07.395-04:00 DEBUG 181167 --- [salessrv] [           main] o.h.boot.model.internal.AnnotatedColumn  : Binding column: AnnotatedColumn()
2024-05-01T22:51:07.395-04:00 DEBUG 181167 --- [salessrv] [           main] o.h.boot.model.internal.AnnotatedColumn  : Binding column: AnnotatedColumn(column='products_KEY')
2024-05-01T22:51:07.395-04:00 DEBUG 181167 --- [salessrv] [           main] o.h.boot.model.internal.AnnotatedColumn  : Binding column: AnnotatedJoinColumn(column='products_KEY')
2024-05-01T22:51:07.396-04:00 DEBUG 181167 --- [salessrv] [           main] o.h.boot.model.internal.AnnotatedColumn  : Binding column: AnnotatedJoinColumn()
2024-05-01T22:51:07.396-04:00 DEBUG 181167 --- [salessrv] [           main] o.h.boot.model.internal.AnnotatedColumn  : Binding column: AnnotatedJoinColumn()
2024-05-01T22:51:07.396-04:00 DEBUG 181167 --- [salessrv] [           main] o.h.b.model.internal.CollectionBinder    : Collection role: com.example.salessrv.model.Sale.products
2024-05-01T22:51:07.396-04:00 DEBUG 181167 --- [salessrv] [           main] o.h.boot.model.internal.PropertyBinder   : Building property products
2024-05-01T22:51:07.396-04:00 DEBUG 181167 --- [salessrv] [           main] o.h.boot.model.internal.AnnotatedColumn  : Binding column: AnnotatedColumn(column='sale_date')
2024-05-01T22:51:07.396-04:00 DEBUG 181167 --- [salessrv] [           main] o.h.boot.model.internal.PropertyBinder   : MetadataSourceProcessor property saleDate with lazy=false
2024-05-01T22:51:07.396-04:00 DEBUG 181167 --- [salessrv] [           main] o.h.b.m.internal.AbstractPropertyHolder  : Attempting to locate auto-apply AttributeConverter for property [com.example.salessrv.model.Sale:saleDate]
2024-05-01T22:51:07.396-04:00 DEBUG 181167 --- [salessrv] [           main] o.h.b.model.internal.BasicValueBinder    : building BasicValue for saleDate
2024-05-01T22:51:07.396-04:00 DEBUG 181167 --- [salessrv] [           main] org.hibernate.mapping.BasicValue         : Skipping column re-registration: sale.sale_date
2024-05-01T22:51:07.396-04:00 DEBUG 181167 --- [salessrv] [           main] o.h.boot.model.internal.PropertyBinder   : Building property saleDate
2024-05-01T22:51:07.397-04:00 DEBUG 181167 --- [salessrv] [           main] o.h.b.r.c.i.ClassLoaderServiceImpl       : HHH000194: Package not found or wo package-info.java: com.example.salessrv.model
2024-05-01T22:51:07.399-04:00 DEBUG 181167 --- [salessrv] [           main] o.h.b.model.internal.BasicValueBinder    : Starting `BasicValueBinder#fillSimpleValue` for id
2024-05-01T22:51:07.399-04:00 DEBUG 181167 --- [salessrv] [           main] o.h.b.model.internal.BasicValueBinder    : Starting `BasicValueBinder#fillSimpleValue` for name
2024-05-01T22:51:07.399-04:00 DEBUG 181167 --- [salessrv] [           main] o.h.b.model.internal.BasicValueBinder    : Starting `BasicValueBinder#fillSimpleValue` for price
2024-05-01T22:51:07.399-04:00 DEBUG 181167 --- [salessrv] [           main] o.h.b.model.internal.BasicValueBinder    : Starting `BasicValueBinder#fillSimpleValue` for quantity
2024-05-01T22:51:07.399-04:00 DEBUG 181167 --- [salessrv] [           main] o.h.b.model.internal.BasicValueBinder    : Starting `BasicValueBinder#fillSimpleValue` for id
2024-05-01T22:51:07.399-04:00 DEBUG 181167 --- [salessrv] [           main] o.h.b.model.internal.BasicValueBinder    : Starting `BasicValueBinder#fillSimpleValue` for saleDate
2024-05-01T22:51:07.399-04:00 DEBUG 181167 --- [salessrv] [           main] org.hibernate.mapping.PrimaryKey         : Forcing column [id] to be non-null as it is part of the primary key for table [product]
2024-05-01T22:51:07.399-04:00 DEBUG 181167 --- [salessrv] [           main] org.hibernate.mapping.PrimaryKey         : Forcing column [id] to be non-null as it is part of the primary key for table [sale]
2024-05-01T22:51:07.400-04:00 DEBUG 181167 --- [salessrv] [           main] o.h.b.m.internal.CollectionSecondPass    : Second pass for collection: com.example.salessrv.model.Sale.products
2024-05-01T22:51:07.400-04:00 DEBUG 181167 --- [salessrv] [           main] o.h.b.model.internal.CollectionBinder    : Binding a OneToMany: com.example.salessrv.model.Sale.products through a foreign key
[...]

   PulsarReactiveAutoConfiguration:
      Did not match:
         - @ConditionalOnClass did not find required class 'org.apache.pulsar.client.api.PulsarClient' (OnClassCondition)

   QuartzAutoConfiguration:
      Did not match:
         - @ConditionalOnClass did not find required class 'org.quartz.Scheduler' (OnClassCondition)

   R2dbcAutoConfiguration:
      Did not match:
         - @ConditionalOnClass did not find required class 'io.r2dbc.spi.ConnectionFactory' (OnClassCondition)

   R2dbcDataAutoConfiguration:
      Did not match:
         - @ConditionalOnClass did not find required class 'org.springframework.data.r2dbc.core.R2dbcEntityTemplate' (OnClassCondition)

   R2dbcInitializationConfiguration:
      Did not match:
         - @ConditionalOnClass did not find required classes 'io.r2dbc.spi.ConnectionFactory', 'org.springframework.r2dbc.connection.init.DatabasePopulator' (OnClassCondition)

   R2dbcRepositoriesAutoConfiguration:
      Did not match:
         - @ConditionalOnClass did not find required class 'io.r2dbc.spi.ConnectionFactory' (OnClassCondition)

   R2dbcTransactionManagerAutoConfiguration:
      Did not match:
         - @ConditionalOnClass did not find required class 'org.springframework.r2dbc.connection.R2dbcTransactionManager' (OnClassCondition)

   RSocketGraphQlClientAutoConfiguration:
      Did not match:
         - @ConditionalOnClass did not find required class 'graphql.GraphQL' (OnClassCondition)

   RSocketMessagingAutoConfiguration:
      Did not match:
         - @ConditionalOnClass did not find required class 'io.rsocket.RSocket' (OnClassCondition)

   RSocketRequesterAutoConfiguration:
      Did not match:
         - @ConditionalOnClass did not find required class 'io.rsocket.RSocket' (OnClassCondition)

   RSocketSecurityAutoConfiguration:
      Did not match:
         - @ConditionalOnClass did not find required class 'org.springframework.security.rsocket.core.SecuritySocketAcceptorInterceptor' (OnClassCondition)

   RSocketServerAutoConfiguration:
      Did not match:
         - @ConditionalOnClass did not find required class 'io.rsocket.core.RSocketServer' (OnClassCondition)

   RSocketStrategiesAutoConfiguration:
      Did not match:
         - @ConditionalOnClass did not find required class 'io.netty.buffer.PooledByteBufAllocator' (OnClassCondition)

   RabbitAutoConfiguration:
      Did not match:
         - @ConditionalOnClass did not find required class 'com.rabbitmq.client.Channel' (OnClassCondition)

   ReactiveElasticsearchClientAutoConfiguration:
      Did not match:
         - @ConditionalOnClass did not find required class 'co.elastic.clients.transport.ElasticsearchTransport' (OnClassCondition)

   ReactiveElasticsearchRepositoriesAutoConfiguration:
      Did not match:
         - @ConditionalOnClass did not find required class 'org.springframework.data.elasticsearch.client.elc.ReactiveElasticsearchClient' (OnClassCondition)

   ReactiveMultipartAutoConfiguration:
      Did not match:
         - @ConditionalOnClass did not find required class 'org.springframework.web.reactive.config.WebFluxConfigurer' (OnClassCondition)

   ReactiveOAuth2ClientAutoConfiguration:
      Did not match:
         - @ConditionalOnClass did not find required class 'reactor.core.publisher.Flux' (OnClassCondition)

   ReactiveOAuth2ResourceServerAutoConfiguration:
      Did not match:
         - @ConditionalOnClass did not find required class 'org.springframework.security.config.annotation.web.reactive.EnableWebFluxSecurity' (OnClassCondition)

   ReactiveSecurityAutoConfiguration:
      Did not match:
         - @ConditionalOnClass did not find required class 'reactor.core.publisher.Flux' (OnClassCondition)

   ReactiveUserDetailsServiceAutoConfiguration:
      Did not match:
         - @ConditionalOnClass did not find required class 'org.springframework.security.authentication.ReactiveAuthenticationManager' (OnClassCondition)

   ReactiveWebServerFactoryAutoConfiguration:
      Did not match:
         - @ConditionalOnWebApplication did not find reactive web application classes (OnWebApplicationCondition)

   ReactorAutoConfiguration:
      Did not match:
         - @ConditionalOnClass did not find required class 'reactor.core.publisher.Hooks' (OnClassCondition)

   RedisAutoConfiguration:
      Did not match:
         - @ConditionalOnClass did not find required class 'org.springframework.data.redis.core.RedisOperations' (OnClassCondition)

   RedisCacheConfiguration:
      Did not match:
         - @ConditionalOnClass did not find required class 'org.springframework.data.redis.connection.RedisConnectionFactory' (OnClassCondition)

   RedisReactiveAutoConfiguration:
      Did not match:
         - @ConditionalOnClass did not find required class 'reactor.core.publisher.Flux' (OnClassCondition)

   RedisRepositoriesAutoConfiguration:
      Did not match:
         - @ConditionalOnClass did not find required class 'org.springframework.data.redis.repository.configuration.EnableRedisRepositories' (OnClassCondition)

   RemoteDevToolsAutoConfiguration:
      Did not match:
         - @ConditionalOnProperty (spring.devtools.remote.secret) did not find property 'secret' (OnPropertyCondition)
      Matched:
         - @ConditionalOnClass found required classes 'jakarta.servlet.Filter', 'org.springframework.http.server.ServerHttpRequest' (OnClassCondition)

   RepositoryRestMvcAutoConfiguration:
      Did not match:
         - @ConditionalOnClass did not find required class 'org.springframework.data.rest.webmvc.config.RepositoryRestMvcConfiguration' (OnClassCondition)

   Saml2RelyingPartyAutoConfiguration:
      Did not match:
         - @ConditionalOnClass did not find required class 'org.springframework.security.saml2.provider.service.registration.RelyingPartyRegistrationRepository' (OnClassCondition)

   SecurityAutoConfiguration:
      Did not match:
         - @ConditionalOnClass did not find required class 'org.springframework.security.authentication.DefaultAuthenticationEventPublisher' (OnClassCondition)

   SecurityFilterAutoConfiguration:
      Did not match:
         - @ConditionalOnClass did not find required class 'org.springframework.security.config.http.SessionCreationPolicy' (OnClassCondition)

   SendGridAutoConfiguration:
      Did not match:
         - @ConditionalOnClass did not find required class 'com.sendgrid.SendGrid' (OnClassCondition)

   ServletWebServerFactoryAutoConfiguration.ForwardedHeaderFilterConfiguration:
      Did not match:
         - @ConditionalOnProperty (server.forward-headers-strategy=framework) did not find property 'server.forward-headers-strategy' (OnPropertyCondition)

   ServletWebServerFactoryConfiguration.EmbeddedJetty:
      Did not match:
         - @ConditionalOnClass did not find required classes 'org.eclipse.jetty.server.Server', 'org.eclipse.jetty.util.Loader', 'org.eclipse.jetty.ee10.webapp.WebAppContext' (OnClassCondition)

   ServletWebServerFactoryConfiguration.EmbeddedUndertow:
      Did not match:
         - @ConditionalOnClass did not find required classes 'io.undertow.Undertow', 'org.xnio.SslClientAuthMode' (OnClassCondition)

   SessionAutoConfiguration:
      Did not match:
         - @ConditionalOnClass did not find required class 'org.springframework.session.Session' (OnClassCondition)

   SpringApplicationAdminJmxAutoConfiguration:
      Did not match:
         - @ConditionalOnProperty (spring.application.admin.enabled=true) did not find property 'enabled' (OnPropertyCondition)

   TaskExecutorConfigurations.SimpleAsyncTaskExecutorBuilderConfiguration#simpleAsyncTaskExecutorBuilderVirtualThreads:
      Did not match:
         - @ConditionalOnMissingBean (types: org.springframework.boot.task.SimpleAsyncTaskExecutorBuilder; SearchStrategy: all) found beans of type 'org.springframework.boot.task.SimpleAsyncTaskExecutorBuilder' simpleAsyncTaskExecutorBuilder (OnBeanCondition)

   TaskExecutorConfigurations.TaskExecutorConfiguration#applicationTaskExecutorVirtualThreads:
      Did not match:
         - @ConditionalOnThreading did not find VIRTUAL (OnThreadingCondition)

   TaskSchedulingAutoConfiguration#scheduledBeanLazyInitializationExcludeFilter:
      Did not match:
         - @ConditionalOnBean (names: org.springframework.context.annotation.internalScheduledAnnotationProcessor; SearchStrategy: all) did not find any beans named org.springframework.context.annotation.internalScheduledAnnotationProcessor (OnBeanCondition)

   TaskSchedulingConfigurations.SimpleAsyncTaskSchedulerBuilderConfiguration#simpleAsyncTaskSchedulerBuilderVirtualThreads:
      Did not match:
         - @ConditionalOnMissingBean (types: org.springframework.boot.task.SimpleAsyncTaskSchedulerBuilder; SearchStrategy: all) found beans of type 'org.springframework.boot.task.SimpleAsyncTaskSchedulerBuilder' simpleAsyncTaskSchedulerBuilder (OnBeanCondition)

   TaskSchedulingConfigurations.TaskSchedulerConfiguration:
      Did not match:
         - @ConditionalOnBean (names: org.springframework.context.annotation.internalScheduledAnnotationProcessor; SearchStrategy: all) did not find any beans named org.springframework.context.annotation.internalScheduledAnnotationProcessor (OnBeanCondition)

   ThymeleafAutoConfiguration:
      Did not match:
         - @ConditionalOnClass did not find required class 'org.thymeleaf.spring6.SpringTemplateEngine' (OnClassCondition)

   TransactionAutoConfiguration#transactionalOperator:
      Did not match:
         - @ConditionalOnSingleCandidate (types: org.springframework.transaction.ReactiveTransactionManager; SearchStrategy: all) did not find any beans (OnBeanCondition)

   TransactionAutoConfiguration.AspectJTransactionManagementConfiguration:
      Did not match:
         - @ConditionalOnBean (types: org.springframework.transaction.aspectj.AbstractTransactionAspect; SearchStrategy: all) did not find any beans of type org.springframework.transaction.aspectj.AbstractTransactionAspect (OnBeanCondition)

   TransactionAutoConfiguration.EnableTransactionManagementConfiguration.JdkDynamicAutoProxyConfiguration:
      Did not match:
         - @ConditionalOnProperty (spring.aop.proxy-target-class=false) did not find property 'proxy-target-class' (OnPropertyCondition)

   UserDetailsServiceAutoConfiguration:
      Did not match:
         - @ConditionalOnClass did not find required class 'org.springframework.security.authentication.AuthenticationManager' (OnClassCondition)

   ValidationAutoConfiguration:
      Did not match:
         - @ConditionalOnClass did not find required class 'jakarta.validation.executable.ExecutableValidator' (OnClassCondition)

   WebClientAutoConfiguration:
      Did not match:
         - @ConditionalOnClass did not find required class 'org.springframework.web.reactive.function.client.WebClient' (OnClassCondition)

   WebFluxAutoConfiguration:
      Did not match:
         - @ConditionalOnClass did not find required class 'org.springframework.web.reactive.config.WebFluxConfigurer' (OnClassCondition)

   WebMvcAutoConfiguration#hiddenHttpMethodFilter:
      Did not match:
         - @ConditionalOnProperty (spring.mvc.hiddenmethod.filter.enabled) did not find property 'enabled' (OnPropertyCondition)

   WebMvcAutoConfiguration.ProblemDetailsErrorHandlingConfiguration:
      Did not match:
         - @ConditionalOnProperty (spring.mvc.problemdetails.enabled=true) did not find property 'enabled' (OnPropertyCondition)

   WebMvcAutoConfiguration.ResourceChainCustomizerConfiguration:
      Did not match:
         - @ConditionalOnEnabledResourceChain did not find class org.webjars.WebJarAssetLocator (OnEnabledResourceChainCondition)

   WebMvcAutoConfiguration.WebMvcAutoConfigurationAdapter#beanNameViewResolver:
      Did not match:
         - @ConditionalOnMissingBean (types: org.springframework.web.servlet.view.BeanNameViewResolver; SearchStrategy: all) found beans of type 'org.springframework.web.servlet.view.BeanNameViewResolver' beanNameViewResolver (OnBeanCondition)

   WebServiceTemplateAutoConfiguration:
      Did not match:
         - @ConditionalOnClass did not find required class 'org.springframework.oxm.Marshaller' (OnClassCondition)

   WebServicesAutoConfiguration:
      Did not match:
         - @ConditionalOnClass did not find required class 'org.springframework.ws.transport.http.MessageDispatcherServlet' (OnClassCondition)

   WebSessionIdResolverAutoConfiguration:
      Did not match:
         - @ConditionalOnClass did not find required class 'reactor.core.publisher.Mono' (OnClassCondition)

   WebSocketMessagingAutoConfiguration:
      Did not match:
         - @ConditionalOnClass did not find required class 'org.springframework.web.socket.config.annotation.WebSocketMessageBrokerConfigurer' (OnClassCondition)

   WebSocketReactiveAutoConfiguration:
      Did not match:
         - @ConditionalOnWebApplication did not find reactive web application classes (OnWebApplicationCondition)

   WebSocketServletAutoConfiguration.JettyWebSocketConfiguration:
      Did not match:
         - @ConditionalOnClass did not find required class 'org.eclipse.jetty.ee10.websocket.jakarta.server.config.JakartaWebSocketServletContainerInitializer' (OnClassCondition)

   WebSocketServletAutoConfiguration.UndertowWebSocketConfiguration:
      Did not match:
         - @ConditionalOnClass did not find required class 'io.undertow.websockets.jsr.Bootstrap' (OnClassCondition)

   XADataSourceAutoConfiguration:
      Did not match:
         - @ConditionalOnBean (types: org.springframework.boot.jdbc.XADataSourceWrapper; SearchStrategy: all) did not find any beans of type org.springframework.boot.jdbc.XADataSourceWrapper (OnBeanCondition)
      Matched:
         - @ConditionalOnClass found required classes 'javax.sql.DataSource', 'jakarta.transaction.TransactionManager', 'org.springframework.jdbc.datasource.embedded.EmbeddedDatabaseType' (OnClassCondition)


Exclusions:
-----------

    None


Unconditional classes:
----------------------

    org.springframework.boot.autoconfigure.context.ConfigurationPropertiesAutoConfiguration

    org.springframework.boot.autoconfigure.ssl.SslAutoConfiguration

    org.springframework.boot.autoconfigure.context.LifecycleAutoConfiguration

    org.springframework.boot.autoconfigure.context.PropertyPlaceholderAutoConfiguration

    org.springframework.boot.autoconfigure.availability.ApplicationAvailabilityAutoConfiguration

    org.springframework.boot.autoconfigure.info.ProjectInfoAutoConfiguration



2024-05-01T22:51:10.979-04:00  INFO 181167 --- [salessrv] [           main] c.e.salessrv.SalessrvApplicationTests    : Started SalessrvApplicationTests in 6.409 seconds (process running for 22.504)
2024-05-01T22:51:10.980-04:00 DEBUG 181167 --- [salessrv] [           main] o.s.b.a.ApplicationAvailabilityBean      : Application availability state LivenessState changed to CORRECT
2024-05-01T22:51:10.981-04:00 DEBUG 181167 --- [salessrv] [           main] o.s.b.a.ApplicationAvailabilityBean      : Application availability state ReadinessState changed to ACCEPTING_TRAFFIC
2024-05-01T22:51:10.982-04:00 DEBUG 181167 --- [salessrv] [           main] org.springframework.test.context.cache   : Spring test ApplicationContext cache statistics: [DefaultContextCache@701c413 size = 2, maxSize = 32, parentContextCount = 0, hitCount = 12, missCount = 2, failureCount = 0]
2024-05-01T22:51:10.982-04:00 DEBUG 181167 --- [salessrv] [           main] o.s.t.c.w.ServletTestExecutionListener   : Setting up MockHttpServletRequest, MockHttpServletResponse, ServletWebRequest, and RequestContextHolder for test class com.example.salessrv.SalessrvApplicationTests
2024-05-01T22:51:11.007-04:00 DEBUG 181167 --- [salessrv] [           main] DependencyInjectionTestExecutionListener : Performing dependency injection for test class com.example.salessrv.SalessrvApplicationTests
2024-05-01T22:51:11.008-04:00 DEBUG 181167 --- [salessrv] [           main] org.springframework.test.context.cache   : Spring test ApplicationContext cache statistics: [DefaultContextCache@701c413 size = 2, maxSize = 32, parentContextCount = 0, hitCount = 13, missCount = 2, failureCount = 0]
2024-05-01T22:51:11.008-04:00 DEBUG 181167 --- [salessrv] [           main] org.springframework.test.context.cache   : Spring test ApplicationContext cache statistics: [DefaultContextCache@701c413 size = 2, maxSize = 32, parentContextCount = 0, hitCount = 14, missCount = 2, failureCount = 0]
2024-05-01T22:51:11.011-04:00 DEBUG 181167 --- [salessrv] [           main] sContextBeforeModesTestExecutionListener : Before test method: class [SalessrvApplicationTests], method [contextLoads], class annotated with @DirtiesContext [false] with mode [null], method annotated with @DirtiesContext [false] with mode [null]
2024-05-01T22:51:11.012-04:00 DEBUG 181167 --- [salessrv] [           main] org.springframework.test.context.cache   : Spring test ApplicationContext cache statistics: [DefaultContextCache@701c413 size = 2, maxSize = 32, parentContextCount = 0, hitCount = 15, missCount = 2, failureCount = 0]
2024-05-01T22:51:11.012-04:00 DEBUG 181167 --- [salessrv] [           main] org.springframework.test.context.cache   : Spring test ApplicationContext cache statistics: [DefaultContextCache@701c413 size = 2, maxSize = 32, parentContextCount = 0, hitCount = 16, missCount = 2, failureCount = 0]
2024-05-01T22:51:11.017-04:00 DEBUG 181167 --- [salessrv] [           main] org.springframework.test.context.cache   : Spring test ApplicationContext cache statistics: [DefaultContextCache@701c413 size = 2, maxSize = 32, parentContextCount = 0, hitCount = 17, missCount = 2, failureCount = 0]
2024-05-01T22:51:11.018-04:00 DEBUG 181167 --- [salessrv] [           main] org.springframework.test.context.cache   : Spring test ApplicationContext cache statistics: [DefaultContextCache@701c413 size = 2, maxSize = 32, parentContextCount = 0, hitCount = 18, missCount = 2, failureCount = 0]
2024-05-01T22:51:11.019-04:00 DEBUG 181167 --- [salessrv] [           main] org.springframework.test.context.cache   : Spring test ApplicationContext cache statistics: [DefaultContextCache@701c413 size = 2, maxSize = 32, parentContextCount = 0, hitCount = 19, missCount = 2, failureCount = 0]
2024-05-01T22:51:11.019-04:00 DEBUG 181167 --- [salessrv] [           main] org.springframework.test.context.cache   : Spring test ApplicationContext cache statistics: [DefaultContextCache@701c413 size = 2, maxSize = 32, parentContextCount = 0, hitCount = 20, missCount = 2, failureCount = 0]
2024-05-01T22:51:11.019-04:00 DEBUG 181167 --- [salessrv] [           main] org.springframework.test.context.cache   : Spring test ApplicationContext cache statistics: [DefaultContextCache@701c413 size = 2, maxSize = 32, parentContextCount = 0, hitCount = 21, missCount = 2, failureCount = 0]
2024-05-01T22:51:11.021-04:00 DEBUG 181167 --- [salessrv] [           main] org.springframework.test.context.cache   : Spring test ApplicationContext cache statistics: [DefaultContextCache@701c413 size = 2, maxSize = 32, parentContextCount = 0, hitCount = 22, missCount = 2, failureCount = 0]
2024-05-01T22:51:11.024-04:00 DEBUG 181167 --- [salessrv] [           main] org.springframework.test.context.cache   : Spring test ApplicationContext cache statistics: [DefaultContextCache@701c413 size = 2, maxSize = 32, parentContextCount = 0, hitCount = 23, missCount = 2, failureCount = 0]
2024-05-01T22:51:11.024-04:00 DEBUG 181167 --- [salessrv] [           main] .c.s.DirtiesContextTestExecutionListener : After test method: class [SalessrvApplicationTests], method [contextLoads], class annotated with @DirtiesContext [false] with mode [null], method annotated with @DirtiesContext [false] with mode [null]
2024-05-01T22:51:11.024-04:00 DEBUG 181167 --- [salessrv] [           main] o.s.t.c.w.ServletTestExecutionListener   : Resetting RequestContextHolder for test class com.example.salessrv.SalessrvApplicationTests
]]></system-out>
  </testcase>
</testsuite>